[0.626s] DEBUG:colcon:Command line arguments: ['/usr/bin/colcon', 'build', '--symlink-install']
[0.627s] DEBUG:colcon:Parsed command line arguments: Namespace(log_base=None, log_level=None, verb_name='build', build_base='build', install_base='install', merge_install=False, symlink_install=True, test_result_base=None, continue_on_error=False, executor='parallel', parallel_workers=4, event_handlers=None, ignore_user_meta=False, metas=['./colcon.meta'], base_paths=['.'], packages_ignore=None, packages_ignore_regex=None, paths=None, packages_up_to=None, packages_up_to_regex=None, packages_above=None, packages_above_and_dependencies=None, packages_above_depth=None, packages_select_by_dep=None, packages_skip_by_dep=None, packages_skip_up_to=None, packages_select_build_failed=False, packages_skip_build_finished=False, packages_select_test_failures=False, packages_skip_test_passed=False, packages_select=None, packages_skip=None, packages_select_regex=None, packages_skip_regex=None, packages_start=None, packages_end=None, allow_overriding=[], cmake_args=None, cmake_target=None, cmake_target_skip_unavailable=False, cmake_clean_cache=False, cmake_clean_first=False, cmake_force_configure=False, ament_cmake_args=None, catkin_cmake_args=None, catkin_skip_building_tests=False, mixin_files=None, mixin=None, verb_parser=<colcon_mixin.mixin.mixin_argument.MixinArgumentDecorator object at 0xffff9c2e9a60>, verb_extension=<colcon_core.verb.build.BuildVerb object at 0xffff9cbf5d90>, main=<bound method BuildVerb.main of <colcon_core.verb.build.BuildVerb object at 0xffff9cbf5d90>>, mixin_verb=('build',))
[0.815s] Level 1:colcon.colcon_core.package_discovery:discover_packages(colcon_meta) check parameters
[0.816s] Level 1:colcon.colcon_core.package_discovery:discover_packages(recursive) check parameters
[0.816s] Level 1:colcon.colcon_core.package_discovery:discover_packages(ignore) check parameters
[0.816s] Level 1:colcon.colcon_core.package_discovery:discover_packages(path) check parameters
[0.816s] Level 1:colcon.colcon_core.package_discovery:discover_packages(colcon_meta) discover
[0.816s] Level 1:colcon.colcon_core.package_discovery:discover_packages(recursive) discover
[0.816s] INFO:colcon.colcon_core.package_discovery:Crawling recursively for packages in '/home/robotics/Robocon2025_R2/2025R2_ws'
[0.816s] Level 1:colcon.colcon_core.package_identification:_identify(.) by extensions ['ignore', 'ignore_ament_install']
[0.817s] Level 1:colcon.colcon_core.package_identification:_identify(.) by extension 'ignore'
[0.817s] Level 1:colcon.colcon_core.package_identification:_identify(.) by extension 'ignore_ament_install'
[0.817s] Level 1:colcon.colcon_core.package_identification:_identify(.) by extensions ['colcon_pkg']
[0.817s] Level 1:colcon.colcon_core.package_identification:_identify(.) by extension 'colcon_pkg'
[0.817s] Level 1:colcon.colcon_core.package_identification:_identify(.) by extensions ['colcon_meta']
[0.817s] Level 1:colcon.colcon_core.package_identification:_identify(.) by extension 'colcon_meta'
[0.817s] Level 1:colcon.colcon_core.package_identification:_identify(.) by extensions ['ros']
[0.817s] Level 1:colcon.colcon_core.package_identification:_identify(.) by extension 'ros'
[0.895s] Level 1:colcon.colcon_core.package_identification:_identify(.) by extensions ['cmake', 'python']
[0.895s] Level 1:colcon.colcon_core.package_identification:_identify(.) by extension 'cmake'
[0.895s] Level 1:colcon.colcon_core.package_identification:_identify(.) by extension 'python'
[0.895s] Level 1:colcon.colcon_core.package_identification:_identify(.) by extensions ['python_setup_py']
[0.895s] Level 1:colcon.colcon_core.package_identification:_identify(.) by extension 'python_setup_py'
[0.895s] Level 1:colcon.colcon_core.package_identification:_identify(build) by extensions ['ignore', 'ignore_ament_install']
[0.895s] Level 1:colcon.colcon_core.package_identification:_identify(build) by extension 'ignore'
[0.895s] Level 1:colcon.colcon_core.package_identification:_identify(build) ignored
[0.896s] Level 1:colcon.colcon_core.package_identification:_identify(install) by extensions ['ignore', 'ignore_ament_install']
[0.896s] Level 1:colcon.colcon_core.package_identification:_identify(install) by extension 'ignore'
[0.896s] Level 1:colcon.colcon_core.package_identification:_identify(install) ignored
[0.896s] Level 1:colcon.colcon_core.package_identification:_identify(log) by extensions ['ignore', 'ignore_ament_install']
[0.896s] Level 1:colcon.colcon_core.package_identification:_identify(log) by extension 'ignore'
[0.896s] Level 1:colcon.colcon_core.package_identification:_identify(log) ignored
[0.896s] Level 1:colcon.colcon_core.package_identification:_identify(src) by extensions ['ignore', 'ignore_ament_install']
[0.896s] Level 1:colcon.colcon_core.package_identification:_identify(src) by extension 'ignore'
[0.896s] Level 1:colcon.colcon_core.package_identification:_identify(src) by extension 'ignore_ament_install'
[0.896s] Level 1:colcon.colcon_core.package_identification:_identify(src) by extensions ['colcon_pkg']
[0.897s] Level 1:colcon.colcon_core.package_identification:_identify(src) by extension 'colcon_pkg'
[0.897s] Level 1:colcon.colcon_core.package_identification:_identify(src) by extensions ['colcon_meta']
[0.897s] Level 1:colcon.colcon_core.package_identification:_identify(src) by extension 'colcon_meta'
[0.897s] Level 1:colcon.colcon_core.package_identification:_identify(src) by extensions ['ros']
[0.897s] Level 1:colcon.colcon_core.package_identification:_identify(src) by extension 'ros'
[0.897s] Level 1:colcon.colcon_core.package_identification:_identify(src) by extensions ['cmake', 'python']
[0.897s] Level 1:colcon.colcon_core.package_identification:_identify(src) by extension 'cmake'
[0.897s] Level 1:colcon.colcon_core.package_identification:_identify(src) by extension 'python'
[0.897s] Level 1:colcon.colcon_core.package_identification:_identify(src) by extensions ['python_setup_py']
[0.897s] Level 1:colcon.colcon_core.package_identification:_identify(src) by extension 'python_setup_py'
[0.897s] Level 1:colcon.colcon_core.package_identification:_identify(src/damiao) by extensions ['ignore', 'ignore_ament_install']
[0.897s] Level 1:colcon.colcon_core.package_identification:_identify(src/damiao) by extension 'ignore'
[0.897s] Level 1:colcon.colcon_core.package_identification:_identify(src/damiao) by extension 'ignore_ament_install'
[0.897s] Level 1:colcon.colcon_core.package_identification:_identify(src/damiao) by extensions ['colcon_pkg']
[0.897s] Level 1:colcon.colcon_core.package_identification:_identify(src/damiao) by extension 'colcon_pkg'
[0.897s] Level 1:colcon.colcon_core.package_identification:_identify(src/damiao) by extensions ['colcon_meta']
[0.897s] Level 1:colcon.colcon_core.package_identification:_identify(src/damiao) by extension 'colcon_meta'
[0.898s] Level 1:colcon.colcon_core.package_identification:_identify(src/damiao) by extensions ['ros']
[0.898s] Level 1:colcon.colcon_core.package_identification:_identify(src/damiao) by extension 'ros'
[0.911s] DEBUG:colcon.colcon_core.package_identification:Package 'src/damiao' with type 'ros.ament_python' and name 'damiao'
[0.911s] Level 1:colcon.colcon_core.package_identification:_identify(src/navigation) by extensions ['ignore', 'ignore_ament_install']
[0.911s] Level 1:colcon.colcon_core.package_identification:_identify(src/navigation) by extension 'ignore'
[0.911s] Level 1:colcon.colcon_core.package_identification:_identify(src/navigation) by extension 'ignore_ament_install'
[0.911s] Level 1:colcon.colcon_core.package_identification:_identify(src/navigation) by extensions ['colcon_pkg']
[0.911s] Level 1:colcon.colcon_core.package_identification:_identify(src/navigation) by extension 'colcon_pkg'
[0.912s] Level 1:colcon.colcon_core.package_identification:_identify(src/navigation) by extensions ['colcon_meta']
[0.912s] Level 1:colcon.colcon_core.package_identification:_identify(src/navigation) by extension 'colcon_meta'
[0.912s] Level 1:colcon.colcon_core.package_identification:_identify(src/navigation) by extensions ['ros']
[0.912s] Level 1:colcon.colcon_core.package_identification:_identify(src/navigation) by extension 'ros'
[0.913s] DEBUG:colcon.colcon_core.package_identification:Package 'src/navigation' with type 'ros.ament_python' and name 'navigation'
[0.913s] Level 1:colcon.colcon_core.package_identification:_identify(src/ps4) by extensions ['ignore', 'ignore_ament_install']
[0.913s] Level 1:colcon.colcon_core.package_identification:_identify(src/ps4) by extension 'ignore'
[0.914s] Level 1:colcon.colcon_core.package_identification:_identify(src/ps4) by extension 'ignore_ament_install'
[0.914s] Level 1:colcon.colcon_core.package_identification:_identify(src/ps4) by extensions ['colcon_pkg']
[0.914s] Level 1:colcon.colcon_core.package_identification:_identify(src/ps4) by extension 'colcon_pkg'
[0.914s] Level 1:colcon.colcon_core.package_identification:_identify(src/ps4) by extensions ['colcon_meta']
[0.914s] Level 1:colcon.colcon_core.package_identification:_identify(src/ps4) by extension 'colcon_meta'
[0.914s] Level 1:colcon.colcon_core.package_identification:_identify(src/ps4) by extensions ['ros']
[0.914s] Level 1:colcon.colcon_core.package_identification:_identify(src/ps4) by extension 'ros'
[0.915s] DEBUG:colcon.colcon_core.package_identification:Package 'src/ps4' with type 'ros.ament_python' and name 'ps4'
[0.915s] Level 1:colcon.colcon_core.package_discovery:discover_packages(recursive) using defaults
[0.915s] Level 1:colcon.colcon_core.package_discovery:discover_packages(ignore) discover
[0.915s] Level 1:colcon.colcon_core.package_discovery:discover_packages(ignore) using defaults
[0.915s] Level 1:colcon.colcon_core.package_discovery:discover_packages(path) discover
[0.915s] Level 1:colcon.colcon_core.package_discovery:discover_packages(path) using defaults
[0.992s] Level 1:colcon.colcon_core.package_discovery:discover_packages(prefix_path) check parameters
[0.992s] Level 1:colcon.colcon_core.package_discovery:discover_packages(prefix_path) discover
[0.999s] DEBUG:colcon.colcon_installed_package_information.package_discovery:Found 285 installed packages in /opt/ros/jazzy
[1.001s] Level 1:colcon.colcon_core.package_discovery:discover_packages(prefix_path) using defaults
[1.068s] Level 5:colcon.colcon_core.verb:set package 'damiao' build argument 'cmake_args' from command line to 'None'
[1.069s] Level 5:colcon.colcon_core.verb:set package 'damiao' build argument 'cmake_target' from command line to 'None'
[1.069s] Level 5:colcon.colcon_core.verb:set package 'damiao' build argument 'cmake_target_skip_unavailable' from command line to 'False'
[1.069s] Level 5:colcon.colcon_core.verb:set package 'damiao' build argument 'cmake_clean_cache' from command line to 'False'
[1.069s] Level 5:colcon.colcon_core.verb:set package 'damiao' build argument 'cmake_clean_first' from command line to 'False'
[1.069s] Level 5:colcon.colcon_core.verb:set package 'damiao' build argument 'cmake_force_configure' from command line to 'False'
[1.069s] Level 5:colcon.colcon_core.verb:set package 'damiao' build argument 'ament_cmake_args' from command line to 'None'
[1.069s] Level 5:colcon.colcon_core.verb:set package 'damiao' build argument 'catkin_cmake_args' from command line to 'None'
[1.069s] Level 5:colcon.colcon_core.verb:set package 'damiao' build argument 'catkin_skip_building_tests' from command line to 'False'
[1.069s] DEBUG:colcon.colcon_core.verb:Building package 'damiao' with the following arguments: {'ament_cmake_args': None, 'build_base': '/home/robotics/Robocon2025_R2/2025R2_ws/build/damiao', 'catkin_cmake_args': None, 'catkin_skip_building_tests': False, 'cmake_args': None, 'cmake_clean_cache': False, 'cmake_clean_first': False, 'cmake_force_configure': False, 'cmake_target': None, 'cmake_target_skip_unavailable': False, 'install_base': '/home/robotics/Robocon2025_R2/2025R2_ws/install/damiao', 'merge_install': False, 'path': '/home/robotics/Robocon2025_R2/2025R2_ws/src/damiao', 'symlink_install': True, 'test_result_base': None}
[1.069s] Level 5:colcon.colcon_core.verb:set package 'navigation' build argument 'cmake_args' from command line to 'None'
[1.069s] Level 5:colcon.colcon_core.verb:set package 'navigation' build argument 'cmake_target' from command line to 'None'
[1.069s] Level 5:colcon.colcon_core.verb:set package 'navigation' build argument 'cmake_target_skip_unavailable' from command line to 'False'
[1.069s] Level 5:colcon.colcon_core.verb:set package 'navigation' build argument 'cmake_clean_cache' from command line to 'False'
[1.070s] Level 5:colcon.colcon_core.verb:set package 'navigation' build argument 'cmake_clean_first' from command line to 'False'
[1.070s] Level 5:colcon.colcon_core.verb:set package 'navigation' build argument 'cmake_force_configure' from command line to 'False'
[1.070s] Level 5:colcon.colcon_core.verb:set package 'navigation' build argument 'ament_cmake_args' from command line to 'None'
[1.070s] Level 5:colcon.colcon_core.verb:set package 'navigation' build argument 'catkin_cmake_args' from command line to 'None'
[1.070s] Level 5:colcon.colcon_core.verb:set package 'navigation' build argument 'catkin_skip_building_tests' from command line to 'False'
[1.070s] DEBUG:colcon.colcon_core.verb:Building package 'navigation' with the following arguments: {'ament_cmake_args': None, 'build_base': '/home/robotics/Robocon2025_R2/2025R2_ws/build/navigation', 'catkin_cmake_args': None, 'catkin_skip_building_tests': False, 'cmake_args': None, 'cmake_clean_cache': False, 'cmake_clean_first': False, 'cmake_force_configure': False, 'cmake_target': None, 'cmake_target_skip_unavailable': False, 'install_base': '/home/robotics/Robocon2025_R2/2025R2_ws/install/navigation', 'merge_install': False, 'path': '/home/robotics/Robocon2025_R2/2025R2_ws/src/navigation', 'symlink_install': True, 'test_result_base': None}
[1.070s] Level 5:colcon.colcon_core.verb:set package 'ps4' build argument 'cmake_args' from command line to 'None'
[1.070s] Level 5:colcon.colcon_core.verb:set package 'ps4' build argument 'cmake_target' from command line to 'None'
[1.070s] Level 5:colcon.colcon_core.verb:set package 'ps4' build argument 'cmake_target_skip_unavailable' from command line to 'False'
[1.070s] Level 5:colcon.colcon_core.verb:set package 'ps4' build argument 'cmake_clean_cache' from command line to 'False'
[1.070s] Level 5:colcon.colcon_core.verb:set package 'ps4' build argument 'cmake_clean_first' from command line to 'False'
[1.070s] Level 5:colcon.colcon_core.verb:set package 'ps4' build argument 'cmake_force_configure' from command line to 'False'
[1.070s] Level 5:colcon.colcon_core.verb:set package 'ps4' build argument 'ament_cmake_args' from command line to 'None'
[1.070s] Level 5:colcon.colcon_core.verb:set package 'ps4' build argument 'catkin_cmake_args' from command line to 'None'
[1.070s] Level 5:colcon.colcon_core.verb:set package 'ps4' build argument 'catkin_skip_building_tests' from command line to 'False'
[1.070s] DEBUG:colcon.colcon_core.verb:Building package 'ps4' with the following arguments: {'ament_cmake_args': None, 'build_base': '/home/robotics/Robocon2025_R2/2025R2_ws/build/ps4', 'catkin_cmake_args': None, 'catkin_skip_building_tests': False, 'cmake_args': None, 'cmake_clean_cache': False, 'cmake_clean_first': False, 'cmake_force_configure': False, 'cmake_target': None, 'cmake_target_skip_unavailable': False, 'install_base': '/home/robotics/Robocon2025_R2/2025R2_ws/install/ps4', 'merge_install': False, 'path': '/home/robotics/Robocon2025_R2/2025R2_ws/src/ps4', 'symlink_install': True, 'test_result_base': None}
[1.070s] INFO:colcon.colcon_core.executor:Executing jobs using 'parallel' executor
[1.072s] DEBUG:colcon.colcon_parallel_executor.executor.parallel:run_until_complete
[1.072s] INFO:colcon.colcon_ros.task.ament_python.build:Building ROS package in '/home/robotics/Robocon2025_R2/2025R2_ws/src/damiao' with build type 'ament_python'
[1.073s] Level 1:colcon.colcon_core.shell:create_environment_hook('damiao', 'ament_prefix_path')
[1.098s] INFO:colcon.colcon_core.plugin_system:Skipping extension 'colcon_core.shell.bat': Not used on non-Windows systems
[1.099s] INFO:colcon.colcon_core.shell:Creating environment hook '/home/robotics/Robocon2025_R2/2025R2_ws/install/damiao/share/damiao/hook/ament_prefix_path.ps1'
[1.108s] INFO:colcon.colcon_core.shell:Creating environment descriptor '/home/robotics/Robocon2025_R2/2025R2_ws/install/damiao/share/damiao/hook/ament_prefix_path.dsv'
[1.117s] INFO:colcon.colcon_core.shell:Creating environment hook '/home/robotics/Robocon2025_R2/2025R2_ws/install/damiao/share/damiao/hook/ament_prefix_path.sh'
[1.131s] INFO:colcon.colcon_core.shell:Skip shell extension 'powershell' for command environment: Not usable outside of PowerShell
[1.131s] DEBUG:colcon.colcon_core.shell:Skip shell extension 'dsv' for command environment
[1.138s] INFO:colcon.colcon_ros.task.ament_python.build:Building ROS package in '/home/robotics/Robocon2025_R2/2025R2_ws/src/navigation' with build type 'ament_python'
[1.138s] Level 1:colcon.colcon_core.shell:create_environment_hook('navigation', 'ament_prefix_path')
[1.139s] INFO:colcon.colcon_core.shell:Creating environment hook '/home/robotics/Robocon2025_R2/2025R2_ws/install/navigation/share/navigation/hook/ament_prefix_path.ps1'
[1.140s] INFO:colcon.colcon_core.shell:Creating environment descriptor '/home/robotics/Robocon2025_R2/2025R2_ws/install/navigation/share/navigation/hook/ament_prefix_path.dsv'
[1.155s] INFO:colcon.colcon_core.shell:Creating environment hook '/home/robotics/Robocon2025_R2/2025R2_ws/install/navigation/share/navigation/hook/ament_prefix_path.sh'
[1.157s] INFO:colcon.colcon_core.shell:Skip shell extension 'powershell' for command environment: Not usable outside of PowerShell
[1.157s] DEBUG:colcon.colcon_core.shell:Skip shell extension 'dsv' for command environment
[1.170s] INFO:colcon.colcon_ros.task.ament_python.build:Building ROS package in '/home/robotics/Robocon2025_R2/2025R2_ws/src/ps4' with build type 'ament_python'
[1.170s] Level 1:colcon.colcon_core.shell:create_environment_hook('ps4', 'ament_prefix_path')
[1.171s] INFO:colcon.colcon_core.shell:Creating environment hook '/home/robotics/Robocon2025_R2/2025R2_ws/install/ps4/share/ps4/hook/ament_prefix_path.ps1'
[1.179s] INFO:colcon.colcon_core.shell:Creating environment descriptor '/home/robotics/Robocon2025_R2/2025R2_ws/install/ps4/share/ps4/hook/ament_prefix_path.dsv'
[1.185s] INFO:colcon.colcon_core.shell:Creating environment hook '/home/robotics/Robocon2025_R2/2025R2_ws/install/ps4/share/ps4/hook/ament_prefix_path.sh'
[1.196s] INFO:colcon.colcon_core.shell:Skip shell extension 'powershell' for command environment: Not usable outside of PowerShell
[1.196s] DEBUG:colcon.colcon_core.shell:Skip shell extension 'dsv' for command environment
[3.943s] INFO:colcon.colcon_core.task.python.build:Building Python package in '/home/robotics/Robocon2025_R2/2025R2_ws/src/damiao'
[3.944s] INFO:colcon.colcon_core.shell:Skip shell extension 'powershell' for command environment: Not usable outside of PowerShell
[3.944s] DEBUG:colcon.colcon_core.shell:Skip shell extension 'dsv' for command environment
[5.148s] INFO:colcon.colcon_core.task.python.build:Building Python package in '/home/robotics/Robocon2025_R2/2025R2_ws/src/navigation'
[5.148s] INFO:colcon.colcon_core.shell:Skip shell extension 'powershell' for command environment: Not usable outside of PowerShell
[5.148s] DEBUG:colcon.colcon_core.shell:Skip shell extension 'dsv' for command environment
[5.568s] INFO:colcon.colcon_core.task.python.build:Building Python package in '/home/robotics/Robocon2025_R2/2025R2_ws/src/ps4'
[5.569s] INFO:colcon.colcon_core.shell:Skip shell extension 'powershell' for command environment: Not usable outside of PowerShell
[5.569s] DEBUG:colcon.colcon_core.shell:Skip shell extension 'dsv' for command environment
[7.283s] DEBUG:colcon.colcon_core.event_handler.log_command:Invoking command in '/home/robotics/Robocon2025_R2/2025R2_ws/build/navigation': DEBUGINFOD_URLS=https://debuginfod.ubuntu.com PS1=(venv) PYTHONPATH=/home/robotics/Robocon2025_R2/2025R2_ws/build/navigation/prefix_override:/usr/lib/python3/dist-packages/colcon_core/task/python/colcon_distutils_commands:/home/robotics/Robocon2025_R2/2025R2_ws/install/navigation/lib/python3.12/site-packages:${PYTHONPATH} /usr/bin/python3 -W ignore:setup.py install is deprecated -W ignore:easy_install command is deprecated setup.py develop --editable --build-directory /home/robotics/Robocon2025_R2/2025R2_ws/build/navigation/build --no-deps symlink_data
[7.298s] DEBUG:colcon.colcon_core.event_handler.log_command:Invoking command in '/home/robotics/Robocon2025_R2/2025R2_ws/build/ps4': DEBUGINFOD_URLS=https://debuginfod.ubuntu.com PS1=(venv) PYTHONPATH=/home/robotics/Robocon2025_R2/2025R2_ws/build/ps4/prefix_override:/usr/lib/python3/dist-packages/colcon_core/task/python/colcon_distutils_commands:/home/robotics/Robocon2025_R2/2025R2_ws/install/ps4/lib/python3.12/site-packages:${PYTHONPATH} /usr/bin/python3 -W ignore:setup.py install is deprecated -W ignore:easy_install command is deprecated setup.py develop --editable --build-directory /home/robotics/Robocon2025_R2/2025R2_ws/build/ps4/build --no-deps symlink_data
[7.332s] DEBUG:colcon.colcon_core.event_handler.log_command:Invoking command in '/home/robotics/Robocon2025_R2/2025R2_ws/build/damiao': DEBUGINFOD_URLS=https://debuginfod.ubuntu.com PS1=(venv) PYTHONPATH=/home/robotics/Robocon2025_R2/2025R2_ws/build/damiao/prefix_override:/usr/lib/python3/dist-packages/colcon_core/task/python/colcon_distutils_commands:/home/robotics/Robocon2025_R2/2025R2_ws/install/damiao/lib/python3.12/site-packages:${PYTHONPATH} /usr/bin/python3 -W ignore:setup.py install is deprecated -W ignore:easy_install command is deprecated setup.py develop --editable --build-directory /home/robotics/Robocon2025_R2/2025R2_ws/build/damiao/build --no-deps symlink_data
[8.953s] Level 1:colcon.colcon_core.shell:create_environment_hook('navigation', 'pythonpath_develop')
[8.954s] INFO:colcon.colcon_core.shell:Creating environment hook '/home/robotics/Robocon2025_R2/2025R2_ws/build/navigation/share/navigation/hook/pythonpath_develop.ps1'
[8.955s] INFO:colcon.colcon_core.shell:Creating environment descriptor '/home/robotics/Robocon2025_R2/2025R2_ws/build/navigation/share/navigation/hook/pythonpath_develop.dsv'
[8.954s] DEBUG:colcon.colcon_core.event_handler.log_command:Invoked command in '/home/robotics/Robocon2025_R2/2025R2_ws/build/navigation' returned '0': DEBUGINFOD_URLS=https://debuginfod.ubuntu.com PS1=(venv) PYTHONPATH=/home/robotics/Robocon2025_R2/2025R2_ws/build/navigation/prefix_override:/usr/lib/python3/dist-packages/colcon_core/task/python/colcon_distutils_commands:/home/robotics/Robocon2025_R2/2025R2_ws/install/navigation/lib/python3.12/site-packages:${PYTHONPATH} /usr/bin/python3 -W ignore:setup.py install is deprecated -W ignore:easy_install command is deprecated setup.py develop --editable --build-directory /home/robotics/Robocon2025_R2/2025R2_ws/build/navigation/build --no-deps symlink_data
[8.957s] INFO:colcon.colcon_core.shell:Creating environment hook '/home/robotics/Robocon2025_R2/2025R2_ws/build/navigation/share/navigation/hook/pythonpath_develop.sh'
[9.007s] Level 1:colcon.colcon_core.environment:checking '/home/robotics/Robocon2025_R2/2025R2_ws/install/navigation' for CMake module files
[9.010s] Level 1:colcon.colcon_core.environment:checking '/home/robotics/Robocon2025_R2/2025R2_ws/install/navigation' for CMake config files
[9.012s] Level 1:colcon.colcon_core.environment:checking '/home/robotics/Robocon2025_R2/2025R2_ws/install/navigation/lib'
[9.012s] Level 1:colcon.colcon_core.environment:checking '/home/robotics/Robocon2025_R2/2025R2_ws/install/navigation/bin'
[9.012s] Level 1:colcon.colcon_core.environment:checking '/home/robotics/Robocon2025_R2/2025R2_ws/install/navigation/lib/pkgconfig/navigation.pc'
[9.013s] Level 1:colcon.colcon_core.environment:checking '/home/robotics/Robocon2025_R2/2025R2_ws/install/navigation/lib/python3.12/site-packages'
[9.013s] Level 1:colcon.colcon_core.shell:create_environment_hook('navigation', 'pythonpath')
[9.014s] INFO:colcon.colcon_core.shell:Creating environment hook '/home/robotics/Robocon2025_R2/2025R2_ws/install/navigation/share/navigation/hook/pythonpath.ps1'
[9.016s] INFO:colcon.colcon_core.shell:Creating environment descriptor '/home/robotics/Robocon2025_R2/2025R2_ws/install/navigation/share/navigation/hook/pythonpath.dsv'
[9.018s] INFO:colcon.colcon_core.shell:Creating environment hook '/home/robotics/Robocon2025_R2/2025R2_ws/install/navigation/share/navigation/hook/pythonpath.sh'
[9.021s] Level 1:colcon.colcon_core.environment:checking '/home/robotics/Robocon2025_R2/2025R2_ws/install/navigation/bin'
[9.021s] Level 1:colcon.colcon_core.environment:create_environment_scripts_only(navigation)
[9.022s] INFO:colcon.colcon_core.shell:Creating package script '/home/robotics/Robocon2025_R2/2025R2_ws/install/navigation/share/navigation/package.ps1'
[9.025s] INFO:colcon.colcon_core.shell:Creating package descriptor '/home/robotics/Robocon2025_R2/2025R2_ws/install/navigation/share/navigation/package.dsv'
[9.028s] INFO:colcon.colcon_core.shell:Creating package script '/home/robotics/Robocon2025_R2/2025R2_ws/install/navigation/share/navigation/package.sh'
[9.031s] INFO:colcon.colcon_core.shell:Creating package script '/home/robotics/Robocon2025_R2/2025R2_ws/install/navigation/share/navigation/package.bash'
[9.035s] INFO:colcon.colcon_core.shell:Creating package script '/home/robotics/Robocon2025_R2/2025R2_ws/install/navigation/share/navigation/package.zsh'
[9.038s] Level 1:colcon.colcon_core.environment:create_file_with_runtime_dependencies(/home/robotics/Robocon2025_R2/2025R2_ws/install/navigation/share/colcon-core/packages/navigation)
[9.131s] Level 1:colcon.colcon_core.shell:create_environment_hook('ps4', 'pythonpath_develop')
[9.132s] INFO:colcon.colcon_core.shell:Creating environment hook '/home/robotics/Robocon2025_R2/2025R2_ws/build/ps4/share/ps4/hook/pythonpath_develop.ps1'
[9.133s] INFO:colcon.colcon_core.shell:Creating environment descriptor '/home/robotics/Robocon2025_R2/2025R2_ws/build/ps4/share/ps4/hook/pythonpath_develop.dsv'
[9.134s] DEBUG:colcon.colcon_core.event_handler.log_command:Invoked command in '/home/robotics/Robocon2025_R2/2025R2_ws/build/ps4' returned '0': DEBUGINFOD_URLS=https://debuginfod.ubuntu.com PS1=(venv) PYTHONPATH=/home/robotics/Robocon2025_R2/2025R2_ws/build/ps4/prefix_override:/usr/lib/python3/dist-packages/colcon_core/task/python/colcon_distutils_commands:/home/robotics/Robocon2025_R2/2025R2_ws/install/ps4/lib/python3.12/site-packages:${PYTHONPATH} /usr/bin/python3 -W ignore:setup.py install is deprecated -W ignore:easy_install command is deprecated setup.py develop --editable --build-directory /home/robotics/Robocon2025_R2/2025R2_ws/build/ps4/build --no-deps symlink_data
[9.134s] INFO:colcon.colcon_core.shell:Creating environment hook '/home/robotics/Robocon2025_R2/2025R2_ws/build/ps4/share/ps4/hook/pythonpath_develop.sh'
[9.136s] Level 1:colcon.colcon_core.environment:checking '/home/robotics/Robocon2025_R2/2025R2_ws/install/ps4' for CMake module files
[9.138s] Level 1:colcon.colcon_core.environment:checking '/home/robotics/Robocon2025_R2/2025R2_ws/install/ps4' for CMake config files
[9.139s] Level 1:colcon.colcon_core.environment:checking '/home/robotics/Robocon2025_R2/2025R2_ws/install/ps4/lib'
[9.139s] Level 1:colcon.colcon_core.environment:checking '/home/robotics/Robocon2025_R2/2025R2_ws/install/ps4/bin'
[9.140s] Level 1:colcon.colcon_core.environment:checking '/home/robotics/Robocon2025_R2/2025R2_ws/install/ps4/lib/pkgconfig/ps4.pc'
[9.140s] Level 1:colcon.colcon_core.environment:checking '/home/robotics/Robocon2025_R2/2025R2_ws/install/ps4/lib/python3.12/site-packages'
[9.140s] Level 1:colcon.colcon_core.shell:create_environment_hook('ps4', 'pythonpath')
[9.141s] INFO:colcon.colcon_core.shell:Creating environment hook '/home/robotics/Robocon2025_R2/2025R2_ws/install/ps4/share/ps4/hook/pythonpath.ps1'
[9.142s] INFO:colcon.colcon_core.shell:Creating environment descriptor '/home/robotics/Robocon2025_R2/2025R2_ws/install/ps4/share/ps4/hook/pythonpath.dsv'
[9.145s] INFO:colcon.colcon_core.shell:Creating environment hook '/home/robotics/Robocon2025_R2/2025R2_ws/install/ps4/share/ps4/hook/pythonpath.sh'
[9.147s] Level 1:colcon.colcon_core.environment:checking '/home/robotics/Robocon2025_R2/2025R2_ws/install/ps4/bin'
[9.147s] Level 1:colcon.colcon_core.environment:create_environment_scripts_only(ps4)
[9.148s] INFO:colcon.colcon_core.shell:Creating package script '/home/robotics/Robocon2025_R2/2025R2_ws/install/ps4/share/ps4/package.ps1'
[9.151s] INFO:colcon.colcon_core.shell:Creating package descriptor '/home/robotics/Robocon2025_R2/2025R2_ws/install/ps4/share/ps4/package.dsv'
[9.153s] INFO:colcon.colcon_core.shell:Creating package script '/home/robotics/Robocon2025_R2/2025R2_ws/install/ps4/share/ps4/package.sh'
[9.156s] INFO:colcon.colcon_core.shell:Creating package script '/home/robotics/Robocon2025_R2/2025R2_ws/install/ps4/share/ps4/package.bash'
[9.159s] INFO:colcon.colcon_core.shell:Creating package script '/home/robotics/Robocon2025_R2/2025R2_ws/install/ps4/share/ps4/package.zsh'
[9.160s] Level 1:colcon.colcon_core.environment:create_file_with_runtime_dependencies(/home/robotics/Robocon2025_R2/2025R2_ws/install/ps4/share/colcon-core/packages/ps4)
[9.362s] Level 1:colcon.colcon_core.shell:create_environment_hook('damiao', 'pythonpath_develop')
[9.363s] INFO:colcon.colcon_core.shell:Creating environment hook '/home/robotics/Robocon2025_R2/2025R2_ws/build/damiao/share/damiao/hook/pythonpath_develop.ps1'
[9.363s] DEBUG:colcon.colcon_core.event_handler.log_command:Invoked command in '/home/robotics/Robocon2025_R2/2025R2_ws/build/damiao' returned '0': DEBUGINFOD_URLS=https://debuginfod.ubuntu.com PS1=(venv) PYTHONPATH=/home/robotics/Robocon2025_R2/2025R2_ws/build/damiao/prefix_override:/usr/lib/python3/dist-packages/colcon_core/task/python/colcon_distutils_commands:/home/robotics/Robocon2025_R2/2025R2_ws/install/damiao/lib/python3.12/site-packages:${PYTHONPATH} /usr/bin/python3 -W ignore:setup.py install is deprecated -W ignore:easy_install command is deprecated setup.py develop --editable --build-directory /home/robotics/Robocon2025_R2/2025R2_ws/build/damiao/build --no-deps symlink_data
[9.364s] INFO:colcon.colcon_core.shell:Creating environment descriptor '/home/robotics/Robocon2025_R2/2025R2_ws/build/damiao/share/damiao/hook/pythonpath_develop.dsv'
[9.366s] INFO:colcon.colcon_core.shell:Creating environment hook '/home/robotics/Robocon2025_R2/2025R2_ws/build/damiao/share/damiao/hook/pythonpath_develop.sh'
[9.372s] Level 1:colcon.colcon_core.environment:checking '/home/robotics/Robocon2025_R2/2025R2_ws/install/damiao' for CMake module files
[9.376s] Level 1:colcon.colcon_core.environment:checking '/home/robotics/Robocon2025_R2/2025R2_ws/install/damiao' for CMake config files
[9.379s] Level 1:colcon.colcon_core.environment:checking '/home/robotics/Robocon2025_R2/2025R2_ws/install/damiao/lib'
[9.379s] Level 1:colcon.colcon_core.environment:checking '/home/robotics/Robocon2025_R2/2025R2_ws/install/damiao/bin'
[9.379s] Level 1:colcon.colcon_core.environment:checking '/home/robotics/Robocon2025_R2/2025R2_ws/install/damiao/lib/pkgconfig/damiao.pc'
[9.380s] Level 1:colcon.colcon_core.environment:checking '/home/robotics/Robocon2025_R2/2025R2_ws/install/damiao/lib/python3.12/site-packages'
[9.380s] Level 1:colcon.colcon_core.shell:create_environment_hook('damiao', 'pythonpath')
[9.380s] INFO:colcon.colcon_core.shell:Creating environment hook '/home/robotics/Robocon2025_R2/2025R2_ws/install/damiao/share/damiao/hook/pythonpath.ps1'
[9.381s] INFO:colcon.colcon_core.shell:Creating environment descriptor '/home/robotics/Robocon2025_R2/2025R2_ws/install/damiao/share/damiao/hook/pythonpath.dsv'
[9.384s] INFO:colcon.colcon_core.shell:Creating environment hook '/home/robotics/Robocon2025_R2/2025R2_ws/install/damiao/share/damiao/hook/pythonpath.sh'
[9.388s] Level 1:colcon.colcon_core.environment:checking '/home/robotics/Robocon2025_R2/2025R2_ws/install/damiao/bin'
[9.388s] Level 1:colcon.colcon_core.environment:create_environment_scripts_only(damiao)
[9.389s] INFO:colcon.colcon_core.shell:Creating package script '/home/robotics/Robocon2025_R2/2025R2_ws/install/damiao/share/damiao/package.ps1'
[9.391s] INFO:colcon.colcon_core.shell:Creating package descriptor '/home/robotics/Robocon2025_R2/2025R2_ws/install/damiao/share/damiao/package.dsv'
[9.399s] INFO:colcon.colcon_core.shell:Creating package script '/home/robotics/Robocon2025_R2/2025R2_ws/install/damiao/share/damiao/package.sh'
[9.408s] INFO:colcon.colcon_core.shell:Creating package script '/home/robotics/Robocon2025_R2/2025R2_ws/install/damiao/share/damiao/package.bash'
[9.409s] INFO:colcon.colcon_core.shell:Creating package script '/home/robotics/Robocon2025_R2/2025R2_ws/install/damiao/share/damiao/package.zsh'
[9.411s] Level 1:colcon.colcon_core.environment:create_file_with_runtime_dependencies(/home/robotics/Robocon2025_R2/2025R2_ws/install/damiao/share/colcon-core/packages/damiao)
[9.414s] DEBUG:colcon.colcon_parallel_executor.executor.parallel:closing loop
[9.416s] DEBUG:colcon.colcon_parallel_executor.executor.parallel:loop closed
[9.416s] DEBUG:colcon.colcon_parallel_executor.executor.parallel:run_until_complete finished with '0'
[9.417s] DEBUG:colcon.colcon_core.event_reactor:joining thread
[9.442s] INFO:colcon.colcon_core.plugin_system:Skipping extension 'colcon_notification.desktop_notification.terminal_notifier': Not used on non-Darwin systems
[9.443s] INFO:colcon.colcon_core.plugin_system:Skipping extension 'colcon_notification.desktop_notification.win32': Not used on non-Windows systems
[9.443s] INFO:colcon.colcon_notification.desktop_notification:Sending desktop notification using 'notify2'
[9.490s] DEBUG:colcon.colcon_core.event_reactor:joined thread
[9.491s] INFO:colcon.colcon_core.shell:Creating prefix script '/home/robotics/Robocon2025_R2/2025R2_ws/install/local_setup.ps1'
[9.493s] INFO:colcon.colcon_core.shell:Creating prefix util module '/home/robotics/Robocon2025_R2/2025R2_ws/install/_local_setup_util_ps1.py'
[9.497s] INFO:colcon.colcon_core.shell:Creating prefix chain script '/home/robotics/Robocon2025_R2/2025R2_ws/install/setup.ps1'
[9.500s] INFO:colcon.colcon_core.shell:Creating prefix script '/home/robotics/Robocon2025_R2/2025R2_ws/install/local_setup.sh'
[9.503s] INFO:colcon.colcon_core.shell:Creating prefix util module '/home/robotics/Robocon2025_R2/2025R2_ws/install/_local_setup_util_sh.py'
[9.506s] INFO:colcon.colcon_core.shell:Creating prefix chain script '/home/robotics/Robocon2025_R2/2025R2_ws/install/setup.sh'
[9.511s] INFO:colcon.colcon_core.shell:Creating prefix script '/home/robotics/Robocon2025_R2/2025R2_ws/install/local_setup.bash'
[9.513s] INFO:colcon.colcon_core.shell:Creating prefix chain script '/home/robotics/Robocon2025_R2/2025R2_ws/install/setup.bash'
[9.516s] INFO:colcon.colcon_core.shell:Creating prefix script '/home/robotics/Robocon2025_R2/2025R2_ws/install/local_setup.zsh'
[9.522s] INFO:colcon.colcon_core.shell:Creating prefix chain script '/home/robotics/Robocon2025_R2/2025R2_ws/install/setup.zsh'
