[3.407s] Invoking command in '/home/robotics/Robocon2025_R2/2025R2_ws/build/ps4': DEBUGINFOD_URLS=https://debuginfod.ubuntu.com PS1=(venv) PYTHONPATH=/home/robotics/Robocon2025_R2/2025R2_ws/build/ps4/prefix_override:/usr/lib/python3/dist-packages/colcon_core/task/python/colcon_distutils_commands:/home/robotics/Robocon2025_R2/2025R2_ws/install/ps4/lib/python3.12/site-packages:${PYTHONPATH} /usr/bin/python3 -W ignore:setup.py install is deprecated -W ignore:easy_install command is deprecated setup.py develop --editable --build-directory /home/robotics/Robocon2025_R2/2025R2_ws/build/ps4/build --no-deps symlink_data
[4.065s] running develop
[4.338s] /usr/lib/python3/dist-packages/setuptools/command/easy_install.py:363: UserWarning: Unbuilt egg for pytest-repeat [unknown version] (/usr/lib/python3/dist-packages)
[4.338s]   self.local_index = Environment(self.shadow_path + sys.path)
[4.407s] running egg_info
[4.433s] writing ps4.egg-info/PKG-INFO
[4.433s] writing dependency_links to ps4.egg-info/dependency_links.txt
[4.434s] writing entry points to ps4.egg-info/entry_points.txt
[4.434s] writing requirements to ps4.egg-info/requires.txt
[4.434s] writing top-level names to ps4.egg-info/top_level.txt
[4.511s] reading manifest file 'ps4.egg-info/SOURCES.txt'
[4.512s] writing manifest file 'ps4.egg-info/SOURCES.txt'
[4.543s] running build_ext
[4.543s] Creating /home/robotics/Robocon2025_R2/2025R2_ws/install/ps4/lib/python3.12/site-packages/ps4.egg-link (link to .)
[4.548s] Installing ps4_publisher script to /home/robotics/Robocon2025_R2/2025R2_ws/install/ps4/lib/ps4
[4.549s] Installing ps4_subscriber script to /home/robotics/Robocon2025_R2/2025R2_ws/install/ps4/lib/ps4
[4.551s] 
[4.551s] Installed /home/robotics/Robocon2025_R2/2025R2_ws/build/ps4
[4.551s] running symlink_data
[4.787s] Invoked command in '/home/robotics/Robocon2025_R2/2025R2_ws/build/ps4' returned '0': DEBUGINFOD_URLS=https://debuginfod.ubuntu.com PS1=(venv) PYTHONPATH=/home/robotics/Robocon2025_R2/2025R2_ws/build/ps4/prefix_override:/usr/lib/python3/dist-packages/colcon_core/task/python/colcon_distutils_commands:/home/robotics/Robocon2025_R2/2025R2_ws/install/ps4/lib/python3.12/site-packages:${PYTHONPATH} /usr/bin/python3 -W ignore:setup.py install is deprecated -W ignore:easy_install command is deprecated setup.py develop --editable --build-directory /home/robotics/Robocon2025_R2/2025R2_ws/build/ps4/build --no-deps symlink_data
