[4.284s] Invoking command in '/home/eric/Robocon2025_R2/2025R2_ws/build/ps4': DEBUGINFOD_URLS=https://debuginfod.ubuntu.com PYTHONPATH=/home/eric/Robocon2025_R2/2025R2_ws/build/ps4/prefix_override:/usr/lib/python3/dist-packages/colcon_core/task/python/colcon_distutils_commands:/home/eric/Robocon2025_R2/2025R2_ws/install/ps4/lib/python3.12/site-packages:${PYTHONPATH} /usr/bin/python3 -W ignore:setup.py install is deprecated -W ignore:easy_install command is deprecated setup.py develop --editable --build-directory /home/eric/Robocon2025_R2/2025R2_ws/build/ps4/build --no-deps symlink_data
[5.384s] running develop
[6.050s] running egg_info
[6.115s] writing ps4.egg-info/PKG-INFO
[6.115s] writing dependency_links to ps4.egg-info/dependency_links.txt
[6.116s] writing entry points to ps4.egg-info/entry_points.txt
[6.117s] writing requirements to ps4.egg-info/requires.txt
[6.118s] writing top-level names to ps4.egg-info/top_level.txt
[6.246s] reading manifest file 'ps4.egg-info/SOURCES.txt'
[6.248s] writing manifest file 'ps4.egg-info/SOURCES.txt'
[6.319s] running build_ext
[6.319s] Creating /home/eric/Robocon2025_R2/2025R2_ws/install/ps4/lib/python3.12/site-packages/ps4.egg-link (link to .)
[6.320s] Installing ps4_publisher script to /home/eric/Robocon2025_R2/2025R2_ws/install/ps4/lib/ps4
[6.325s] Installing ps4_subscriber script to /home/eric/Robocon2025_R2/2025R2_ws/install/ps4/lib/ps4
[6.327s] 
[6.327s] Installed /home/eric/Robocon2025_R2/2025R2_ws/build/ps4
[6.328s] running symlink_data
[6.329s] creating /home/eric/Robocon2025_R2/2025R2_ws/install/ps4/share/ament_index
[6.331s] creating /home/eric/Robocon2025_R2/2025R2_ws/install/ps4/share/ament_index/resource_index
[6.331s] creating /home/eric/Robocon2025_R2/2025R2_ws/install/ps4/share/ament_index/resource_index/packages
[6.332s] symbolically linking /home/eric/Robocon2025_R2/2025R2_ws/build/ps4/resource/ps4 -> /home/eric/Robocon2025_R2/2025R2_ws/install/ps4/share/ament_index/resource_index/packages
[6.335s] symbolically linking /home/eric/Robocon2025_R2/2025R2_ws/build/ps4/package.xml -> /home/eric/Robocon2025_R2/2025R2_ws/install/ps4/share/ps4
[6.556s] Invoked command in '/home/eric/Robocon2025_R2/2025R2_ws/build/ps4' returned '0': DEBUGINFOD_URLS=https://debuginfod.ubuntu.com PYTHONPATH=/home/eric/Robocon2025_R2/2025R2_ws/build/ps4/prefix_override:/usr/lib/python3/dist-packages/colcon_core/task/python/colcon_distutils_commands:/home/eric/Robocon2025_R2/2025R2_ws/install/ps4/lib/python3.12/site-packages:${PYTHONPATH} /usr/bin/python3 -W ignore:setup.py install is deprecated -W ignore:easy_install command is deprecated setup.py develop --editable --build-directory /home/eric/Robocon2025_R2/2025R2_ws/build/ps4/build --no-deps symlink_data
