[0.149s] DEBUG:colcon:Command line arguments: ['/usr/bin/colcon', 'build', '--symlink-install']
[0.149s] DEBUG:colcon:Parsed command line arguments: Namespace(log_base=None, log_level=None, verb_name='build', build_base='build', install_base='install', merge_install=False, symlink_install=True, test_result_base=None, continue_on_error=False, executor='parallel', parallel_workers=4, event_handlers=None, ignore_user_meta=False, metas=['./colcon.meta'], base_paths=['.'], packages_ignore=None, packages_ignore_regex=None, paths=None, packages_up_to=None, packages_up_to_regex=None, packages_above=None, packages_above_and_dependencies=None, packages_above_depth=None, packages_select_by_dep=None, packages_skip_by_dep=None, packages_skip_up_to=None, packages_select_build_failed=False, packages_skip_build_finished=False, packages_select_test_failures=False, packages_skip_test_passed=False, packages_select=None, packages_skip=None, packages_select_regex=None, packages_skip_regex=None, packages_start=None, packages_end=None, allow_overriding=[], cmake_args=None, cmake_target=None, cmake_target_skip_unavailable=False, cmake_clean_cache=False, cmake_clean_first=False, cmake_force_configure=False, ament_cmake_args=None, catkin_cmake_args=None, catkin_skip_building_tests=False, verb_parser=<colcon_defaults.argument_parser.defaults.DefaultArgumentsDecorator object at 0xffff9a302c00>, verb_extension=<colcon_core.verb.build.BuildVerb object at 0xffff9a302a20>, main=<bound method BuildVerb.main of <colcon_core.verb.build.BuildVerb object at 0xffff9a302a20>>)
[0.208s] Level 1:colcon.colcon_core.package_discovery:discover_packages(colcon_meta) check parameters
[0.208s] Level 1:colcon.colcon_core.package_discovery:discover_packages(recursive) check parameters
[0.208s] Level 1:colcon.colcon_core.package_discovery:discover_packages(ignore) check parameters
[0.208s] Level 1:colcon.colcon_core.package_discovery:discover_packages(path) check parameters
[0.208s] Level 1:colcon.colcon_core.package_discovery:discover_packages(colcon_meta) discover
[0.208s] Level 1:colcon.colcon_core.package_discovery:discover_packages(recursive) discover
[0.208s] INFO:colcon.colcon_core.package_discovery:Crawling recursively for packages in '/home/eric/2025R2_ws'
[0.209s] Level 1:colcon.colcon_core.package_identification:_identify(.) by extensions ['ignore', 'ignore_ament_install']
[0.209s] Level 1:colcon.colcon_core.package_identification:_identify(.) by extension 'ignore'
[0.209s] Level 1:colcon.colcon_core.package_identification:_identify(.) by extension 'ignore_ament_install'
[0.209s] Level 1:colcon.colcon_core.package_identification:_identify(.) by extensions ['colcon_pkg']
[0.209s] Level 1:colcon.colcon_core.package_identification:_identify(.) by extension 'colcon_pkg'
[0.209s] Level 1:colcon.colcon_core.package_identification:_identify(.) by extensions ['colcon_meta']
[0.209s] Level 1:colcon.colcon_core.package_identification:_identify(.) by extension 'colcon_meta'
[0.209s] Level 1:colcon.colcon_core.package_identification:_identify(.) by extensions ['ros']
[0.209s] Level 1:colcon.colcon_core.package_identification:_identify(.) by extension 'ros'
[0.247s] Level 1:colcon.colcon_core.package_identification:_identify(.) by extensions ['cmake', 'python']
[0.247s] Level 1:colcon.colcon_core.package_identification:_identify(.) by extension 'cmake'
[0.247s] Level 1:colcon.colcon_core.package_identification:_identify(.) by extension 'python'
[0.247s] Level 1:colcon.colcon_core.package_identification:_identify(.) by extensions ['python_setup_py']
[0.247s] Level 1:colcon.colcon_core.package_identification:_identify(.) by extension 'python_setup_py'
[0.247s] Level 1:colcon.colcon_core.package_identification:_identify(build) by extensions ['ignore', 'ignore_ament_install']
[0.248s] Level 1:colcon.colcon_core.package_identification:_identify(build) by extension 'ignore'
[0.248s] Level 1:colcon.colcon_core.package_identification:_identify(build) ignored
[0.248s] Level 1:colcon.colcon_core.package_identification:_identify(install) by extensions ['ignore', 'ignore_ament_install']
[0.248s] Level 1:colcon.colcon_core.package_identification:_identify(install) by extension 'ignore'
[0.248s] Level 1:colcon.colcon_core.package_identification:_identify(install) ignored
[0.248s] Level 1:colcon.colcon_core.package_identification:_identify(log) by extensions ['ignore', 'ignore_ament_install']
[0.248s] Level 1:colcon.colcon_core.package_identification:_identify(log) by extension 'ignore'
[0.248s] Level 1:colcon.colcon_core.package_identification:_identify(log) ignored
[0.248s] Level 1:colcon.colcon_core.package_identification:_identify(src) by extensions ['ignore', 'ignore_ament_install']
[0.248s] Level 1:colcon.colcon_core.package_identification:_identify(src) by extension 'ignore'
[0.249s] Level 1:colcon.colcon_core.package_identification:_identify(src) by extension 'ignore_ament_install'
[0.249s] Level 1:colcon.colcon_core.package_identification:_identify(src) by extensions ['colcon_pkg']
[0.249s] Level 1:colcon.colcon_core.package_identification:_identify(src) by extension 'colcon_pkg'
[0.249s] Level 1:colcon.colcon_core.package_identification:_identify(src) by extensions ['colcon_meta']
[0.249s] Level 1:colcon.colcon_core.package_identification:_identify(src) by extension 'colcon_meta'
[0.249s] Level 1:colcon.colcon_core.package_identification:_identify(src) by extensions ['ros']
[0.249s] Level 1:colcon.colcon_core.package_identification:_identify(src) by extension 'ros'
[0.249s] Level 1:colcon.colcon_core.package_identification:_identify(src) by extensions ['cmake', 'python']
[0.249s] Level 1:colcon.colcon_core.package_identification:_identify(src) by extension 'cmake'
[0.249s] Level 1:colcon.colcon_core.package_identification:_identify(src) by extension 'python'
[0.249s] Level 1:colcon.colcon_core.package_identification:_identify(src) by extensions ['python_setup_py']
[0.249s] Level 1:colcon.colcon_core.package_identification:_identify(src) by extension 'python_setup_py'
[0.249s] Level 1:colcon.colcon_core.package_identification:_identify(src/damiao) by extensions ['ignore', 'ignore_ament_install']
[0.249s] Level 1:colcon.colcon_core.package_identification:_identify(src/damiao) by extension 'ignore'
[0.249s] Level 1:colcon.colcon_core.package_identification:_identify(src/damiao) by extension 'ignore_ament_install'
[0.249s] Level 1:colcon.colcon_core.package_identification:_identify(src/damiao) by extensions ['colcon_pkg']
[0.249s] Level 1:colcon.colcon_core.package_identification:_identify(src/damiao) by extension 'colcon_pkg'
[0.249s] Level 1:colcon.colcon_core.package_identification:_identify(src/damiao) by extensions ['colcon_meta']
[0.249s] Level 1:colcon.colcon_core.package_identification:_identify(src/damiao) by extension 'colcon_meta'
[0.249s] Level 1:colcon.colcon_core.package_identification:_identify(src/damiao) by extensions ['ros']
[0.249s] Level 1:colcon.colcon_core.package_identification:_identify(src/damiao) by extension 'ros'
[0.255s] DEBUG:colcon.colcon_core.package_identification:Package 'src/damiao' with type 'ros.ament_python' and name 'damiao'
[0.255s] Level 1:colcon.colcon_core.package_identification:_identify(src/navigation) by extensions ['ignore', 'ignore_ament_install']
[0.255s] Level 1:colcon.colcon_core.package_identification:_identify(src/navigation) by extension 'ignore'
[0.255s] Level 1:colcon.colcon_core.package_identification:_identify(src/navigation) by extension 'ignore_ament_install'
[0.255s] Level 1:colcon.colcon_core.package_identification:_identify(src/navigation) by extensions ['colcon_pkg']
[0.255s] Level 1:colcon.colcon_core.package_identification:_identify(src/navigation) by extension 'colcon_pkg'
[0.255s] Level 1:colcon.colcon_core.package_identification:_identify(src/navigation) by extensions ['colcon_meta']
[0.255s] Level 1:colcon.colcon_core.package_identification:_identify(src/navigation) by extension 'colcon_meta'
[0.255s] Level 1:colcon.colcon_core.package_identification:_identify(src/navigation) by extensions ['ros']
[0.255s] Level 1:colcon.colcon_core.package_identification:_identify(src/navigation) by extension 'ros'
[0.256s] DEBUG:colcon.colcon_core.package_identification:Package 'src/navigation' with type 'ros.ament_python' and name 'navigation'
[0.256s] Level 1:colcon.colcon_core.package_identification:_identify(src/ps4) by extensions ['ignore', 'ignore_ament_install']
[0.256s] Level 1:colcon.colcon_core.package_identification:_identify(src/ps4) by extension 'ignore'
[0.257s] Level 1:colcon.colcon_core.package_identification:_identify(src/ps4) by extension 'ignore_ament_install'
[0.257s] Level 1:colcon.colcon_core.package_identification:_identify(src/ps4) by extensions ['colcon_pkg']
[0.257s] Level 1:colcon.colcon_core.package_identification:_identify(src/ps4) by extension 'colcon_pkg'
[0.257s] Level 1:colcon.colcon_core.package_identification:_identify(src/ps4) by extensions ['colcon_meta']
[0.257s] Level 1:colcon.colcon_core.package_identification:_identify(src/ps4) by extension 'colcon_meta'
[0.257s] Level 1:colcon.colcon_core.package_identification:_identify(src/ps4) by extensions ['ros']
[0.257s] Level 1:colcon.colcon_core.package_identification:_identify(src/ps4) by extension 'ros'
[0.257s] DEBUG:colcon.colcon_core.package_identification:Package 'src/ps4' with type 'ros.ament_python' and name 'ps4'
[0.257s] Level 1:colcon.colcon_core.package_discovery:discover_packages(recursive) using defaults
[0.258s] Level 1:colcon.colcon_core.package_discovery:discover_packages(ignore) discover
[0.258s] Level 1:colcon.colcon_core.package_discovery:discover_packages(ignore) using defaults
[0.258s] Level 1:colcon.colcon_core.package_discovery:discover_packages(path) discover
[0.258s] Level 1:colcon.colcon_core.package_discovery:discover_packages(path) using defaults
[0.282s] Level 1:colcon.colcon_core.package_discovery:discover_packages(prefix_path) check parameters
[0.283s] Level 1:colcon.colcon_core.package_discovery:discover_packages(prefix_path) discover
[0.287s] DEBUG:colcon.colcon_installed_package_information.package_discovery:Found 427 installed packages in /opt/ros/jazzy
[0.289s] Level 1:colcon.colcon_core.package_discovery:discover_packages(prefix_path) using defaults
[0.376s] Level 5:colcon.colcon_core.verb:set package 'damiao' build argument 'cmake_args' from command line to 'None'
[0.376s] Level 5:colcon.colcon_core.verb:set package 'damiao' build argument 'cmake_target' from command line to 'None'
[0.376s] Level 5:colcon.colcon_core.verb:set package 'damiao' build argument 'cmake_target_skip_unavailable' from command line to 'False'
[0.376s] Level 5:colcon.colcon_core.verb:set package 'damiao' build argument 'cmake_clean_cache' from command line to 'False'
[0.376s] Level 5:colcon.colcon_core.verb:set package 'damiao' build argument 'cmake_clean_first' from command line to 'False'
[0.376s] Level 5:colcon.colcon_core.verb:set package 'damiao' build argument 'cmake_force_configure' from command line to 'False'
[0.376s] Level 5:colcon.colcon_core.verb:set package 'damiao' build argument 'ament_cmake_args' from command line to 'None'
[0.376s] Level 5:colcon.colcon_core.verb:set package 'damiao' build argument 'catkin_cmake_args' from command line to 'None'
[0.376s] Level 5:colcon.colcon_core.verb:set package 'damiao' build argument 'catkin_skip_building_tests' from command line to 'False'
[0.376s] DEBUG:colcon.colcon_core.verb:Building package 'damiao' with the following arguments: {'ament_cmake_args': None, 'build_base': '/home/eric/2025R2_ws/build/damiao', 'catkin_cmake_args': None, 'catkin_skip_building_tests': False, 'cmake_args': None, 'cmake_clean_cache': False, 'cmake_clean_first': False, 'cmake_force_configure': False, 'cmake_target': None, 'cmake_target_skip_unavailable': False, 'install_base': '/home/eric/2025R2_ws/install/damiao', 'merge_install': False, 'path': '/home/eric/2025R2_ws/src/damiao', 'symlink_install': True, 'test_result_base': None}
[0.377s] Level 5:colcon.colcon_core.verb:set package 'navigation' build argument 'cmake_args' from command line to 'None'
[0.377s] Level 5:colcon.colcon_core.verb:set package 'navigation' build argument 'cmake_target' from command line to 'None'
[0.377s] Level 5:colcon.colcon_core.verb:set package 'navigation' build argument 'cmake_target_skip_unavailable' from command line to 'False'
[0.377s] Level 5:colcon.colcon_core.verb:set package 'navigation' build argument 'cmake_clean_cache' from command line to 'False'
[0.377s] Level 5:colcon.colcon_core.verb:set package 'navigation' build argument 'cmake_clean_first' from command line to 'False'
[0.377s] Level 5:colcon.colcon_core.verb:set package 'navigation' build argument 'cmake_force_configure' from command line to 'False'
[0.377s] Level 5:colcon.colcon_core.verb:set package 'navigation' build argument 'ament_cmake_args' from command line to 'None'
[0.377s] Level 5:colcon.colcon_core.verb:set package 'navigation' build argument 'catkin_cmake_args' from command line to 'None'
[0.377s] Level 5:colcon.colcon_core.verb:set package 'navigation' build argument 'catkin_skip_building_tests' from command line to 'False'
[0.377s] DEBUG:colcon.colcon_core.verb:Building package 'navigation' with the following arguments: {'ament_cmake_args': None, 'build_base': '/home/eric/2025R2_ws/build/navigation', 'catkin_cmake_args': None, 'catkin_skip_building_tests': False, 'cmake_args': None, 'cmake_clean_cache': False, 'cmake_clean_first': False, 'cmake_force_configure': False, 'cmake_target': None, 'cmake_target_skip_unavailable': False, 'install_base': '/home/eric/2025R2_ws/install/navigation', 'merge_install': False, 'path': '/home/eric/2025R2_ws/src/navigation', 'symlink_install': True, 'test_result_base': None}
[0.378s] Level 5:colcon.colcon_core.verb:set package 'ps4' build argument 'cmake_args' from command line to 'None'
[0.378s] Level 5:colcon.colcon_core.verb:set package 'ps4' build argument 'cmake_target' from command line to 'None'
[0.378s] Level 5:colcon.colcon_core.verb:set package 'ps4' build argument 'cmake_target_skip_unavailable' from command line to 'False'
[0.378s] Level 5:colcon.colcon_core.verb:set package 'ps4' build argument 'cmake_clean_cache' from command line to 'False'
[0.378s] Level 5:colcon.colcon_core.verb:set package 'ps4' build argument 'cmake_clean_first' from command line to 'False'
[0.378s] Level 5:colcon.colcon_core.verb:set package 'ps4' build argument 'cmake_force_configure' from command line to 'False'
[0.378s] Level 5:colcon.colcon_core.verb:set package 'ps4' build argument 'ament_cmake_args' from command line to 'None'
[0.378s] Level 5:colcon.colcon_core.verb:set package 'ps4' build argument 'catkin_cmake_args' from command line to 'None'
[0.378s] Level 5:colcon.colcon_core.verb:set package 'ps4' build argument 'catkin_skip_building_tests' from command line to 'False'
[0.378s] DEBUG:colcon.colcon_core.verb:Building package 'ps4' with the following arguments: {'ament_cmake_args': None, 'build_base': '/home/eric/2025R2_ws/build/ps4', 'catkin_cmake_args': None, 'catkin_skip_building_tests': False, 'cmake_args': None, 'cmake_clean_cache': False, 'cmake_clean_first': False, 'cmake_force_configure': False, 'cmake_target': None, 'cmake_target_skip_unavailable': False, 'install_base': '/home/eric/2025R2_ws/install/ps4', 'merge_install': False, 'path': '/home/eric/2025R2_ws/src/ps4', 'symlink_install': True, 'test_result_base': None}
[0.379s] INFO:colcon.colcon_core.executor:Executing jobs using 'parallel' executor
[0.381s] DEBUG:colcon.colcon_parallel_executor.executor.parallel:run_until_complete
[0.382s] INFO:colcon.colcon_ros.task.ament_python.build:Building ROS package in '/home/eric/2025R2_ws/src/damiao' with build type 'ament_python'
[0.383s] Level 1:colcon.colcon_core.shell:create_environment_hook('damiao', 'ament_prefix_path')
[0.388s] INFO:colcon.colcon_core.plugin_system:Skipping extension 'colcon_core.shell.bat': Not used on non-Windows systems
[0.388s] INFO:colcon.colcon_core.shell:Creating environment hook '/home/eric/2025R2_ws/install/damiao/share/damiao/hook/ament_prefix_path.ps1'
[0.389s] INFO:colcon.colcon_core.shell:Creating environment descriptor '/home/eric/2025R2_ws/install/damiao/share/damiao/hook/ament_prefix_path.dsv'
[0.392s] INFO:colcon.colcon_core.shell:Creating environment hook '/home/eric/2025R2_ws/install/damiao/share/damiao/hook/ament_prefix_path.sh'
[0.393s] INFO:colcon.colcon_core.shell:Skip shell extension 'powershell' for command environment: Not usable outside of PowerShell
[0.393s] DEBUG:colcon.colcon_core.shell:Skip shell extension 'dsv' for command environment
[0.399s] INFO:colcon.colcon_ros.task.ament_python.build:Building ROS package in '/home/eric/2025R2_ws/src/navigation' with build type 'ament_python'
[0.399s] Level 1:colcon.colcon_core.shell:create_environment_hook('navigation', 'ament_prefix_path')
[0.399s] INFO:colcon.colcon_core.shell:Creating environment hook '/home/eric/2025R2_ws/install/navigation/share/navigation/hook/ament_prefix_path.ps1'
[0.400s] INFO:colcon.colcon_core.shell:Creating environment descriptor '/home/eric/2025R2_ws/install/navigation/share/navigation/hook/ament_prefix_path.dsv'
[0.401s] INFO:colcon.colcon_core.shell:Creating environment hook '/home/eric/2025R2_ws/install/navigation/share/navigation/hook/ament_prefix_path.sh'
[0.402s] INFO:colcon.colcon_core.shell:Skip shell extension 'powershell' for command environment: Not usable outside of PowerShell
[0.402s] DEBUG:colcon.colcon_core.shell:Skip shell extension 'dsv' for command environment
[0.408s] INFO:colcon.colcon_ros.task.ament_python.build:Building ROS package in '/home/eric/2025R2_ws/src/ps4' with build type 'ament_python'
[0.410s] Level 1:colcon.colcon_core.shell:create_environment_hook('ps4', 'ament_prefix_path')
[0.411s] INFO:colcon.colcon_core.shell:Creating environment hook '/home/eric/2025R2_ws/install/ps4/share/ps4/hook/ament_prefix_path.ps1'
[0.413s] INFO:colcon.colcon_core.shell:Creating environment descriptor '/home/eric/2025R2_ws/install/ps4/share/ps4/hook/ament_prefix_path.dsv'
[0.415s] INFO:colcon.colcon_core.shell:Creating environment hook '/home/eric/2025R2_ws/install/ps4/share/ps4/hook/ament_prefix_path.sh'
[0.416s] INFO:colcon.colcon_core.shell:Skip shell extension 'powershell' for command environment: Not usable outside of PowerShell
[0.417s] DEBUG:colcon.colcon_core.shell:Skip shell extension 'dsv' for command environment
[0.810s] INFO:colcon.colcon_core.task.python.build:Building Python package in '/home/eric/2025R2_ws/src/damiao'
[0.811s] INFO:colcon.colcon_core.shell:Skip shell extension 'powershell' for command environment: Not usable outside of PowerShell
[0.811s] DEBUG:colcon.colcon_core.shell:Skip shell extension 'dsv' for command environment
[1.190s] INFO:colcon.colcon_core.task.python.build:Building Python package in '/home/eric/2025R2_ws/src/navigation'
[1.191s] INFO:colcon.colcon_core.shell:Skip shell extension 'powershell' for command environment: Not usable outside of PowerShell
[1.191s] DEBUG:colcon.colcon_core.shell:Skip shell extension 'dsv' for command environment
[1.543s] INFO:colcon.colcon_core.task.python.build:Building Python package in '/home/eric/2025R2_ws/src/ps4'
[1.543s] INFO:colcon.colcon_core.shell:Skip shell extension 'powershell' for command environment: Not usable outside of PowerShell
[1.543s] DEBUG:colcon.colcon_core.shell:Skip shell extension 'dsv' for command environment
[2.562s] DEBUG:colcon.colcon_core.event_handler.log_command:Invoking command in '/home/eric/2025R2_ws/build/damiao': DEBUGINFOD_URLS=https://debuginfod.ubuntu.com PYTHONPATH=/home/eric/2025R2_ws/build/damiao/prefix_override:/usr/lib/python3/dist-packages/colcon_core/task/python/colcon_distutils_commands:/home/eric/2025R2_ws/install/damiao/lib/python3.12/site-packages:${PYTHONPATH} /usr/bin/python3 -W ignore:setup.py install is deprecated -W ignore:easy_install command is deprecated setup.py develop --editable --build-directory /home/eric/2025R2_ws/build/damiao/build --no-deps symlink_data
[2.631s] DEBUG:colcon.colcon_core.event_handler.log_command:Invoking command in '/home/eric/2025R2_ws/build/navigation': DEBUGINFOD_URLS=https://debuginfod.ubuntu.com PYTHONPATH=/home/eric/2025R2_ws/build/navigation/prefix_override:/usr/lib/python3/dist-packages/colcon_core/task/python/colcon_distutils_commands:/home/eric/2025R2_ws/install/navigation/lib/python3.12/site-packages:${PYTHONPATH} /usr/bin/python3 -W ignore:setup.py install is deprecated -W ignore:easy_install command is deprecated setup.py develop --editable --build-directory /home/eric/2025R2_ws/build/navigation/build --no-deps symlink_data
[2.659s] DEBUG:colcon.colcon_core.event_handler.log_command:Invoking command in '/home/eric/2025R2_ws/build/ps4': DEBUGINFOD_URLS=https://debuginfod.ubuntu.com PYTHONPATH=/home/eric/2025R2_ws/build/ps4/prefix_override:/usr/lib/python3/dist-packages/colcon_core/task/python/colcon_distutils_commands:/home/eric/2025R2_ws/install/ps4/lib/python3.12/site-packages:${PYTHONPATH} /usr/bin/python3 -W ignore:setup.py install is deprecated -W ignore:easy_install command is deprecated setup.py develop --editable --build-directory /home/eric/2025R2_ws/build/ps4/build --no-deps symlink_data
[3.707s] Level 1:colcon.colcon_core.shell:create_environment_hook('navigation', 'pythonpath_develop')
[3.708s] INFO:colcon.colcon_core.shell:Creating environment hook '/home/eric/2025R2_ws/build/navigation/share/navigation/hook/pythonpath_develop.ps1'
[3.708s] DEBUG:colcon.colcon_core.event_handler.log_command:Invoked command in '/home/eric/2025R2_ws/build/navigation' returned '0': DEBUGINFOD_URLS=https://debuginfod.ubuntu.com PYTHONPATH=/home/eric/2025R2_ws/build/navigation/prefix_override:/usr/lib/python3/dist-packages/colcon_core/task/python/colcon_distutils_commands:/home/eric/2025R2_ws/install/navigation/lib/python3.12/site-packages:${PYTHONPATH} /usr/bin/python3 -W ignore:setup.py install is deprecated -W ignore:easy_install command is deprecated setup.py develop --editable --build-directory /home/eric/2025R2_ws/build/navigation/build --no-deps symlink_data
[3.709s] INFO:colcon.colcon_core.shell:Creating environment descriptor '/home/eric/2025R2_ws/build/navigation/share/navigation/hook/pythonpath_develop.dsv'
[3.710s] INFO:colcon.colcon_core.shell:Creating environment hook '/home/eric/2025R2_ws/build/navigation/share/navigation/hook/pythonpath_develop.sh'
[3.714s] Level 1:colcon.colcon_core.environment:checking '/home/eric/2025R2_ws/install/navigation' for CMake module files
[3.715s] Level 1:colcon.colcon_core.environment:checking '/home/eric/2025R2_ws/install/navigation' for CMake config files
[3.715s] Level 1:colcon.colcon_core.environment:checking '/home/eric/2025R2_ws/install/navigation/lib'
[3.716s] Level 1:colcon.colcon_core.environment:checking '/home/eric/2025R2_ws/install/navigation/bin'
[3.716s] Level 1:colcon.colcon_core.environment:checking '/home/eric/2025R2_ws/install/navigation/lib/pkgconfig/navigation.pc'
[3.716s] Level 1:colcon.colcon_core.environment:checking '/home/eric/2025R2_ws/install/navigation/lib/python3.12/site-packages'
[3.716s] Level 1:colcon.colcon_core.shell:create_environment_hook('navigation', 'pythonpath')
[3.717s] INFO:colcon.colcon_core.shell:Creating environment hook '/home/eric/2025R2_ws/install/navigation/share/navigation/hook/pythonpath.ps1'
[3.717s] INFO:colcon.colcon_core.shell:Creating environment descriptor '/home/eric/2025R2_ws/install/navigation/share/navigation/hook/pythonpath.dsv'
[3.718s] INFO:colcon.colcon_core.shell:Creating environment hook '/home/eric/2025R2_ws/install/navigation/share/navigation/hook/pythonpath.sh'
[3.719s] Level 1:colcon.colcon_core.environment:checking '/home/eric/2025R2_ws/install/navigation/bin'
[3.719s] Level 1:colcon.colcon_core.environment:create_environment_scripts_only(navigation)
[3.720s] INFO:colcon.colcon_core.shell:Creating package script '/home/eric/2025R2_ws/install/navigation/share/navigation/package.ps1'
[3.721s] INFO:colcon.colcon_core.shell:Creating package descriptor '/home/eric/2025R2_ws/install/navigation/share/navigation/package.dsv'
[3.722s] INFO:colcon.colcon_core.shell:Creating package script '/home/eric/2025R2_ws/install/navigation/share/navigation/package.sh'
[3.723s] INFO:colcon.colcon_core.shell:Creating package script '/home/eric/2025R2_ws/install/navigation/share/navigation/package.bash'
[3.725s] INFO:colcon.colcon_core.shell:Creating package script '/home/eric/2025R2_ws/install/navigation/share/navigation/package.zsh'
[3.726s] Level 1:colcon.colcon_core.environment:create_file_with_runtime_dependencies(/home/eric/2025R2_ws/install/navigation/share/colcon-core/packages/navigation)
[3.729s] Level 1:colcon.colcon_core.shell:create_environment_hook('damiao', 'pythonpath_develop')
[3.730s] INFO:colcon.colcon_core.shell:Creating environment hook '/home/eric/2025R2_ws/build/damiao/share/damiao/hook/pythonpath_develop.ps1'
[3.731s] DEBUG:colcon.colcon_core.event_handler.log_command:Invoked command in '/home/eric/2025R2_ws/build/damiao' returned '0': DEBUGINFOD_URLS=https://debuginfod.ubuntu.com PYTHONPATH=/home/eric/2025R2_ws/build/damiao/prefix_override:/usr/lib/python3/dist-packages/colcon_core/task/python/colcon_distutils_commands:/home/eric/2025R2_ws/install/damiao/lib/python3.12/site-packages:${PYTHONPATH} /usr/bin/python3 -W ignore:setup.py install is deprecated -W ignore:easy_install command is deprecated setup.py develop --editable --build-directory /home/eric/2025R2_ws/build/damiao/build --no-deps symlink_data
[3.733s] INFO:colcon.colcon_core.shell:Creating environment descriptor '/home/eric/2025R2_ws/build/damiao/share/damiao/hook/pythonpath_develop.dsv'
[3.735s] INFO:colcon.colcon_core.shell:Creating environment hook '/home/eric/2025R2_ws/build/damiao/share/damiao/hook/pythonpath_develop.sh'
[3.736s] Level 1:colcon.colcon_core.environment:checking '/home/eric/2025R2_ws/install/damiao' for CMake module files
[3.736s] Level 1:colcon.colcon_core.environment:checking '/home/eric/2025R2_ws/install/damiao' for CMake config files
[3.737s] Level 1:colcon.colcon_core.environment:checking '/home/eric/2025R2_ws/install/damiao/lib'
[3.737s] Level 1:colcon.colcon_core.environment:checking '/home/eric/2025R2_ws/install/damiao/bin'
[3.737s] Level 1:colcon.colcon_core.environment:checking '/home/eric/2025R2_ws/install/damiao/lib/pkgconfig/damiao.pc'
[3.738s] Level 1:colcon.colcon_core.environment:checking '/home/eric/2025R2_ws/install/damiao/lib/python3.12/site-packages'
[3.738s] Level 1:colcon.colcon_core.shell:create_environment_hook('damiao', 'pythonpath')
[3.738s] INFO:colcon.colcon_core.shell:Creating environment hook '/home/eric/2025R2_ws/install/damiao/share/damiao/hook/pythonpath.ps1'
[3.739s] INFO:colcon.colcon_core.shell:Creating environment descriptor '/home/eric/2025R2_ws/install/damiao/share/damiao/hook/pythonpath.dsv'
[3.740s] INFO:colcon.colcon_core.shell:Creating environment hook '/home/eric/2025R2_ws/install/damiao/share/damiao/hook/pythonpath.sh'
[3.741s] Level 1:colcon.colcon_core.environment:checking '/home/eric/2025R2_ws/install/damiao/bin'
[3.741s] Level 1:colcon.colcon_core.environment:create_environment_scripts_only(damiao)
[3.741s] INFO:colcon.colcon_core.shell:Creating package script '/home/eric/2025R2_ws/install/damiao/share/damiao/package.ps1'
[3.742s] INFO:colcon.colcon_core.shell:Creating package descriptor '/home/eric/2025R2_ws/install/damiao/share/damiao/package.dsv'
[3.743s] INFO:colcon.colcon_core.shell:Creating package script '/home/eric/2025R2_ws/install/damiao/share/damiao/package.sh'
[3.745s] INFO:colcon.colcon_core.shell:Creating package script '/home/eric/2025R2_ws/install/damiao/share/damiao/package.bash'
[3.746s] INFO:colcon.colcon_core.shell:Creating package script '/home/eric/2025R2_ws/install/damiao/share/damiao/package.zsh'
[3.747s] Level 1:colcon.colcon_core.environment:create_file_with_runtime_dependencies(/home/eric/2025R2_ws/install/damiao/share/colcon-core/packages/damiao)
[3.775s] Level 1:colcon.colcon_core.shell:create_environment_hook('ps4', 'pythonpath_develop')
[3.775s] INFO:colcon.colcon_core.shell:Creating environment hook '/home/eric/2025R2_ws/build/ps4/share/ps4/hook/pythonpath_develop.ps1'
[3.776s] DEBUG:colcon.colcon_core.event_handler.log_command:Invoked command in '/home/eric/2025R2_ws/build/ps4' returned '0': DEBUGINFOD_URLS=https://debuginfod.ubuntu.com PYTHONPATH=/home/eric/2025R2_ws/build/ps4/prefix_override:/usr/lib/python3/dist-packages/colcon_core/task/python/colcon_distutils_commands:/home/eric/2025R2_ws/install/ps4/lib/python3.12/site-packages:${PYTHONPATH} /usr/bin/python3 -W ignore:setup.py install is deprecated -W ignore:easy_install command is deprecated setup.py develop --editable --build-directory /home/eric/2025R2_ws/build/ps4/build --no-deps symlink_data
[3.776s] INFO:colcon.colcon_core.shell:Creating environment descriptor '/home/eric/2025R2_ws/build/ps4/share/ps4/hook/pythonpath_develop.dsv'
[3.777s] INFO:colcon.colcon_core.shell:Creating environment hook '/home/eric/2025R2_ws/build/ps4/share/ps4/hook/pythonpath_develop.sh'
[3.778s] Level 1:colcon.colcon_core.environment:checking '/home/eric/2025R2_ws/install/ps4' for CMake module files
[3.779s] Level 1:colcon.colcon_core.environment:checking '/home/eric/2025R2_ws/install/ps4' for CMake config files
[3.779s] Level 1:colcon.colcon_core.environment:checking '/home/eric/2025R2_ws/install/ps4/lib'
[3.779s] Level 1:colcon.colcon_core.environment:checking '/home/eric/2025R2_ws/install/ps4/bin'
[3.779s] Level 1:colcon.colcon_core.environment:checking '/home/eric/2025R2_ws/install/ps4/lib/pkgconfig/ps4.pc'
[3.780s] Level 1:colcon.colcon_core.environment:checking '/home/eric/2025R2_ws/install/ps4/lib/python3.12/site-packages'
[3.780s] Level 1:colcon.colcon_core.shell:create_environment_hook('ps4', 'pythonpath')
[3.780s] INFO:colcon.colcon_core.shell:Creating environment hook '/home/eric/2025R2_ws/install/ps4/share/ps4/hook/pythonpath.ps1'
[3.781s] INFO:colcon.colcon_core.shell:Creating environment descriptor '/home/eric/2025R2_ws/install/ps4/share/ps4/hook/pythonpath.dsv'
[3.781s] INFO:colcon.colcon_core.shell:Creating environment hook '/home/eric/2025R2_ws/install/ps4/share/ps4/hook/pythonpath.sh'
[3.782s] Level 1:colcon.colcon_core.environment:checking '/home/eric/2025R2_ws/install/ps4/bin'
[3.782s] Level 1:colcon.colcon_core.environment:create_environment_scripts_only(ps4)
[3.783s] INFO:colcon.colcon_core.shell:Creating package script '/home/eric/2025R2_ws/install/ps4/share/ps4/package.ps1'
[3.783s] INFO:colcon.colcon_core.shell:Creating package descriptor '/home/eric/2025R2_ws/install/ps4/share/ps4/package.dsv'
[3.784s] INFO:colcon.colcon_core.shell:Creating package script '/home/eric/2025R2_ws/install/ps4/share/ps4/package.sh'
[3.785s] INFO:colcon.colcon_core.shell:Creating package script '/home/eric/2025R2_ws/install/ps4/share/ps4/package.bash'
[3.785s] INFO:colcon.colcon_core.shell:Creating package script '/home/eric/2025R2_ws/install/ps4/share/ps4/package.zsh'
[3.786s] Level 1:colcon.colcon_core.environment:create_file_with_runtime_dependencies(/home/eric/2025R2_ws/install/ps4/share/colcon-core/packages/ps4)
[3.789s] DEBUG:colcon.colcon_parallel_executor.executor.parallel:closing loop
[3.789s] DEBUG:colcon.colcon_parallel_executor.executor.parallel:loop closed
[3.789s] DEBUG:colcon.colcon_parallel_executor.executor.parallel:run_until_complete finished with '0'
[3.790s] DEBUG:colcon.colcon_core.event_reactor:joining thread
[3.801s] INFO:colcon.colcon_core.plugin_system:Skipping extension 'colcon_notification.desktop_notification.terminal_notifier': Not used on non-Darwin systems
[3.801s] INFO:colcon.colcon_core.plugin_system:Skipping extension 'colcon_notification.desktop_notification.win32': Not used on non-Windows systems
[3.801s] INFO:colcon.colcon_notification.desktop_notification:Sending desktop notification using 'notify2'
[3.821s] DEBUG:colcon.colcon_core.event_reactor:joined thread
[3.822s] INFO:colcon.colcon_core.shell:Creating prefix script '/home/eric/2025R2_ws/install/local_setup.ps1'
[3.823s] INFO:colcon.colcon_core.shell:Creating prefix util module '/home/eric/2025R2_ws/install/_local_setup_util_ps1.py'
[3.825s] INFO:colcon.colcon_core.shell:Creating prefix chain script '/home/eric/2025R2_ws/install/setup.ps1'
[3.827s] INFO:colcon.colcon_core.shell:Creating prefix script '/home/eric/2025R2_ws/install/local_setup.sh'
[3.829s] INFO:colcon.colcon_core.shell:Creating prefix util module '/home/eric/2025R2_ws/install/_local_setup_util_sh.py'
[3.831s] INFO:colcon.colcon_core.shell:Creating prefix chain script '/home/eric/2025R2_ws/install/setup.sh'
[3.833s] INFO:colcon.colcon_core.shell:Creating prefix script '/home/eric/2025R2_ws/install/local_setup.bash'
[3.834s] INFO:colcon.colcon_core.shell:Creating prefix chain script '/home/eric/2025R2_ws/install/setup.bash'
[3.836s] INFO:colcon.colcon_core.shell:Creating prefix script '/home/eric/2025R2_ws/install/local_setup.zsh'
[3.839s] INFO:colcon.colcon_core.shell:Creating prefix chain script '/home/eric/2025R2_ws/install/setup.zsh'
