[0.280s] DEBUG:colcon:Command line arguments: ['/usr/bin/colcon', 'build', '--symlink-install']
[0.280s] DEBUG:colcon:Parsed command line arguments: Namespace(log_base=None, log_level=None, verb_name='build', build_base='build', install_base='install', merge_install=False, symlink_install=True, test_result_base=None, continue_on_error=False, executor='parallel', parallel_workers=4, event_handlers=None, ignore_user_meta=False, metas=['./colcon.meta'], base_paths=['.'], packages_ignore=None, packages_ignore_regex=None, paths=None, packages_up_to=None, packages_up_to_regex=None, packages_above=None, packages_above_and_dependencies=None, packages_above_depth=None, packages_select_by_dep=None, packages_skip_by_dep=None, packages_skip_up_to=None, packages_select_build_failed=False, packages_skip_build_finished=False, packages_select_test_failures=False, packages_skip_test_passed=False, packages_select=None, packages_skip=None, packages_select_regex=None, packages_skip_regex=None, packages_start=None, packages_end=None, allow_overriding=[], cmake_args=None, cmake_target=None, cmake_target_skip_unavailable=False, cmake_clean_cache=False, cmake_clean_first=False, cmake_force_configure=False, ament_cmake_args=None, catkin_cmake_args=None, catkin_skip_building_tests=False, verb_parser=<colcon_defaults.argument_parser.defaults.DefaultArgumentsDecorator object at 0xffffbc8b2b10>, verb_extension=<colcon_core.verb.build.BuildVerb object at 0xffffbc8b2990>, main=<bound method BuildVerb.main of <colcon_core.verb.build.BuildVerb object at 0xffffbc8b2990>>)
[0.343s] Level 1:colcon.colcon_core.package_discovery:discover_packages(colcon_meta) check parameters
[0.343s] Level 1:colcon.colcon_core.package_discovery:discover_packages(recursive) check parameters
[0.343s] Level 1:colcon.colcon_core.package_discovery:discover_packages(ignore) check parameters
[0.343s] Level 1:colcon.colcon_core.package_discovery:discover_packages(path) check parameters
[0.343s] Level 1:colcon.colcon_core.package_discovery:discover_packages(colcon_meta) discover
[0.343s] Level 1:colcon.colcon_core.package_discovery:discover_packages(recursive) discover
[0.343s] INFO:colcon.colcon_core.package_discovery:Crawling recursively for packages in '/home/eric/2025R2_ws'
[0.344s] Level 1:colcon.colcon_core.package_identification:_identify(.) by extensions ['ignore', 'ignore_ament_install']
[0.344s] Level 1:colcon.colcon_core.package_identification:_identify(.) by extension 'ignore'
[0.344s] Level 1:colcon.colcon_core.package_identification:_identify(.) by extension 'ignore_ament_install'
[0.344s] Level 1:colcon.colcon_core.package_identification:_identify(.) by extensions ['colcon_pkg']
[0.344s] Level 1:colcon.colcon_core.package_identification:_identify(.) by extension 'colcon_pkg'
[0.344s] Level 1:colcon.colcon_core.package_identification:_identify(.) by extensions ['colcon_meta']
[0.344s] Level 1:colcon.colcon_core.package_identification:_identify(.) by extension 'colcon_meta'
[0.344s] Level 1:colcon.colcon_core.package_identification:_identify(.) by extensions ['ros']
[0.344s] Level 1:colcon.colcon_core.package_identification:_identify(.) by extension 'ros'
[0.401s] Level 1:colcon.colcon_core.package_identification:_identify(.) by extensions ['cmake', 'python']
[0.401s] Level 1:colcon.colcon_core.package_identification:_identify(.) by extension 'cmake'
[0.401s] Level 1:colcon.colcon_core.package_identification:_identify(.) by extension 'python'
[0.401s] Level 1:colcon.colcon_core.package_identification:_identify(.) by extensions ['python_setup_py']
[0.401s] Level 1:colcon.colcon_core.package_identification:_identify(.) by extension 'python_setup_py'
[0.402s] Level 1:colcon.colcon_core.package_identification:_identify(build) by extensions ['ignore', 'ignore_ament_install']
[0.402s] Level 1:colcon.colcon_core.package_identification:_identify(build) by extension 'ignore'
[0.402s] Level 1:colcon.colcon_core.package_identification:_identify(build) ignored
[0.402s] Level 1:colcon.colcon_core.package_identification:_identify(install) by extensions ['ignore', 'ignore_ament_install']
[0.402s] Level 1:colcon.colcon_core.package_identification:_identify(install) by extension 'ignore'
[0.402s] Level 1:colcon.colcon_core.package_identification:_identify(install) ignored
[0.402s] Level 1:colcon.colcon_core.package_identification:_identify(log) by extensions ['ignore', 'ignore_ament_install']
[0.402s] Level 1:colcon.colcon_core.package_identification:_identify(log) by extension 'ignore'
[0.402s] Level 1:colcon.colcon_core.package_identification:_identify(log) ignored
[0.402s] Level 1:colcon.colcon_core.package_identification:_identify(src) by extensions ['ignore', 'ignore_ament_install']
[0.403s] Level 1:colcon.colcon_core.package_identification:_identify(src) by extension 'ignore'
[0.403s] Level 1:colcon.colcon_core.package_identification:_identify(src) by extension 'ignore_ament_install'
[0.403s] Level 1:colcon.colcon_core.package_identification:_identify(src) by extensions ['colcon_pkg']
[0.403s] Level 1:colcon.colcon_core.package_identification:_identify(src) by extension 'colcon_pkg'
[0.403s] Level 1:colcon.colcon_core.package_identification:_identify(src) by extensions ['colcon_meta']
[0.403s] Level 1:colcon.colcon_core.package_identification:_identify(src) by extension 'colcon_meta'
[0.403s] Level 1:colcon.colcon_core.package_identification:_identify(src) by extensions ['ros']
[0.403s] Level 1:colcon.colcon_core.package_identification:_identify(src) by extension 'ros'
[0.403s] Level 1:colcon.colcon_core.package_identification:_identify(src) by extensions ['cmake', 'python']
[0.403s] Level 1:colcon.colcon_core.package_identification:_identify(src) by extension 'cmake'
[0.403s] Level 1:colcon.colcon_core.package_identification:_identify(src) by extension 'python'
[0.403s] Level 1:colcon.colcon_core.package_identification:_identify(src) by extensions ['python_setup_py']
[0.403s] Level 1:colcon.colcon_core.package_identification:_identify(src) by extension 'python_setup_py'
[0.403s] Level 1:colcon.colcon_core.package_identification:_identify(src/damiao) by extensions ['ignore', 'ignore_ament_install']
[0.403s] Level 1:colcon.colcon_core.package_identification:_identify(src/damiao) by extension 'ignore'
[0.403s] Level 1:colcon.colcon_core.package_identification:_identify(src/damiao) by extension 'ignore_ament_install'
[0.403s] Level 1:colcon.colcon_core.package_identification:_identify(src/damiao) by extensions ['colcon_pkg']
[0.403s] Level 1:colcon.colcon_core.package_identification:_identify(src/damiao) by extension 'colcon_pkg'
[0.403s] Level 1:colcon.colcon_core.package_identification:_identify(src/damiao) by extensions ['colcon_meta']
[0.403s] Level 1:colcon.colcon_core.package_identification:_identify(src/damiao) by extension 'colcon_meta'
[0.404s] Level 1:colcon.colcon_core.package_identification:_identify(src/damiao) by extensions ['ros']
[0.404s] Level 1:colcon.colcon_core.package_identification:_identify(src/damiao) by extension 'ros'
[0.411s] DEBUG:colcon.colcon_core.package_identification:Package 'src/damiao' with type 'ros.ament_python' and name 'damiao'
[0.411s] Level 1:colcon.colcon_core.package_identification:_identify(src/navigation) by extensions ['ignore', 'ignore_ament_install']
[0.411s] Level 1:colcon.colcon_core.package_identification:_identify(src/navigation) by extension 'ignore'
[0.411s] Level 1:colcon.colcon_core.package_identification:_identify(src/navigation) by extension 'ignore_ament_install'
[0.411s] Level 1:colcon.colcon_core.package_identification:_identify(src/navigation) by extensions ['colcon_pkg']
[0.411s] Level 1:colcon.colcon_core.package_identification:_identify(src/navigation) by extension 'colcon_pkg'
[0.411s] Level 1:colcon.colcon_core.package_identification:_identify(src/navigation) by extensions ['colcon_meta']
[0.411s] Level 1:colcon.colcon_core.package_identification:_identify(src/navigation) by extension 'colcon_meta'
[0.411s] Level 1:colcon.colcon_core.package_identification:_identify(src/navigation) by extensions ['ros']
[0.411s] Level 1:colcon.colcon_core.package_identification:_identify(src/navigation) by extension 'ros'
[0.412s] DEBUG:colcon.colcon_core.package_identification:Package 'src/navigation' with type 'ros.ament_python' and name 'navigation'
[0.413s] Level 1:colcon.colcon_core.package_identification:_identify(src/ps4) by extensions ['ignore', 'ignore_ament_install']
[0.413s] Level 1:colcon.colcon_core.package_identification:_identify(src/ps4) by extension 'ignore'
[0.413s] Level 1:colcon.colcon_core.package_identification:_identify(src/ps4) by extension 'ignore_ament_install'
[0.413s] Level 1:colcon.colcon_core.package_identification:_identify(src/ps4) by extensions ['colcon_pkg']
[0.413s] Level 1:colcon.colcon_core.package_identification:_identify(src/ps4) by extension 'colcon_pkg'
[0.413s] Level 1:colcon.colcon_core.package_identification:_identify(src/ps4) by extensions ['colcon_meta']
[0.413s] Level 1:colcon.colcon_core.package_identification:_identify(src/ps4) by extension 'colcon_meta'
[0.413s] Level 1:colcon.colcon_core.package_identification:_identify(src/ps4) by extensions ['ros']
[0.413s] Level 1:colcon.colcon_core.package_identification:_identify(src/ps4) by extension 'ros'
[0.414s] DEBUG:colcon.colcon_core.package_identification:Package 'src/ps4' with type 'ros.ament_python' and name 'ps4'
[0.414s] Level 1:colcon.colcon_core.package_discovery:discover_packages(recursive) using defaults
[0.414s] Level 1:colcon.colcon_core.package_discovery:discover_packages(ignore) discover
[0.414s] Level 1:colcon.colcon_core.package_discovery:discover_packages(ignore) using defaults
[0.414s] Level 1:colcon.colcon_core.package_discovery:discover_packages(path) discover
[0.414s] Level 1:colcon.colcon_core.package_discovery:discover_packages(path) using defaults
[0.462s] Level 1:colcon.colcon_core.package_discovery:discover_packages(prefix_path) check parameters
[0.462s] Level 1:colcon.colcon_core.package_discovery:discover_packages(prefix_path) discover
[0.470s] DEBUG:colcon.colcon_installed_package_information.package_discovery:Found 427 installed packages in /opt/ros/jazzy
[0.472s] Level 1:colcon.colcon_core.package_discovery:discover_packages(prefix_path) using defaults
[0.557s] Level 5:colcon.colcon_core.verb:set package 'damiao' build argument 'cmake_args' from command line to 'None'
[0.557s] Level 5:colcon.colcon_core.verb:set package 'damiao' build argument 'cmake_target' from command line to 'None'
[0.557s] Level 5:colcon.colcon_core.verb:set package 'damiao' build argument 'cmake_target_skip_unavailable' from command line to 'False'
[0.557s] Level 5:colcon.colcon_core.verb:set package 'damiao' build argument 'cmake_clean_cache' from command line to 'False'
[0.557s] Level 5:colcon.colcon_core.verb:set package 'damiao' build argument 'cmake_clean_first' from command line to 'False'
[0.557s] Level 5:colcon.colcon_core.verb:set package 'damiao' build argument 'cmake_force_configure' from command line to 'False'
[0.557s] Level 5:colcon.colcon_core.verb:set package 'damiao' build argument 'ament_cmake_args' from command line to 'None'
[0.557s] Level 5:colcon.colcon_core.verb:set package 'damiao' build argument 'catkin_cmake_args' from command line to 'None'
[0.557s] Level 5:colcon.colcon_core.verb:set package 'damiao' build argument 'catkin_skip_building_tests' from command line to 'False'
[0.557s] DEBUG:colcon.colcon_core.verb:Building package 'damiao' with the following arguments: {'ament_cmake_args': None, 'build_base': '/home/eric/2025R2_ws/build/damiao', 'catkin_cmake_args': None, 'catkin_skip_building_tests': False, 'cmake_args': None, 'cmake_clean_cache': False, 'cmake_clean_first': False, 'cmake_force_configure': False, 'cmake_target': None, 'cmake_target_skip_unavailable': False, 'install_base': '/home/eric/2025R2_ws/install/damiao', 'merge_install': False, 'path': '/home/eric/2025R2_ws/src/damiao', 'symlink_install': True, 'test_result_base': None}
[0.558s] Level 5:colcon.colcon_core.verb:set package 'navigation' build argument 'cmake_args' from command line to 'None'
[0.558s] Level 5:colcon.colcon_core.verb:set package 'navigation' build argument 'cmake_target' from command line to 'None'
[0.558s] Level 5:colcon.colcon_core.verb:set package 'navigation' build argument 'cmake_target_skip_unavailable' from command line to 'False'
[0.558s] Level 5:colcon.colcon_core.verb:set package 'navigation' build argument 'cmake_clean_cache' from command line to 'False'
[0.558s] Level 5:colcon.colcon_core.verb:set package 'navigation' build argument 'cmake_clean_first' from command line to 'False'
[0.558s] Level 5:colcon.colcon_core.verb:set package 'navigation' build argument 'cmake_force_configure' from command line to 'False'
[0.558s] Level 5:colcon.colcon_core.verb:set package 'navigation' build argument 'ament_cmake_args' from command line to 'None'
[0.558s] Level 5:colcon.colcon_core.verb:set package 'navigation' build argument 'catkin_cmake_args' from command line to 'None'
[0.558s] Level 5:colcon.colcon_core.verb:set package 'navigation' build argument 'catkin_skip_building_tests' from command line to 'False'
[0.558s] DEBUG:colcon.colcon_core.verb:Building package 'navigation' with the following arguments: {'ament_cmake_args': None, 'build_base': '/home/eric/2025R2_ws/build/navigation', 'catkin_cmake_args': None, 'catkin_skip_building_tests': False, 'cmake_args': None, 'cmake_clean_cache': False, 'cmake_clean_first': False, 'cmake_force_configure': False, 'cmake_target': None, 'cmake_target_skip_unavailable': False, 'install_base': '/home/eric/2025R2_ws/install/navigation', 'merge_install': False, 'path': '/home/eric/2025R2_ws/src/navigation', 'symlink_install': True, 'test_result_base': None}
[0.558s] Level 5:colcon.colcon_core.verb:set package 'ps4' build argument 'cmake_args' from command line to 'None'
[0.558s] Level 5:colcon.colcon_core.verb:set package 'ps4' build argument 'cmake_target' from command line to 'None'
[0.558s] Level 5:colcon.colcon_core.verb:set package 'ps4' build argument 'cmake_target_skip_unavailable' from command line to 'False'
[0.558s] Level 5:colcon.colcon_core.verb:set package 'ps4' build argument 'cmake_clean_cache' from command line to 'False'
[0.558s] Level 5:colcon.colcon_core.verb:set package 'ps4' build argument 'cmake_clean_first' from command line to 'False'
[0.558s] Level 5:colcon.colcon_core.verb:set package 'ps4' build argument 'cmake_force_configure' from command line to 'False'
[0.558s] Level 5:colcon.colcon_core.verb:set package 'ps4' build argument 'ament_cmake_args' from command line to 'None'
[0.558s] Level 5:colcon.colcon_core.verb:set package 'ps4' build argument 'catkin_cmake_args' from command line to 'None'
[0.558s] Level 5:colcon.colcon_core.verb:set package 'ps4' build argument 'catkin_skip_building_tests' from command line to 'False'
[0.558s] DEBUG:colcon.colcon_core.verb:Building package 'ps4' with the following arguments: {'ament_cmake_args': None, 'build_base': '/home/eric/2025R2_ws/build/ps4', 'catkin_cmake_args': None, 'catkin_skip_building_tests': False, 'cmake_args': None, 'cmake_clean_cache': False, 'cmake_clean_first': False, 'cmake_force_configure': False, 'cmake_target': None, 'cmake_target_skip_unavailable': False, 'install_base': '/home/eric/2025R2_ws/install/ps4', 'merge_install': False, 'path': '/home/eric/2025R2_ws/src/ps4', 'symlink_install': True, 'test_result_base': None}
[0.559s] INFO:colcon.colcon_core.executor:Executing jobs using 'parallel' executor
[0.560s] DEBUG:colcon.colcon_parallel_executor.executor.parallel:run_until_complete
[0.560s] INFO:colcon.colcon_ros.task.ament_python.build:Building ROS package in '/home/eric/2025R2_ws/src/damiao' with build type 'ament_python'
[0.561s] Level 1:colcon.colcon_core.shell:create_environment_hook('damiao', 'ament_prefix_path')
[0.573s] INFO:colcon.colcon_core.plugin_system:Skipping extension 'colcon_core.shell.bat': Not used on non-Windows systems
[0.574s] INFO:colcon.colcon_core.shell:Creating environment hook '/home/eric/2025R2_ws/install/damiao/share/damiao/hook/ament_prefix_path.ps1'
[0.575s] INFO:colcon.colcon_core.shell:Creating environment descriptor '/home/eric/2025R2_ws/install/damiao/share/damiao/hook/ament_prefix_path.dsv'
[0.576s] INFO:colcon.colcon_core.shell:Creating environment hook '/home/eric/2025R2_ws/install/damiao/share/damiao/hook/ament_prefix_path.sh'
[0.577s] INFO:colcon.colcon_core.shell:Skip shell extension 'powershell' for command environment: Not usable outside of PowerShell
[0.577s] DEBUG:colcon.colcon_core.shell:Skip shell extension 'dsv' for command environment
[0.583s] INFO:colcon.colcon_ros.task.ament_python.build:Building ROS package in '/home/eric/2025R2_ws/src/navigation' with build type 'ament_python'
[0.583s] Level 1:colcon.colcon_core.shell:create_environment_hook('navigation', 'ament_prefix_path')
[0.583s] INFO:colcon.colcon_core.shell:Creating environment hook '/home/eric/2025R2_ws/install/navigation/share/navigation/hook/ament_prefix_path.ps1'
[0.584s] INFO:colcon.colcon_core.shell:Creating environment descriptor '/home/eric/2025R2_ws/install/navigation/share/navigation/hook/ament_prefix_path.dsv'
[0.585s] INFO:colcon.colcon_core.shell:Creating environment hook '/home/eric/2025R2_ws/install/navigation/share/navigation/hook/ament_prefix_path.sh'
[0.588s] INFO:colcon.colcon_core.shell:Skip shell extension 'powershell' for command environment: Not usable outside of PowerShell
[0.588s] DEBUG:colcon.colcon_core.shell:Skip shell extension 'dsv' for command environment
[0.594s] INFO:colcon.colcon_ros.task.ament_python.build:Building ROS package in '/home/eric/2025R2_ws/src/ps4' with build type 'ament_python'
[0.595s] Level 1:colcon.colcon_core.shell:create_environment_hook('ps4', 'ament_prefix_path')
[0.596s] INFO:colcon.colcon_core.shell:Creating environment hook '/home/eric/2025R2_ws/install/ps4/share/ps4/hook/ament_prefix_path.ps1'
[0.597s] INFO:colcon.colcon_core.shell:Creating environment descriptor '/home/eric/2025R2_ws/install/ps4/share/ps4/hook/ament_prefix_path.dsv'
[0.598s] INFO:colcon.colcon_core.shell:Creating environment hook '/home/eric/2025R2_ws/install/ps4/share/ps4/hook/ament_prefix_path.sh'
[0.599s] INFO:colcon.colcon_core.shell:Skip shell extension 'powershell' for command environment: Not usable outside of PowerShell
[0.599s] DEBUG:colcon.colcon_core.shell:Skip shell extension 'dsv' for command environment
[0.932s] INFO:colcon.colcon_core.task.python.build:Building Python package in '/home/eric/2025R2_ws/src/damiao'
[0.932s] INFO:colcon.colcon_core.shell:Skip shell extension 'powershell' for command environment: Not usable outside of PowerShell
[0.932s] DEBUG:colcon.colcon_core.shell:Skip shell extension 'dsv' for command environment
[1.260s] INFO:colcon.colcon_core.task.python.build:Building Python package in '/home/eric/2025R2_ws/src/navigation'
[1.260s] INFO:colcon.colcon_core.shell:Skip shell extension 'powershell' for command environment: Not usable outside of PowerShell
[1.260s] DEBUG:colcon.colcon_core.shell:Skip shell extension 'dsv' for command environment
[1.587s] INFO:colcon.colcon_core.task.python.build:Building Python package in '/home/eric/2025R2_ws/src/ps4'
[1.587s] INFO:colcon.colcon_core.shell:Skip shell extension 'powershell' for command environment: Not usable outside of PowerShell
[1.587s] DEBUG:colcon.colcon_core.shell:Skip shell extension 'dsv' for command environment
[2.640s] DEBUG:colcon.colcon_core.event_handler.log_command:Invoking command in '/home/eric/2025R2_ws/build/ps4': DEBUGINFOD_URLS=https://debuginfod.ubuntu.com PYTHONPATH=/home/eric/2025R2_ws/build/ps4/prefix_override:/usr/lib/python3/dist-packages/colcon_core/task/python/colcon_distutils_commands:/home/eric/2025R2_ws/install/ps4/lib/python3.12/site-packages:${PYTHONPATH} /usr/bin/python3 -W ignore:setup.py install is deprecated -W ignore:easy_install command is deprecated setup.py develop --editable --build-directory /home/eric/2025R2_ws/build/ps4/build --no-deps symlink_data
[2.646s] DEBUG:colcon.colcon_core.event_handler.log_command:Invoking command in '/home/eric/2025R2_ws/build/navigation': DEBUGINFOD_URLS=https://debuginfod.ubuntu.com PYTHONPATH=/home/eric/2025R2_ws/build/navigation/prefix_override:/usr/lib/python3/dist-packages/colcon_core/task/python/colcon_distutils_commands:/home/eric/2025R2_ws/install/navigation/lib/python3.12/site-packages:${PYTHONPATH} /usr/bin/python3 -W ignore:setup.py install is deprecated -W ignore:easy_install command is deprecated setup.py develop --editable --build-directory /home/eric/2025R2_ws/build/navigation/build --no-deps symlink_data
[2.655s] DEBUG:colcon.colcon_core.event_handler.log_command:Invoking command in '/home/eric/2025R2_ws/build/damiao': DEBUGINFOD_URLS=https://debuginfod.ubuntu.com PYTHONPATH=/home/eric/2025R2_ws/build/damiao/prefix_override:/usr/lib/python3/dist-packages/colcon_core/task/python/colcon_distutils_commands:/home/eric/2025R2_ws/install/damiao/lib/python3.12/site-packages:${PYTHONPATH} /usr/bin/python3 -W ignore:setup.py install is deprecated -W ignore:easy_install command is deprecated setup.py develop --editable --build-directory /home/eric/2025R2_ws/build/damiao/build --no-deps symlink_data
[3.706s] Level 1:colcon.colcon_core.shell:create_environment_hook('damiao', 'pythonpath_develop')
[3.707s] INFO:colcon.colcon_core.shell:Creating environment hook '/home/eric/2025R2_ws/build/damiao/share/damiao/hook/pythonpath_develop.ps1'
[3.712s] DEBUG:colcon.colcon_core.event_handler.log_command:Invoked command in '/home/eric/2025R2_ws/build/damiao' returned '0': DEBUGINFOD_URLS=https://debuginfod.ubuntu.com PYTHONPATH=/home/eric/2025R2_ws/build/damiao/prefix_override:/usr/lib/python3/dist-packages/colcon_core/task/python/colcon_distutils_commands:/home/eric/2025R2_ws/install/damiao/lib/python3.12/site-packages:${PYTHONPATH} /usr/bin/python3 -W ignore:setup.py install is deprecated -W ignore:easy_install command is deprecated setup.py develop --editable --build-directory /home/eric/2025R2_ws/build/damiao/build --no-deps symlink_data
[3.713s] INFO:colcon.colcon_core.shell:Creating environment descriptor '/home/eric/2025R2_ws/build/damiao/share/damiao/hook/pythonpath_develop.dsv'
[3.714s] INFO:colcon.colcon_core.shell:Creating environment hook '/home/eric/2025R2_ws/build/damiao/share/damiao/hook/pythonpath_develop.sh'
[3.728s] Level 1:colcon.colcon_core.environment:checking '/home/eric/2025R2_ws/install/damiao' for CMake module files
[3.729s] Level 1:colcon.colcon_core.environment:checking '/home/eric/2025R2_ws/install/damiao' for CMake config files
[3.731s] Level 1:colcon.colcon_core.environment:checking '/home/eric/2025R2_ws/install/damiao/lib'
[3.732s] Level 1:colcon.colcon_core.environment:checking '/home/eric/2025R2_ws/install/damiao/bin'
[3.732s] Level 1:colcon.colcon_core.environment:checking '/home/eric/2025R2_ws/install/damiao/lib/pkgconfig/damiao.pc'
[3.733s] Level 1:colcon.colcon_core.environment:checking '/home/eric/2025R2_ws/install/damiao/lib/python3.12/site-packages'
[3.733s] Level 1:colcon.colcon_core.shell:create_environment_hook('damiao', 'pythonpath')
[3.733s] INFO:colcon.colcon_core.shell:Creating environment hook '/home/eric/2025R2_ws/install/damiao/share/damiao/hook/pythonpath.ps1'
[3.735s] INFO:colcon.colcon_core.shell:Creating environment descriptor '/home/eric/2025R2_ws/install/damiao/share/damiao/hook/pythonpath.dsv'
[3.736s] INFO:colcon.colcon_core.shell:Creating environment hook '/home/eric/2025R2_ws/install/damiao/share/damiao/hook/pythonpath.sh'
[3.737s] Level 1:colcon.colcon_core.environment:checking '/home/eric/2025R2_ws/install/damiao/bin'
[3.737s] Level 1:colcon.colcon_core.environment:create_environment_scripts_only(damiao)
[3.738s] INFO:colcon.colcon_core.shell:Creating package script '/home/eric/2025R2_ws/install/damiao/share/damiao/package.ps1'
[3.740s] INFO:colcon.colcon_core.shell:Creating package descriptor '/home/eric/2025R2_ws/install/damiao/share/damiao/package.dsv'
[3.742s] INFO:colcon.colcon_core.shell:Creating package script '/home/eric/2025R2_ws/install/damiao/share/damiao/package.sh'
[3.744s] INFO:colcon.colcon_core.shell:Creating package script '/home/eric/2025R2_ws/install/damiao/share/damiao/package.bash'
[3.746s] INFO:colcon.colcon_core.shell:Creating package script '/home/eric/2025R2_ws/install/damiao/share/damiao/package.zsh'
[3.748s] Level 1:colcon.colcon_core.environment:create_file_with_runtime_dependencies(/home/eric/2025R2_ws/install/damiao/share/colcon-core/packages/damiao)
[3.752s] Level 1:colcon.colcon_core.shell:create_environment_hook('ps4', 'pythonpath_develop')
[3.753s] INFO:colcon.colcon_core.shell:Creating environment hook '/home/eric/2025R2_ws/build/ps4/share/ps4/hook/pythonpath_develop.ps1'
[3.755s] DEBUG:colcon.colcon_core.event_handler.log_command:Invoked command in '/home/eric/2025R2_ws/build/ps4' returned '0': DEBUGINFOD_URLS=https://debuginfod.ubuntu.com PYTHONPATH=/home/eric/2025R2_ws/build/ps4/prefix_override:/usr/lib/python3/dist-packages/colcon_core/task/python/colcon_distutils_commands:/home/eric/2025R2_ws/install/ps4/lib/python3.12/site-packages:${PYTHONPATH} /usr/bin/python3 -W ignore:setup.py install is deprecated -W ignore:easy_install command is deprecated setup.py develop --editable --build-directory /home/eric/2025R2_ws/build/ps4/build --no-deps symlink_data
[3.756s] INFO:colcon.colcon_core.shell:Creating environment descriptor '/home/eric/2025R2_ws/build/ps4/share/ps4/hook/pythonpath_develop.dsv'
[3.764s] INFO:colcon.colcon_core.shell:Creating environment hook '/home/eric/2025R2_ws/build/ps4/share/ps4/hook/pythonpath_develop.sh'
[3.767s] Level 1:colcon.colcon_core.environment:checking '/home/eric/2025R2_ws/install/ps4' for CMake module files
[3.771s] Level 1:colcon.colcon_core.environment:checking '/home/eric/2025R2_ws/install/ps4' for CMake config files
[3.779s] Level 1:colcon.colcon_core.environment:checking '/home/eric/2025R2_ws/install/ps4/lib'
[3.780s] Level 1:colcon.colcon_core.environment:checking '/home/eric/2025R2_ws/install/ps4/bin'
[3.780s] Level 1:colcon.colcon_core.environment:checking '/home/eric/2025R2_ws/install/ps4/lib/pkgconfig/ps4.pc'
[3.781s] Level 1:colcon.colcon_core.environment:checking '/home/eric/2025R2_ws/install/ps4/lib/python3.12/site-packages'
[3.781s] Level 1:colcon.colcon_core.shell:create_environment_hook('ps4', 'pythonpath')
[3.782s] INFO:colcon.colcon_core.shell:Creating environment hook '/home/eric/2025R2_ws/install/ps4/share/ps4/hook/pythonpath.ps1'
[3.782s] INFO:colcon.colcon_core.shell:Creating environment descriptor '/home/eric/2025R2_ws/install/ps4/share/ps4/hook/pythonpath.dsv'
[3.783s] INFO:colcon.colcon_core.shell:Creating environment hook '/home/eric/2025R2_ws/install/ps4/share/ps4/hook/pythonpath.sh'
[3.784s] Level 1:colcon.colcon_core.environment:checking '/home/eric/2025R2_ws/install/ps4/bin'
[3.785s] Level 1:colcon.colcon_core.environment:create_environment_scripts_only(ps4)
[3.785s] INFO:colcon.colcon_core.shell:Creating package script '/home/eric/2025R2_ws/install/ps4/share/ps4/package.ps1'
[3.786s] INFO:colcon.colcon_core.shell:Creating package descriptor '/home/eric/2025R2_ws/install/ps4/share/ps4/package.dsv'
[3.787s] INFO:colcon.colcon_core.shell:Creating package script '/home/eric/2025R2_ws/install/ps4/share/ps4/package.sh'
[3.788s] INFO:colcon.colcon_core.shell:Creating package script '/home/eric/2025R2_ws/install/ps4/share/ps4/package.bash'
[3.789s] INFO:colcon.colcon_core.shell:Creating package script '/home/eric/2025R2_ws/install/ps4/share/ps4/package.zsh'
[3.790s] Level 1:colcon.colcon_core.environment:create_file_with_runtime_dependencies(/home/eric/2025R2_ws/install/ps4/share/colcon-core/packages/ps4)
[3.815s] Level 1:colcon.colcon_core.shell:create_environment_hook('navigation', 'pythonpath_develop')
[3.815s] INFO:colcon.colcon_core.shell:Creating environment hook '/home/eric/2025R2_ws/build/navigation/share/navigation/hook/pythonpath_develop.ps1'
[3.816s] DEBUG:colcon.colcon_core.event_handler.log_command:Invoked command in '/home/eric/2025R2_ws/build/navigation' returned '0': DEBUGINFOD_URLS=https://debuginfod.ubuntu.com PYTHONPATH=/home/eric/2025R2_ws/build/navigation/prefix_override:/usr/lib/python3/dist-packages/colcon_core/task/python/colcon_distutils_commands:/home/eric/2025R2_ws/install/navigation/lib/python3.12/site-packages:${PYTHONPATH} /usr/bin/python3 -W ignore:setup.py install is deprecated -W ignore:easy_install command is deprecated setup.py develop --editable --build-directory /home/eric/2025R2_ws/build/navigation/build --no-deps symlink_data
[3.816s] INFO:colcon.colcon_core.shell:Creating environment descriptor '/home/eric/2025R2_ws/build/navigation/share/navigation/hook/pythonpath_develop.dsv'
[3.817s] INFO:colcon.colcon_core.shell:Creating environment hook '/home/eric/2025R2_ws/build/navigation/share/navigation/hook/pythonpath_develop.sh'
[3.819s] Level 1:colcon.colcon_core.environment:checking '/home/eric/2025R2_ws/install/navigation' for CMake module files
[3.820s] Level 1:colcon.colcon_core.environment:checking '/home/eric/2025R2_ws/install/navigation' for CMake config files
[3.821s] Level 1:colcon.colcon_core.environment:checking '/home/eric/2025R2_ws/install/navigation/lib'
[3.822s] Level 1:colcon.colcon_core.environment:checking '/home/eric/2025R2_ws/install/navigation/bin'
[3.822s] Level 1:colcon.colcon_core.environment:checking '/home/eric/2025R2_ws/install/navigation/lib/pkgconfig/navigation.pc'
[3.822s] Level 1:colcon.colcon_core.environment:checking '/home/eric/2025R2_ws/install/navigation/lib/python3.12/site-packages'
[3.822s] Level 1:colcon.colcon_core.shell:create_environment_hook('navigation', 'pythonpath')
[3.823s] INFO:colcon.colcon_core.shell:Creating environment hook '/home/eric/2025R2_ws/install/navigation/share/navigation/hook/pythonpath.ps1'
[3.824s] INFO:colcon.colcon_core.shell:Creating environment descriptor '/home/eric/2025R2_ws/install/navigation/share/navigation/hook/pythonpath.dsv'
[3.825s] INFO:colcon.colcon_core.shell:Creating environment hook '/home/eric/2025R2_ws/install/navigation/share/navigation/hook/pythonpath.sh'
[3.826s] Level 1:colcon.colcon_core.environment:checking '/home/eric/2025R2_ws/install/navigation/bin'
[3.826s] Level 1:colcon.colcon_core.environment:create_environment_scripts_only(navigation)
[3.826s] INFO:colcon.colcon_core.shell:Creating package script '/home/eric/2025R2_ws/install/navigation/share/navigation/package.ps1'
[3.828s] INFO:colcon.colcon_core.shell:Creating package descriptor '/home/eric/2025R2_ws/install/navigation/share/navigation/package.dsv'
[3.829s] INFO:colcon.colcon_core.shell:Creating package script '/home/eric/2025R2_ws/install/navigation/share/navigation/package.sh'
[3.830s] INFO:colcon.colcon_core.shell:Creating package script '/home/eric/2025R2_ws/install/navigation/share/navigation/package.bash'
[3.830s] INFO:colcon.colcon_core.shell:Creating package script '/home/eric/2025R2_ws/install/navigation/share/navigation/package.zsh'
[3.831s] Level 1:colcon.colcon_core.environment:create_file_with_runtime_dependencies(/home/eric/2025R2_ws/install/navigation/share/colcon-core/packages/navigation)
[3.832s] DEBUG:colcon.colcon_parallel_executor.executor.parallel:closing loop
[3.833s] DEBUG:colcon.colcon_parallel_executor.executor.parallel:loop closed
[3.833s] DEBUG:colcon.colcon_parallel_executor.executor.parallel:run_until_complete finished with '0'
[3.833s] DEBUG:colcon.colcon_core.event_reactor:joining thread
[3.844s] INFO:colcon.colcon_core.plugin_system:Skipping extension 'colcon_notification.desktop_notification.terminal_notifier': Not used on non-Darwin systems
[3.844s] INFO:colcon.colcon_core.plugin_system:Skipping extension 'colcon_notification.desktop_notification.win32': Not used on non-Windows systems
[3.844s] INFO:colcon.colcon_notification.desktop_notification:Sending desktop notification using 'notify2'
[3.874s] DEBUG:colcon.colcon_core.event_reactor:joined thread
[3.875s] INFO:colcon.colcon_core.shell:Creating prefix script '/home/eric/2025R2_ws/install/local_setup.ps1'
[3.876s] INFO:colcon.colcon_core.shell:Creating prefix util module '/home/eric/2025R2_ws/install/_local_setup_util_ps1.py'
[3.878s] INFO:colcon.colcon_core.shell:Creating prefix chain script '/home/eric/2025R2_ws/install/setup.ps1'
[3.880s] INFO:colcon.colcon_core.shell:Creating prefix script '/home/eric/2025R2_ws/install/local_setup.sh'
[3.882s] INFO:colcon.colcon_core.shell:Creating prefix util module '/home/eric/2025R2_ws/install/_local_setup_util_sh.py'
[3.884s] INFO:colcon.colcon_core.shell:Creating prefix chain script '/home/eric/2025R2_ws/install/setup.sh'
[3.885s] INFO:colcon.colcon_core.shell:Creating prefix script '/home/eric/2025R2_ws/install/local_setup.bash'
[3.886s] INFO:colcon.colcon_core.shell:Creating prefix chain script '/home/eric/2025R2_ws/install/setup.bash'
[3.888s] INFO:colcon.colcon_core.shell:Creating prefix script '/home/eric/2025R2_ws/install/local_setup.zsh'
[3.889s] INFO:colcon.colcon_core.shell:Creating prefix chain script '/home/eric/2025R2_ws/install/setup.zsh'
