[2.691s] Invoking command in '/home/robotics/Robocon2025_R2/2025R2_ws/build/ps4': DEBUGINFOD_URLS=https://debuginfod.ubuntu.com PS1=(venv) PYTHONPATH=/home/robotics/Robocon2025_R2/2025R2_ws/build/ps4/prefix_override:/usr/lib/python3/dist-packages/colcon_core/task/python/colcon_distutils_commands:/home/robotics/Robocon2025_R2/2025R2_ws/install/ps4/lib/python3.12/site-packages:${PYTHONPATH} /usr/bin/python3 -W ignore:setup.py install is deprecated -W ignore:easy_install command is deprecated setup.py develop --editable --build-directory /home/robotics/Robocon2025_R2/2025R2_ws/build/ps4/build --no-deps symlink_data
[3.320s] running develop
[3.616s] /usr/lib/python3/dist-packages/setuptools/command/easy_install.py:363: UserWarning: Unbuilt egg for pytest-repeat [unknown version] (/usr/lib/python3/dist-packages)
[3.616s]   self.local_index = Environment(self.shadow_path + sys.path)
[3.686s] running egg_info
[3.712s] writing ps4.egg-info/PKG-INFO
[3.713s] writing dependency_links to ps4.egg-info/dependency_links.txt
[3.713s] writing entry points to ps4.egg-info/entry_points.txt
[3.714s] writing requirements to ps4.egg-info/requires.txt
[3.715s] writing top-level names to ps4.egg-info/top_level.txt
[3.811s] reading manifest file 'ps4.egg-info/SOURCES.txt'
[3.813s] writing manifest file 'ps4.egg-info/SOURCES.txt'
[3.885s] running build_ext
[3.886s] Creating /home/robotics/Robocon2025_R2/2025R2_ws/install/ps4/lib/python3.12/site-packages/ps4.egg-link (link to .)
[3.888s] Installing ps4_publisher script to /home/robotics/Robocon2025_R2/2025R2_ws/install/ps4/lib/ps4
[3.888s] Installing ps4_subscriber script to /home/robotics/Robocon2025_R2/2025R2_ws/install/ps4/lib/ps4
[3.889s] 
[3.889s] Installed /home/robotics/Robocon2025_R2/2025R2_ws/build/ps4
[3.890s] running symlink_data
[4.108s] Invoked command in '/home/robotics/Robocon2025_R2/2025R2_ws/build/ps4' returned '0': DEBUGINFOD_URLS=https://debuginfod.ubuntu.com PS1=(venv) PYTHONPATH=/home/robotics/Robocon2025_R2/2025R2_ws/build/ps4/prefix_override:/usr/lib/python3/dist-packages/colcon_core/task/python/colcon_distutils_commands:/home/robotics/Robocon2025_R2/2025R2_ws/install/ps4/lib/python3.12/site-packages:${PYTHONPATH} /usr/bin/python3 -W ignore:setup.py install is deprecated -W ignore:easy_install command is deprecated setup.py develop --editable --build-directory /home/robotics/Robocon2025_R2/2025R2_ws/build/ps4/build --no-deps symlink_data
