[2.290s] Invoking command in '/home/eric/2025R2_ws/src/damiao': DEBUGINFOD_URLS=https://debuginfod.ubuntu.com PYTHONPATH=/home/eric/2025R2_ws/build/damiao/prefix_override:/usr/lib/python3/dist-packages/colcon_core/task/python/colcon_distutils_commands:/home/eric/2025R2_ws/install/damiao/lib/python3.12/site-packages:${PYTHONPATH} /usr/bin/python3 -W ignore:setup.py install is deprecated -W ignore:easy_install command is deprecated setup.py egg_info --egg-base ../../build/damiao build --build-base /home/eric/2025R2_ws/build/damiao/build install --record /home/eric/2025R2_ws/build/damiao/install.log --single-version-externally-managed install_data
[2.750s] running egg_info
[2.777s] writing ../../build/damiao/damiao.egg-info/PKG-INFO
[2.777s] writing dependency_links to ../../build/damiao/damiao.egg-info/dependency_links.txt
[2.778s] writing entry points to ../../build/damiao/damiao.egg-info/entry_points.txt
[2.779s] writing requirements to ../../build/damiao/damiao.egg-info/requires.txt
[2.779s] writing top-level names to ../../build/damiao/damiao.egg-info/top_level.txt
[2.843s] reading manifest file '../../build/damiao/damiao.egg-info/SOURCES.txt'
[2.844s] writing manifest file '../../build/damiao/damiao.egg-info/SOURCES.txt'
[2.844s] running build
[2.844s] running build_py
[2.844s] running install
[2.854s] running install_lib
[2.883s] running install_data
[2.884s] running install_egg_info
[2.921s] removing '/home/eric/2025R2_ws/install/damiao/lib/python3.12/site-packages/damiao-0.0.0-py3.12.egg-info' (and everything under it)
[2.921s] Copying ../../build/damiao/damiao.egg-info to /home/eric/2025R2_ws/install/damiao/lib/python3.12/site-packages/damiao-0.0.0-py3.12.egg-info
[2.925s] running install_scripts
[3.144s] Installing damiao_node script to /home/eric/2025R2_ws/install/damiao/lib/damiao
[3.145s] writing list of installed files to '/home/eric/2025R2_ws/build/damiao/install.log'
[3.268s] Invoked command in '/home/eric/2025R2_ws/src/damiao' returned '0': DEBUGINFOD_URLS=https://debuginfod.ubuntu.com PYTHONPATH=/home/eric/2025R2_ws/build/damiao/prefix_override:/usr/lib/python3/dist-packages/colcon_core/task/python/colcon_distutils_commands:/home/eric/2025R2_ws/install/damiao/lib/python3.12/site-packages:${PYTHONPATH} /usr/bin/python3 -W ignore:setup.py install is deprecated -W ignore:easy_install command is deprecated setup.py egg_info --egg-base ../../build/damiao build --build-base /home/eric/2025R2_ws/build/damiao/build install --record /home/eric/2025R2_ws/build/damiao/install.log --single-version-externally-managed install_data
