running develop
running egg_info
writing ps4.egg-info/PKG-INFO
writing dependency_links to ps4.egg-info/dependency_links.txt
writing entry points to ps4.egg-info/entry_points.txt
writing requirements to ps4.egg-info/requires.txt
writing top-level names to ps4.egg-info/top_level.txt
reading manifest file 'ps4.egg-info/SOURCES.txt'
writing manifest file 'ps4.egg-info/SOURCES.txt'
running build_ext
Creating /home/robotics/Robocon2025_R2/2025R2_ws/install/ps4/lib/python3.12/site-packages/ps4.egg-link (link to .)
Installing ps4_publisher script to /home/robotics/Robocon2025_R2/2025R2_ws/install/ps4/lib/ps4
Installing ps4_subscriber script to /home/robotics/Robocon2025_R2/2025R2_ws/install/ps4/lib/ps4

Installed /home/robotics/Robocon2025_R2/2025R2_ws/build/ps4
running symlink_data
creating /home/robotics/Robocon2025_R2/2025R2_ws/install/ps4/share/ament_index
creating /home/robotics/Robocon2025_R2/2025R2_ws/install/ps4/share/ament_index/resource_index
creating /home/robotics/Robocon2025_R2/2025R2_ws/install/ps4/share/ament_index/resource_index/packages
symbolically linking /home/robotics/Robocon2025_R2/2025R2_ws/build/ps4/resource/ps4 -> /home/robotics/Robocon2025_R2/2025R2_ws/install/ps4/share/ament_index/resource_index/packages
symbolically linking /home/robotics/Robocon2025_R2/2025R2_ws/build/ps4/package.xml -> /home/robotics/Robocon2025_R2/2025R2_ws/install/ps4/share/ps4
