[0.787s] DEBUG:colcon:Command line arguments: ['/usr/bin/colcon', 'build', '--symlink-install']
[0.787s] DEBUG:colcon:Parsed command line arguments: Namespace(log_base=None, log_level=None, verb_name='build', build_base='build', install_base='install', merge_install=False, symlink_install=True, test_result_base=None, continue_on_error=False, executor='parallel', parallel_workers=4, event_handlers=None, ignore_user_meta=False, metas=['./colcon.meta'], base_paths=['.'], packages_ignore=None, packages_ignore_regex=None, paths=None, packages_up_to=None, packages_up_to_regex=None, packages_above=None, packages_above_and_dependencies=None, packages_above_depth=None, packages_select_by_dep=None, packages_skip_by_dep=None, packages_skip_up_to=None, packages_select_build_failed=False, packages_skip_build_finished=False, packages_select_test_failures=False, packages_skip_test_passed=False, packages_select=None, packages_skip=None, packages_select_regex=None, packages_skip_regex=None, packages_start=None, packages_end=None, allow_overriding=[], cmake_args=None, cmake_target=None, cmake_target_skip_unavailable=False, cmake_clean_cache=False, cmake_clean_first=False, cmake_force_configure=False, ament_cmake_args=None, catkin_cmake_args=None, catkin_skip_building_tests=False, mixin_files=None, mixin=None, verb_parser=<colcon_mixin.mixin.mixin_argument.MixinArgumentDecorator object at 0xffffaeee0d40>, verb_extension=<colcon_core.verb.build.BuildVerb object at 0xffffaf0a0a10>, main=<bound method BuildVerb.main of <colcon_core.verb.build.BuildVerb object at 0xffffaf0a0a10>>, mixin_verb=('build',))
[0.939s] Level 1:colcon.colcon_core.package_discovery:discover_packages(colcon_meta) check parameters
[0.940s] Level 1:colcon.colcon_core.package_discovery:discover_packages(recursive) check parameters
[0.940s] Level 1:colcon.colcon_core.package_discovery:discover_packages(ignore) check parameters
[0.940s] Level 1:colcon.colcon_core.package_discovery:discover_packages(path) check parameters
[0.940s] Level 1:colcon.colcon_core.package_discovery:discover_packages(colcon_meta) discover
[0.940s] Level 1:colcon.colcon_core.package_discovery:discover_packages(recursive) discover
[0.940s] INFO:colcon.colcon_core.package_discovery:Crawling recursively for packages in '/home/robotics/Robocon2025_R2/2025R2_ws'
[0.940s] Level 1:colcon.colcon_core.package_identification:_identify(.) by extensions ['ignore', 'ignore_ament_install']
[0.940s] Level 1:colcon.colcon_core.package_identification:_identify(.) by extension 'ignore'
[0.940s] Level 1:colcon.colcon_core.package_identification:_identify(.) by extension 'ignore_ament_install'
[0.940s] Level 1:colcon.colcon_core.package_identification:_identify(.) by extensions ['colcon_pkg']
[0.941s] Level 1:colcon.colcon_core.package_identification:_identify(.) by extension 'colcon_pkg'
[0.941s] Level 1:colcon.colcon_core.package_identification:_identify(.) by extensions ['colcon_meta']
[0.941s] Level 1:colcon.colcon_core.package_identification:_identify(.) by extension 'colcon_meta'
[0.941s] Level 1:colcon.colcon_core.package_identification:_identify(.) by extensions ['ros']
[0.941s] Level 1:colcon.colcon_core.package_identification:_identify(.) by extension 'ros'
[1.020s] Level 1:colcon.colcon_core.package_identification:_identify(.) by extensions ['cmake', 'python']
[1.020s] Level 1:colcon.colcon_core.package_identification:_identify(.) by extension 'cmake'
[1.020s] Level 1:colcon.colcon_core.package_identification:_identify(.) by extension 'python'
[1.021s] Level 1:colcon.colcon_core.package_identification:_identify(.) by extensions ['python_setup_py']
[1.021s] Level 1:colcon.colcon_core.package_identification:_identify(.) by extension 'python_setup_py'
[1.022s] Level 1:colcon.colcon_core.package_identification:_identify(build) by extensions ['ignore', 'ignore_ament_install']
[1.022s] Level 1:colcon.colcon_core.package_identification:_identify(build) by extension 'ignore'
[1.022s] Level 1:colcon.colcon_core.package_identification:_identify(build) ignored
[1.022s] Level 1:colcon.colcon_core.package_identification:_identify(install) by extensions ['ignore', 'ignore_ament_install']
[1.023s] Level 1:colcon.colcon_core.package_identification:_identify(install) by extension 'ignore'
[1.023s] Level 1:colcon.colcon_core.package_identification:_identify(install) ignored
[1.023s] Level 1:colcon.colcon_core.package_identification:_identify(log) by extensions ['ignore', 'ignore_ament_install']
[1.023s] Level 1:colcon.colcon_core.package_identification:_identify(log) by extension 'ignore'
[1.023s] Level 1:colcon.colcon_core.package_identification:_identify(log) ignored
[1.023s] Level 1:colcon.colcon_core.package_identification:_identify(src) by extensions ['ignore', 'ignore_ament_install']
[1.023s] Level 1:colcon.colcon_core.package_identification:_identify(src) by extension 'ignore'
[1.023s] Level 1:colcon.colcon_core.package_identification:_identify(src) by extension 'ignore_ament_install'
[1.023s] Level 1:colcon.colcon_core.package_identification:_identify(src) by extensions ['colcon_pkg']
[1.023s] Level 1:colcon.colcon_core.package_identification:_identify(src) by extension 'colcon_pkg'
[1.023s] Level 1:colcon.colcon_core.package_identification:_identify(src) by extensions ['colcon_meta']
[1.023s] Level 1:colcon.colcon_core.package_identification:_identify(src) by extension 'colcon_meta'
[1.024s] Level 1:colcon.colcon_core.package_identification:_identify(src) by extensions ['ros']
[1.024s] Level 1:colcon.colcon_core.package_identification:_identify(src) by extension 'ros'
[1.024s] Level 1:colcon.colcon_core.package_identification:_identify(src) by extensions ['cmake', 'python']
[1.024s] Level 1:colcon.colcon_core.package_identification:_identify(src) by extension 'cmake'
[1.024s] Level 1:colcon.colcon_core.package_identification:_identify(src) by extension 'python'
[1.024s] Level 1:colcon.colcon_core.package_identification:_identify(src) by extensions ['python_setup_py']
[1.024s] Level 1:colcon.colcon_core.package_identification:_identify(src) by extension 'python_setup_py'
[1.024s] Level 1:colcon.colcon_core.package_identification:_identify(src/damiao) by extensions ['ignore', 'ignore_ament_install']
[1.024s] Level 1:colcon.colcon_core.package_identification:_identify(src/damiao) by extension 'ignore'
[1.024s] Level 1:colcon.colcon_core.package_identification:_identify(src/damiao) by extension 'ignore_ament_install'
[1.024s] Level 1:colcon.colcon_core.package_identification:_identify(src/damiao) by extensions ['colcon_pkg']
[1.024s] Level 1:colcon.colcon_core.package_identification:_identify(src/damiao) by extension 'colcon_pkg'
[1.024s] Level 1:colcon.colcon_core.package_identification:_identify(src/damiao) by extensions ['colcon_meta']
[1.024s] Level 1:colcon.colcon_core.package_identification:_identify(src/damiao) by extension 'colcon_meta'
[1.024s] Level 1:colcon.colcon_core.package_identification:_identify(src/damiao) by extensions ['ros']
[1.024s] Level 1:colcon.colcon_core.package_identification:_identify(src/damiao) by extension 'ros'
[1.031s] DEBUG:colcon.colcon_core.package_identification:Package 'src/damiao' with type 'ros.ament_python' and name 'damiao'
[1.031s] Level 1:colcon.colcon_core.package_identification:_identify(src/navigation) by extensions ['ignore', 'ignore_ament_install']
[1.031s] Level 1:colcon.colcon_core.package_identification:_identify(src/navigation) by extension 'ignore'
[1.031s] Level 1:colcon.colcon_core.package_identification:_identify(src/navigation) by extension 'ignore_ament_install'
[1.031s] Level 1:colcon.colcon_core.package_identification:_identify(src/navigation) by extensions ['colcon_pkg']
[1.031s] Level 1:colcon.colcon_core.package_identification:_identify(src/navigation) by extension 'colcon_pkg'
[1.032s] Level 1:colcon.colcon_core.package_identification:_identify(src/navigation) by extensions ['colcon_meta']
[1.032s] Level 1:colcon.colcon_core.package_identification:_identify(src/navigation) by extension 'colcon_meta'
[1.032s] Level 1:colcon.colcon_core.package_identification:_identify(src/navigation) by extensions ['ros']
[1.032s] Level 1:colcon.colcon_core.package_identification:_identify(src/navigation) by extension 'ros'
[1.033s] DEBUG:colcon.colcon_core.package_identification:Package 'src/navigation' with type 'ros.ament_python' and name 'navigation'
[1.033s] Level 1:colcon.colcon_core.package_identification:_identify(src/ps4) by extensions ['ignore', 'ignore_ament_install']
[1.033s] Level 1:colcon.colcon_core.package_identification:_identify(src/ps4) by extension 'ignore'
[1.033s] Level 1:colcon.colcon_core.package_identification:_identify(src/ps4) by extension 'ignore_ament_install'
[1.033s] Level 1:colcon.colcon_core.package_identification:_identify(src/ps4) by extensions ['colcon_pkg']
[1.033s] Level 1:colcon.colcon_core.package_identification:_identify(src/ps4) by extension 'colcon_pkg'
[1.033s] Level 1:colcon.colcon_core.package_identification:_identify(src/ps4) by extensions ['colcon_meta']
[1.033s] Level 1:colcon.colcon_core.package_identification:_identify(src/ps4) by extension 'colcon_meta'
[1.033s] Level 1:colcon.colcon_core.package_identification:_identify(src/ps4) by extensions ['ros']
[1.033s] Level 1:colcon.colcon_core.package_identification:_identify(src/ps4) by extension 'ros'
[1.034s] DEBUG:colcon.colcon_core.package_identification:Package 'src/ps4' with type 'ros.ament_python' and name 'ps4'
[1.034s] Level 1:colcon.colcon_core.package_discovery:discover_packages(recursive) using defaults
[1.034s] Level 1:colcon.colcon_core.package_discovery:discover_packages(ignore) discover
[1.034s] Level 1:colcon.colcon_core.package_discovery:discover_packages(ignore) using defaults
[1.035s] Level 1:colcon.colcon_core.package_discovery:discover_packages(path) discover
[1.035s] Level 1:colcon.colcon_core.package_discovery:discover_packages(path) using defaults
[1.104s] Level 1:colcon.colcon_core.package_discovery:discover_packages(prefix_path) check parameters
[1.104s] Level 1:colcon.colcon_core.package_discovery:discover_packages(prefix_path) discover
[1.112s] DEBUG:colcon.colcon_installed_package_information.package_discovery:Found 285 installed packages in /opt/ros/jazzy
[1.114s] Level 1:colcon.colcon_core.package_discovery:discover_packages(prefix_path) using defaults
[1.179s] Level 5:colcon.colcon_core.verb:set package 'damiao' build argument 'cmake_args' from command line to 'None'
[1.180s] Level 5:colcon.colcon_core.verb:set package 'damiao' build argument 'cmake_target' from command line to 'None'
[1.180s] Level 5:colcon.colcon_core.verb:set package 'damiao' build argument 'cmake_target_skip_unavailable' from command line to 'False'
[1.180s] Level 5:colcon.colcon_core.verb:set package 'damiao' build argument 'cmake_clean_cache' from command line to 'False'
[1.180s] Level 5:colcon.colcon_core.verb:set package 'damiao' build argument 'cmake_clean_first' from command line to 'False'
[1.180s] Level 5:colcon.colcon_core.verb:set package 'damiao' build argument 'cmake_force_configure' from command line to 'False'
[1.180s] Level 5:colcon.colcon_core.verb:set package 'damiao' build argument 'ament_cmake_args' from command line to 'None'
[1.180s] Level 5:colcon.colcon_core.verb:set package 'damiao' build argument 'catkin_cmake_args' from command line to 'None'
[1.180s] Level 5:colcon.colcon_core.verb:set package 'damiao' build argument 'catkin_skip_building_tests' from command line to 'False'
[1.180s] DEBUG:colcon.colcon_core.verb:Building package 'damiao' with the following arguments: {'ament_cmake_args': None, 'build_base': '/home/robotics/Robocon2025_R2/2025R2_ws/build/damiao', 'catkin_cmake_args': None, 'catkin_skip_building_tests': False, 'cmake_args': None, 'cmake_clean_cache': False, 'cmake_clean_first': False, 'cmake_force_configure': False, 'cmake_target': None, 'cmake_target_skip_unavailable': False, 'install_base': '/home/robotics/Robocon2025_R2/2025R2_ws/install/damiao', 'merge_install': False, 'path': '/home/robotics/Robocon2025_R2/2025R2_ws/src/damiao', 'symlink_install': True, 'test_result_base': None}
[1.180s] Level 5:colcon.colcon_core.verb:set package 'navigation' build argument 'cmake_args' from command line to 'None'
[1.180s] Level 5:colcon.colcon_core.verb:set package 'navigation' build argument 'cmake_target' from command line to 'None'
[1.181s] Level 5:colcon.colcon_core.verb:set package 'navigation' build argument 'cmake_target_skip_unavailable' from command line to 'False'
[1.181s] Level 5:colcon.colcon_core.verb:set package 'navigation' build argument 'cmake_clean_cache' from command line to 'False'
[1.181s] Level 5:colcon.colcon_core.verb:set package 'navigation' build argument 'cmake_clean_first' from command line to 'False'
[1.181s] Level 5:colcon.colcon_core.verb:set package 'navigation' build argument 'cmake_force_configure' from command line to 'False'
[1.181s] Level 5:colcon.colcon_core.verb:set package 'navigation' build argument 'ament_cmake_args' from command line to 'None'
[1.181s] Level 5:colcon.colcon_core.verb:set package 'navigation' build argument 'catkin_cmake_args' from command line to 'None'
[1.181s] Level 5:colcon.colcon_core.verb:set package 'navigation' build argument 'catkin_skip_building_tests' from command line to 'False'
[1.181s] DEBUG:colcon.colcon_core.verb:Building package 'navigation' with the following arguments: {'ament_cmake_args': None, 'build_base': '/home/robotics/Robocon2025_R2/2025R2_ws/build/navigation', 'catkin_cmake_args': None, 'catkin_skip_building_tests': False, 'cmake_args': None, 'cmake_clean_cache': False, 'cmake_clean_first': False, 'cmake_force_configure': False, 'cmake_target': None, 'cmake_target_skip_unavailable': False, 'install_base': '/home/robotics/Robocon2025_R2/2025R2_ws/install/navigation', 'merge_install': False, 'path': '/home/robotics/Robocon2025_R2/2025R2_ws/src/navigation', 'symlink_install': True, 'test_result_base': None}
[1.181s] Level 5:colcon.colcon_core.verb:set package 'ps4' build argument 'cmake_args' from command line to 'None'
[1.181s] Level 5:colcon.colcon_core.verb:set package 'ps4' build argument 'cmake_target' from command line to 'None'
[1.181s] Level 5:colcon.colcon_core.verb:set package 'ps4' build argument 'cmake_target_skip_unavailable' from command line to 'False'
[1.181s] Level 5:colcon.colcon_core.verb:set package 'ps4' build argument 'cmake_clean_cache' from command line to 'False'
[1.181s] Level 5:colcon.colcon_core.verb:set package 'ps4' build argument 'cmake_clean_first' from command line to 'False'
[1.181s] Level 5:colcon.colcon_core.verb:set package 'ps4' build argument 'cmake_force_configure' from command line to 'False'
[1.181s] Level 5:colcon.colcon_core.verb:set package 'ps4' build argument 'ament_cmake_args' from command line to 'None'
[1.181s] Level 5:colcon.colcon_core.verb:set package 'ps4' build argument 'catkin_cmake_args' from command line to 'None'
[1.181s] Level 5:colcon.colcon_core.verb:set package 'ps4' build argument 'catkin_skip_building_tests' from command line to 'False'
[1.181s] DEBUG:colcon.colcon_core.verb:Building package 'ps4' with the following arguments: {'ament_cmake_args': None, 'build_base': '/home/robotics/Robocon2025_R2/2025R2_ws/build/ps4', 'catkin_cmake_args': None, 'catkin_skip_building_tests': False, 'cmake_args': None, 'cmake_clean_cache': False, 'cmake_clean_first': False, 'cmake_force_configure': False, 'cmake_target': None, 'cmake_target_skip_unavailable': False, 'install_base': '/home/robotics/Robocon2025_R2/2025R2_ws/install/ps4', 'merge_install': False, 'path': '/home/robotics/Robocon2025_R2/2025R2_ws/src/ps4', 'symlink_install': True, 'test_result_base': None}
[1.181s] INFO:colcon.colcon_core.executor:Executing jobs using 'parallel' executor
[1.183s] DEBUG:colcon.colcon_parallel_executor.executor.parallel:run_until_complete
[1.183s] INFO:colcon.colcon_ros.task.ament_python.build:Building ROS package in '/home/robotics/Robocon2025_R2/2025R2_ws/src/damiao' with build type 'ament_python'
[1.183s] Level 1:colcon.colcon_core.shell:create_environment_hook('damiao', 'ament_prefix_path')
[1.205s] INFO:colcon.colcon_core.plugin_system:Skipping extension 'colcon_core.shell.bat': Not used on non-Windows systems
[1.205s] INFO:colcon.colcon_core.shell:Creating environment hook '/home/robotics/Robocon2025_R2/2025R2_ws/install/damiao/share/damiao/hook/ament_prefix_path.ps1'
[1.212s] INFO:colcon.colcon_core.shell:Creating environment descriptor '/home/robotics/Robocon2025_R2/2025R2_ws/install/damiao/share/damiao/hook/ament_prefix_path.dsv'
[1.214s] INFO:colcon.colcon_core.shell:Creating environment hook '/home/robotics/Robocon2025_R2/2025R2_ws/install/damiao/share/damiao/hook/ament_prefix_path.sh'
[1.216s] INFO:colcon.colcon_core.shell:Skip shell extension 'powershell' for command environment: Not usable outside of PowerShell
[1.216s] DEBUG:colcon.colcon_core.shell:Skip shell extension 'dsv' for command environment
[1.223s] INFO:colcon.colcon_ros.task.ament_python.build:Building ROS package in '/home/robotics/Robocon2025_R2/2025R2_ws/src/navigation' with build type 'ament_python'
[1.224s] Level 1:colcon.colcon_core.shell:create_environment_hook('navigation', 'ament_prefix_path')
[1.224s] INFO:colcon.colcon_core.shell:Creating environment hook '/home/robotics/Robocon2025_R2/2025R2_ws/install/navigation/share/navigation/hook/ament_prefix_path.ps1'
[1.232s] INFO:colcon.colcon_core.shell:Creating environment descriptor '/home/robotics/Robocon2025_R2/2025R2_ws/install/navigation/share/navigation/hook/ament_prefix_path.dsv'
[1.233s] INFO:colcon.colcon_core.shell:Creating environment hook '/home/robotics/Robocon2025_R2/2025R2_ws/install/navigation/share/navigation/hook/ament_prefix_path.sh'
[1.235s] INFO:colcon.colcon_core.shell:Skip shell extension 'powershell' for command environment: Not usable outside of PowerShell
[1.235s] DEBUG:colcon.colcon_core.shell:Skip shell extension 'dsv' for command environment
[1.243s] INFO:colcon.colcon_ros.task.ament_python.build:Building ROS package in '/home/robotics/Robocon2025_R2/2025R2_ws/src/ps4' with build type 'ament_python'
[1.243s] Level 1:colcon.colcon_core.shell:create_environment_hook('ps4', 'ament_prefix_path')
[1.244s] INFO:colcon.colcon_core.shell:Creating environment hook '/home/robotics/Robocon2025_R2/2025R2_ws/install/ps4/share/ps4/hook/ament_prefix_path.ps1'
[1.252s] INFO:colcon.colcon_core.shell:Creating environment descriptor '/home/robotics/Robocon2025_R2/2025R2_ws/install/ps4/share/ps4/hook/ament_prefix_path.dsv'
[1.253s] INFO:colcon.colcon_core.shell:Creating environment hook '/home/robotics/Robocon2025_R2/2025R2_ws/install/ps4/share/ps4/hook/ament_prefix_path.sh'
[1.256s] INFO:colcon.colcon_core.shell:Skip shell extension 'powershell' for command environment: Not usable outside of PowerShell
[1.256s] DEBUG:colcon.colcon_core.shell:Skip shell extension 'dsv' for command environment
[1.626s] INFO:colcon.colcon_core.task.python.build:Building Python package in '/home/robotics/Robocon2025_R2/2025R2_ws/src/damiao'
[1.626s] INFO:colcon.colcon_core.shell:Skip shell extension 'powershell' for command environment: Not usable outside of PowerShell
[1.626s] DEBUG:colcon.colcon_core.shell:Skip shell extension 'dsv' for command environment
[1.972s] INFO:colcon.colcon_core.task.python.build:Building Python package in '/home/robotics/Robocon2025_R2/2025R2_ws/src/navigation'
[1.972s] INFO:colcon.colcon_core.shell:Skip shell extension 'powershell' for command environment: Not usable outside of PowerShell
[1.972s] DEBUG:colcon.colcon_core.shell:Skip shell extension 'dsv' for command environment
[2.330s] INFO:colcon.colcon_core.task.python.build:Building Python package in '/home/robotics/Robocon2025_R2/2025R2_ws/src/ps4'
[2.330s] INFO:colcon.colcon_core.shell:Skip shell extension 'powershell' for command environment: Not usable outside of PowerShell
[2.330s] DEBUG:colcon.colcon_core.shell:Skip shell extension 'dsv' for command environment
[4.507s] DEBUG:colcon.colcon_core.event_handler.log_command:Invoking command in '/home/robotics/Robocon2025_R2/2025R2_ws/build/ps4': DEBUGINFOD_URLS=https://debuginfod.ubuntu.com PS1=(venv) PYTHONPATH=/home/robotics/Robocon2025_R2/2025R2_ws/build/ps4/prefix_override:/usr/lib/python3/dist-packages/colcon_core/task/python/colcon_distutils_commands:/home/robotics/Robocon2025_R2/2025R2_ws/install/ps4/lib/python3.12/site-packages:${PYTHONPATH} /usr/bin/python3 -W ignore:setup.py install is deprecated -W ignore:easy_install command is deprecated setup.py develop --editable --build-directory /home/robotics/Robocon2025_R2/2025R2_ws/build/ps4/build --no-deps symlink_data
[4.516s] DEBUG:colcon.colcon_core.event_handler.log_command:Invoking command in '/home/robotics/Robocon2025_R2/2025R2_ws/build/damiao': DEBUGINFOD_URLS=https://debuginfod.ubuntu.com PS1=(venv) PYTHONPATH=/home/robotics/Robocon2025_R2/2025R2_ws/build/damiao/prefix_override:/usr/lib/python3/dist-packages/colcon_core/task/python/colcon_distutils_commands:/home/robotics/Robocon2025_R2/2025R2_ws/install/damiao/lib/python3.12/site-packages:${PYTHONPATH} /usr/bin/python3 -W ignore:setup.py install is deprecated -W ignore:easy_install command is deprecated setup.py develop --editable --build-directory /home/robotics/Robocon2025_R2/2025R2_ws/build/damiao/build --no-deps symlink_data
[4.527s] DEBUG:colcon.colcon_core.event_handler.log_command:Invoking command in '/home/robotics/Robocon2025_R2/2025R2_ws/build/navigation': DEBUGINFOD_URLS=https://debuginfod.ubuntu.com PS1=(venv) PYTHONPATH=/home/robotics/Robocon2025_R2/2025R2_ws/build/navigation/prefix_override:/usr/lib/python3/dist-packages/colcon_core/task/python/colcon_distutils_commands:/home/robotics/Robocon2025_R2/2025R2_ws/install/navigation/lib/python3.12/site-packages:${PYTHONPATH} /usr/bin/python3 -W ignore:setup.py install is deprecated -W ignore:easy_install command is deprecated setup.py develop --editable --build-directory /home/robotics/Robocon2025_R2/2025R2_ws/build/navigation/build --no-deps symlink_data
[5.688s] Level 1:colcon.colcon_core.shell:create_environment_hook('damiao', 'pythonpath_develop')
[5.689s] INFO:colcon.colcon_core.shell:Creating environment hook '/home/robotics/Robocon2025_R2/2025R2_ws/build/damiao/share/damiao/hook/pythonpath_develop.ps1'
[5.689s] DEBUG:colcon.colcon_core.event_handler.log_command:Invoked command in '/home/robotics/Robocon2025_R2/2025R2_ws/build/damiao' returned '0': DEBUGINFOD_URLS=https://debuginfod.ubuntu.com PS1=(venv) PYTHONPATH=/home/robotics/Robocon2025_R2/2025R2_ws/build/damiao/prefix_override:/usr/lib/python3/dist-packages/colcon_core/task/python/colcon_distutils_commands:/home/robotics/Robocon2025_R2/2025R2_ws/install/damiao/lib/python3.12/site-packages:${PYTHONPATH} /usr/bin/python3 -W ignore:setup.py install is deprecated -W ignore:easy_install command is deprecated setup.py develop --editable --build-directory /home/robotics/Robocon2025_R2/2025R2_ws/build/damiao/build --no-deps symlink_data
[5.691s] INFO:colcon.colcon_core.shell:Creating environment descriptor '/home/robotics/Robocon2025_R2/2025R2_ws/build/damiao/share/damiao/hook/pythonpath_develop.dsv'
[5.692s] INFO:colcon.colcon_core.shell:Creating environment hook '/home/robotics/Robocon2025_R2/2025R2_ws/build/damiao/share/damiao/hook/pythonpath_develop.sh'
[5.709s] Level 1:colcon.colcon_core.environment:checking '/home/robotics/Robocon2025_R2/2025R2_ws/install/damiao' for CMake module files
[5.711s] Level 1:colcon.colcon_core.environment:checking '/home/robotics/Robocon2025_R2/2025R2_ws/install/damiao' for CMake config files
[5.713s] Level 1:colcon.colcon_core.environment:checking '/home/robotics/Robocon2025_R2/2025R2_ws/install/damiao/lib'
[5.714s] Level 1:colcon.colcon_core.environment:checking '/home/robotics/Robocon2025_R2/2025R2_ws/install/damiao/bin'
[5.714s] Level 1:colcon.colcon_core.environment:checking '/home/robotics/Robocon2025_R2/2025R2_ws/install/damiao/lib/pkgconfig/damiao.pc'
[5.715s] Level 1:colcon.colcon_core.environment:checking '/home/robotics/Robocon2025_R2/2025R2_ws/install/damiao/lib/python3.12/site-packages'
[5.715s] Level 1:colcon.colcon_core.shell:create_environment_hook('damiao', 'pythonpath')
[5.715s] INFO:colcon.colcon_core.shell:Creating environment hook '/home/robotics/Robocon2025_R2/2025R2_ws/install/damiao/share/damiao/hook/pythonpath.ps1'
[5.716s] INFO:colcon.colcon_core.shell:Creating environment descriptor '/home/robotics/Robocon2025_R2/2025R2_ws/install/damiao/share/damiao/hook/pythonpath.dsv'
[5.718s] INFO:colcon.colcon_core.shell:Creating environment hook '/home/robotics/Robocon2025_R2/2025R2_ws/install/damiao/share/damiao/hook/pythonpath.sh'
[5.720s] Level 1:colcon.colcon_core.environment:checking '/home/robotics/Robocon2025_R2/2025R2_ws/install/damiao/bin'
[5.720s] Level 1:colcon.colcon_core.environment:create_environment_scripts_only(damiao)
[5.721s] INFO:colcon.colcon_core.shell:Creating package script '/home/robotics/Robocon2025_R2/2025R2_ws/install/damiao/share/damiao/package.ps1'
[5.723s] INFO:colcon.colcon_core.shell:Creating package descriptor '/home/robotics/Robocon2025_R2/2025R2_ws/install/damiao/share/damiao/package.dsv'
[5.725s] INFO:colcon.colcon_core.shell:Creating package script '/home/robotics/Robocon2025_R2/2025R2_ws/install/damiao/share/damiao/package.sh'
[5.727s] INFO:colcon.colcon_core.shell:Creating package script '/home/robotics/Robocon2025_R2/2025R2_ws/install/damiao/share/damiao/package.bash'
[5.732s] INFO:colcon.colcon_core.shell:Creating package script '/home/robotics/Robocon2025_R2/2025R2_ws/install/damiao/share/damiao/package.zsh'
[5.735s] Level 1:colcon.colcon_core.environment:create_file_with_runtime_dependencies(/home/robotics/Robocon2025_R2/2025R2_ws/install/damiao/share/colcon-core/packages/damiao)
[5.739s] Level 1:colcon.colcon_core.shell:create_environment_hook('ps4', 'pythonpath_develop')
[5.740s] INFO:colcon.colcon_core.shell:Creating environment hook '/home/robotics/Robocon2025_R2/2025R2_ws/build/ps4/share/ps4/hook/pythonpath_develop.ps1'
[5.742s] DEBUG:colcon.colcon_core.event_handler.log_command:Invoked command in '/home/robotics/Robocon2025_R2/2025R2_ws/build/ps4' returned '0': DEBUGINFOD_URLS=https://debuginfod.ubuntu.com PS1=(venv) PYTHONPATH=/home/robotics/Robocon2025_R2/2025R2_ws/build/ps4/prefix_override:/usr/lib/python3/dist-packages/colcon_core/task/python/colcon_distutils_commands:/home/robotics/Robocon2025_R2/2025R2_ws/install/ps4/lib/python3.12/site-packages:${PYTHONPATH} /usr/bin/python3 -W ignore:setup.py install is deprecated -W ignore:easy_install command is deprecated setup.py develop --editable --build-directory /home/robotics/Robocon2025_R2/2025R2_ws/build/ps4/build --no-deps symlink_data
[5.745s] INFO:colcon.colcon_core.shell:Creating environment descriptor '/home/robotics/Robocon2025_R2/2025R2_ws/build/ps4/share/ps4/hook/pythonpath_develop.dsv'
[5.746s] INFO:colcon.colcon_core.shell:Creating environment hook '/home/robotics/Robocon2025_R2/2025R2_ws/build/ps4/share/ps4/hook/pythonpath_develop.sh'
[5.747s] Level 1:colcon.colcon_core.environment:checking '/home/robotics/Robocon2025_R2/2025R2_ws/install/ps4' for CMake module files
[5.748s] Level 1:colcon.colcon_core.environment:checking '/home/robotics/Robocon2025_R2/2025R2_ws/install/ps4' for CMake config files
[5.749s] Level 1:colcon.colcon_core.environment:checking '/home/robotics/Robocon2025_R2/2025R2_ws/install/ps4/lib'
[5.750s] Level 1:colcon.colcon_core.environment:checking '/home/robotics/Robocon2025_R2/2025R2_ws/install/ps4/bin'
[5.750s] Level 1:colcon.colcon_core.environment:checking '/home/robotics/Robocon2025_R2/2025R2_ws/install/ps4/lib/pkgconfig/ps4.pc'
[5.751s] Level 1:colcon.colcon_core.environment:checking '/home/robotics/Robocon2025_R2/2025R2_ws/install/ps4/lib/python3.12/site-packages'
[5.752s] Level 1:colcon.colcon_core.shell:create_environment_hook('ps4', 'pythonpath')
[5.753s] INFO:colcon.colcon_core.shell:Creating environment hook '/home/robotics/Robocon2025_R2/2025R2_ws/install/ps4/share/ps4/hook/pythonpath.ps1'
[5.755s] INFO:colcon.colcon_core.shell:Creating environment descriptor '/home/robotics/Robocon2025_R2/2025R2_ws/install/ps4/share/ps4/hook/pythonpath.dsv'
[5.757s] INFO:colcon.colcon_core.shell:Creating environment hook '/home/robotics/Robocon2025_R2/2025R2_ws/install/ps4/share/ps4/hook/pythonpath.sh'
[5.759s] Level 1:colcon.colcon_core.environment:checking '/home/robotics/Robocon2025_R2/2025R2_ws/install/ps4/bin'
[5.759s] Level 1:colcon.colcon_core.environment:create_environment_scripts_only(ps4)
[5.760s] INFO:colcon.colcon_core.shell:Creating package script '/home/robotics/Robocon2025_R2/2025R2_ws/install/ps4/share/ps4/package.ps1'
[5.761s] INFO:colcon.colcon_core.shell:Creating package descriptor '/home/robotics/Robocon2025_R2/2025R2_ws/install/ps4/share/ps4/package.dsv'
[5.762s] INFO:colcon.colcon_core.shell:Creating package script '/home/robotics/Robocon2025_R2/2025R2_ws/install/ps4/share/ps4/package.sh'
[5.762s] INFO:colcon.colcon_core.shell:Creating package script '/home/robotics/Robocon2025_R2/2025R2_ws/install/ps4/share/ps4/package.bash'
[5.764s] INFO:colcon.colcon_core.shell:Creating package script '/home/robotics/Robocon2025_R2/2025R2_ws/install/ps4/share/ps4/package.zsh'
[5.765s] Level 1:colcon.colcon_core.environment:create_file_with_runtime_dependencies(/home/robotics/Robocon2025_R2/2025R2_ws/install/ps4/share/colcon-core/packages/ps4)
[5.767s] Level 1:colcon.colcon_core.shell:create_environment_hook('navigation', 'pythonpath_develop')
[5.767s] INFO:colcon.colcon_core.shell:Creating environment hook '/home/robotics/Robocon2025_R2/2025R2_ws/build/navigation/share/navigation/hook/pythonpath_develop.ps1'
[5.769s] DEBUG:colcon.colcon_core.event_handler.log_command:Invoked command in '/home/robotics/Robocon2025_R2/2025R2_ws/build/navigation' returned '0': DEBUGINFOD_URLS=https://debuginfod.ubuntu.com PS1=(venv) PYTHONPATH=/home/robotics/Robocon2025_R2/2025R2_ws/build/navigation/prefix_override:/usr/lib/python3/dist-packages/colcon_core/task/python/colcon_distutils_commands:/home/robotics/Robocon2025_R2/2025R2_ws/install/navigation/lib/python3.12/site-packages:${PYTHONPATH} /usr/bin/python3 -W ignore:setup.py install is deprecated -W ignore:easy_install command is deprecated setup.py develop --editable --build-directory /home/robotics/Robocon2025_R2/2025R2_ws/build/navigation/build --no-deps symlink_data
[5.771s] INFO:colcon.colcon_core.shell:Creating environment descriptor '/home/robotics/Robocon2025_R2/2025R2_ws/build/navigation/share/navigation/hook/pythonpath_develop.dsv'
[5.772s] INFO:colcon.colcon_core.shell:Creating environment hook '/home/robotics/Robocon2025_R2/2025R2_ws/build/navigation/share/navigation/hook/pythonpath_develop.sh'
[5.773s] Level 1:colcon.colcon_core.environment:checking '/home/robotics/Robocon2025_R2/2025R2_ws/install/navigation' for CMake module files
[5.774s] Level 1:colcon.colcon_core.environment:checking '/home/robotics/Robocon2025_R2/2025R2_ws/install/navigation' for CMake config files
[5.776s] Level 1:colcon.colcon_core.environment:checking '/home/robotics/Robocon2025_R2/2025R2_ws/install/navigation/lib'
[5.776s] Level 1:colcon.colcon_core.environment:checking '/home/robotics/Robocon2025_R2/2025R2_ws/install/navigation/bin'
[5.776s] Level 1:colcon.colcon_core.environment:checking '/home/robotics/Robocon2025_R2/2025R2_ws/install/navigation/lib/pkgconfig/navigation.pc'
[5.776s] Level 1:colcon.colcon_core.environment:checking '/home/robotics/Robocon2025_R2/2025R2_ws/install/navigation/lib/python3.12/site-packages'
[5.776s] Level 1:colcon.colcon_core.shell:create_environment_hook('navigation', 'pythonpath')
[5.777s] INFO:colcon.colcon_core.shell:Creating environment hook '/home/robotics/Robocon2025_R2/2025R2_ws/install/navigation/share/navigation/hook/pythonpath.ps1'
[5.777s] INFO:colcon.colcon_core.shell:Creating environment descriptor '/home/robotics/Robocon2025_R2/2025R2_ws/install/navigation/share/navigation/hook/pythonpath.dsv'
[5.778s] INFO:colcon.colcon_core.shell:Creating environment hook '/home/robotics/Robocon2025_R2/2025R2_ws/install/navigation/share/navigation/hook/pythonpath.sh'
[5.779s] Level 1:colcon.colcon_core.environment:checking '/home/robotics/Robocon2025_R2/2025R2_ws/install/navigation/bin'
[5.779s] Level 1:colcon.colcon_core.environment:create_environment_scripts_only(navigation)
[5.780s] INFO:colcon.colcon_core.shell:Creating package script '/home/robotics/Robocon2025_R2/2025R2_ws/install/navigation/share/navigation/package.ps1'
[5.781s] INFO:colcon.colcon_core.shell:Creating package descriptor '/home/robotics/Robocon2025_R2/2025R2_ws/install/navigation/share/navigation/package.dsv'
[5.782s] INFO:colcon.colcon_core.shell:Creating package script '/home/robotics/Robocon2025_R2/2025R2_ws/install/navigation/share/navigation/package.sh'
[5.783s] INFO:colcon.colcon_core.shell:Creating package script '/home/robotics/Robocon2025_R2/2025R2_ws/install/navigation/share/navigation/package.bash'
[5.784s] INFO:colcon.colcon_core.shell:Creating package script '/home/robotics/Robocon2025_R2/2025R2_ws/install/navigation/share/navigation/package.zsh'
[5.786s] Level 1:colcon.colcon_core.environment:create_file_with_runtime_dependencies(/home/robotics/Robocon2025_R2/2025R2_ws/install/navigation/share/colcon-core/packages/navigation)
[5.787s] DEBUG:colcon.colcon_parallel_executor.executor.parallel:closing loop
[5.789s] DEBUG:colcon.colcon_parallel_executor.executor.parallel:loop closed
[5.789s] DEBUG:colcon.colcon_parallel_executor.executor.parallel:run_until_complete finished with '0'
[5.789s] DEBUG:colcon.colcon_core.event_reactor:joining thread
[5.816s] INFO:colcon.colcon_core.plugin_system:Skipping extension 'colcon_notification.desktop_notification.terminal_notifier': Not used on non-Darwin systems
[5.817s] INFO:colcon.colcon_core.plugin_system:Skipping extension 'colcon_notification.desktop_notification.win32': Not used on non-Windows systems
[5.817s] INFO:colcon.colcon_notification.desktop_notification:Sending desktop notification using 'notify2'
[5.976s] DEBUG:colcon.colcon_core.event_reactor:joined thread
[5.976s] INFO:colcon.colcon_core.shell:Creating prefix script '/home/robotics/Robocon2025_R2/2025R2_ws/install/local_setup.ps1'
[5.979s] INFO:colcon.colcon_core.shell:Creating prefix util module '/home/robotics/Robocon2025_R2/2025R2_ws/install/_local_setup_util_ps1.py'
[5.985s] INFO:colcon.colcon_core.shell:Creating prefix chain script '/home/robotics/Robocon2025_R2/2025R2_ws/install/setup.ps1'
[5.987s] INFO:colcon.colcon_core.shell:Creating prefix script '/home/robotics/Robocon2025_R2/2025R2_ws/install/local_setup.sh'
[5.990s] INFO:colcon.colcon_core.shell:Creating prefix util module '/home/robotics/Robocon2025_R2/2025R2_ws/install/_local_setup_util_sh.py'
[5.991s] INFO:colcon.colcon_core.shell:Creating prefix chain script '/home/robotics/Robocon2025_R2/2025R2_ws/install/setup.sh'
[5.995s] INFO:colcon.colcon_core.shell:Creating prefix script '/home/robotics/Robocon2025_R2/2025R2_ws/install/local_setup.bash'
[5.997s] INFO:colcon.colcon_core.shell:Creating prefix chain script '/home/robotics/Robocon2025_R2/2025R2_ws/install/setup.bash'
[5.999s] INFO:colcon.colcon_core.shell:Creating prefix script '/home/robotics/Robocon2025_R2/2025R2_ws/install/local_setup.zsh'
[6.003s] INFO:colcon.colcon_core.shell:Creating prefix chain script '/home/robotics/Robocon2025_R2/2025R2_ws/install/setup.zsh'
