[0.256s] DEBUG:colcon:Command line arguments: ['/usr/bin/colcon', 'build', '--symlink-install']
[0.256s] DEBUG:colcon:Parsed command line arguments: Namespace(log_base=None, log_level=None, verb_name='build', build_base='build', install_base='install', merge_install=False, symlink_install=True, test_result_base=None, continue_on_error=False, executor='parallel', parallel_workers=4, event_handlers=None, ignore_user_meta=False, metas=['./colcon.meta'], base_paths=['.'], packages_ignore=None, packages_ignore_regex=None, paths=None, packages_up_to=None, packages_up_to_regex=None, packages_above=None, packages_above_and_dependencies=None, packages_above_depth=None, packages_select_by_dep=None, packages_skip_by_dep=None, packages_skip_up_to=None, packages_select_build_failed=False, packages_skip_build_finished=False, packages_select_test_failures=False, packages_skip_test_passed=False, packages_select=None, packages_skip=None, packages_select_regex=None, packages_skip_regex=None, packages_start=None, packages_end=None, allow_overriding=[], cmake_args=None, cmake_target=None, cmake_target_skip_unavailable=False, cmake_clean_cache=False, cmake_clean_first=False, cmake_force_configure=False, ament_cmake_args=None, catkin_cmake_args=None, catkin_skip_building_tests=False, verb_parser=<colcon_defaults.argument_parser.defaults.DefaultArgumentsDecorator object at 0xffff7e5727e0>, verb_extension=<colcon_core.verb.build.BuildVerb object at 0xffff7e5725d0>, main=<bound method BuildVerb.main of <colcon_core.verb.build.BuildVerb object at 0xffff7e5725d0>>)
[0.320s] Level 1:colcon.colcon_core.package_discovery:discover_packages(colcon_meta) check parameters
[0.320s] Level 1:colcon.colcon_core.package_discovery:discover_packages(recursive) check parameters
[0.321s] Level 1:colcon.colcon_core.package_discovery:discover_packages(ignore) check parameters
[0.321s] Level 1:colcon.colcon_core.package_discovery:discover_packages(path) check parameters
[0.321s] Level 1:colcon.colcon_core.package_discovery:discover_packages(colcon_meta) discover
[0.321s] Level 1:colcon.colcon_core.package_discovery:discover_packages(recursive) discover
[0.321s] INFO:colcon.colcon_core.package_discovery:Crawling recursively for packages in '/home/eric/2025R2_ws'
[0.321s] Level 1:colcon.colcon_core.package_identification:_identify(.) by extensions ['ignore', 'ignore_ament_install']
[0.321s] Level 1:colcon.colcon_core.package_identification:_identify(.) by extension 'ignore'
[0.321s] Level 1:colcon.colcon_core.package_identification:_identify(.) by extension 'ignore_ament_install'
[0.321s] Level 1:colcon.colcon_core.package_identification:_identify(.) by extensions ['colcon_pkg']
[0.321s] Level 1:colcon.colcon_core.package_identification:_identify(.) by extension 'colcon_pkg'
[0.321s] Level 1:colcon.colcon_core.package_identification:_identify(.) by extensions ['colcon_meta']
[0.321s] Level 1:colcon.colcon_core.package_identification:_identify(.) by extension 'colcon_meta'
[0.321s] Level 1:colcon.colcon_core.package_identification:_identify(.) by extensions ['ros']
[0.321s] Level 1:colcon.colcon_core.package_identification:_identify(.) by extension 'ros'
[0.380s] Level 1:colcon.colcon_core.package_identification:_identify(.) by extensions ['cmake', 'python']
[0.380s] Level 1:colcon.colcon_core.package_identification:_identify(.) by extension 'cmake'
[0.380s] Level 1:colcon.colcon_core.package_identification:_identify(.) by extension 'python'
[0.380s] Level 1:colcon.colcon_core.package_identification:_identify(.) by extensions ['python_setup_py']
[0.380s] Level 1:colcon.colcon_core.package_identification:_identify(.) by extension 'python_setup_py'
[0.380s] Level 1:colcon.colcon_core.package_identification:_identify(build) by extensions ['ignore', 'ignore_ament_install']
[0.380s] Level 1:colcon.colcon_core.package_identification:_identify(build) by extension 'ignore'
[0.381s] Level 1:colcon.colcon_core.package_identification:_identify(build) ignored
[0.381s] Level 1:colcon.colcon_core.package_identification:_identify(install) by extensions ['ignore', 'ignore_ament_install']
[0.381s] Level 1:colcon.colcon_core.package_identification:_identify(install) by extension 'ignore'
[0.381s] Level 1:colcon.colcon_core.package_identification:_identify(install) ignored
[0.381s] Level 1:colcon.colcon_core.package_identification:_identify(log) by extensions ['ignore', 'ignore_ament_install']
[0.381s] Level 1:colcon.colcon_core.package_identification:_identify(log) by extension 'ignore'
[0.381s] Level 1:colcon.colcon_core.package_identification:_identify(log) ignored
[0.381s] Level 1:colcon.colcon_core.package_identification:_identify(src) by extensions ['ignore', 'ignore_ament_install']
[0.381s] Level 1:colcon.colcon_core.package_identification:_identify(src) by extension 'ignore'
[0.381s] Level 1:colcon.colcon_core.package_identification:_identify(src) by extension 'ignore_ament_install'
[0.381s] Level 1:colcon.colcon_core.package_identification:_identify(src) by extensions ['colcon_pkg']
[0.382s] Level 1:colcon.colcon_core.package_identification:_identify(src) by extension 'colcon_pkg'
[0.382s] Level 1:colcon.colcon_core.package_identification:_identify(src) by extensions ['colcon_meta']
[0.382s] Level 1:colcon.colcon_core.package_identification:_identify(src) by extension 'colcon_meta'
[0.382s] Level 1:colcon.colcon_core.package_identification:_identify(src) by extensions ['ros']
[0.382s] Level 1:colcon.colcon_core.package_identification:_identify(src) by extension 'ros'
[0.382s] Level 1:colcon.colcon_core.package_identification:_identify(src) by extensions ['cmake', 'python']
[0.382s] Level 1:colcon.colcon_core.package_identification:_identify(src) by extension 'cmake'
[0.382s] Level 1:colcon.colcon_core.package_identification:_identify(src) by extension 'python'
[0.382s] Level 1:colcon.colcon_core.package_identification:_identify(src) by extensions ['python_setup_py']
[0.382s] Level 1:colcon.colcon_core.package_identification:_identify(src) by extension 'python_setup_py'
[0.382s] Level 1:colcon.colcon_core.package_identification:_identify(src/damiao) by extensions ['ignore', 'ignore_ament_install']
[0.382s] Level 1:colcon.colcon_core.package_identification:_identify(src/damiao) by extension 'ignore'
[0.382s] Level 1:colcon.colcon_core.package_identification:_identify(src/damiao) by extension 'ignore_ament_install'
[0.382s] Level 1:colcon.colcon_core.package_identification:_identify(src/damiao) by extensions ['colcon_pkg']
[0.382s] Level 1:colcon.colcon_core.package_identification:_identify(src/damiao) by extension 'colcon_pkg'
[0.382s] Level 1:colcon.colcon_core.package_identification:_identify(src/damiao) by extensions ['colcon_meta']
[0.382s] Level 1:colcon.colcon_core.package_identification:_identify(src/damiao) by extension 'colcon_meta'
[0.382s] Level 1:colcon.colcon_core.package_identification:_identify(src/damiao) by extensions ['ros']
[0.382s] Level 1:colcon.colcon_core.package_identification:_identify(src/damiao) by extension 'ros'
[0.390s] DEBUG:colcon.colcon_core.package_identification:Package 'src/damiao' with type 'ros.ament_python' and name 'damiao'
[0.390s] Level 1:colcon.colcon_core.package_identification:_identify(src/navigation) by extensions ['ignore', 'ignore_ament_install']
[0.390s] Level 1:colcon.colcon_core.package_identification:_identify(src/navigation) by extension 'ignore'
[0.390s] Level 1:colcon.colcon_core.package_identification:_identify(src/navigation) by extension 'ignore_ament_install'
[0.390s] Level 1:colcon.colcon_core.package_identification:_identify(src/navigation) by extensions ['colcon_pkg']
[0.390s] Level 1:colcon.colcon_core.package_identification:_identify(src/navigation) by extension 'colcon_pkg'
[0.390s] Level 1:colcon.colcon_core.package_identification:_identify(src/navigation) by extensions ['colcon_meta']
[0.390s] Level 1:colcon.colcon_core.package_identification:_identify(src/navigation) by extension 'colcon_meta'
[0.390s] Level 1:colcon.colcon_core.package_identification:_identify(src/navigation) by extensions ['ros']
[0.391s] Level 1:colcon.colcon_core.package_identification:_identify(src/navigation) by extension 'ros'
[0.392s] DEBUG:colcon.colcon_core.package_identification:Package 'src/navigation' with type 'ros.ament_python' and name 'navigation'
[0.392s] Level 1:colcon.colcon_core.package_identification:_identify(src/ps4) by extensions ['ignore', 'ignore_ament_install']
[0.392s] Level 1:colcon.colcon_core.package_identification:_identify(src/ps4) by extension 'ignore'
[0.392s] Level 1:colcon.colcon_core.package_identification:_identify(src/ps4) by extension 'ignore_ament_install'
[0.392s] Level 1:colcon.colcon_core.package_identification:_identify(src/ps4) by extensions ['colcon_pkg']
[0.392s] Level 1:colcon.colcon_core.package_identification:_identify(src/ps4) by extension 'colcon_pkg'
[0.392s] Level 1:colcon.colcon_core.package_identification:_identify(src/ps4) by extensions ['colcon_meta']
[0.392s] Level 1:colcon.colcon_core.package_identification:_identify(src/ps4) by extension 'colcon_meta'
[0.392s] Level 1:colcon.colcon_core.package_identification:_identify(src/ps4) by extensions ['ros']
[0.392s] Level 1:colcon.colcon_core.package_identification:_identify(src/ps4) by extension 'ros'
[0.393s] DEBUG:colcon.colcon_core.package_identification:Package 'src/ps4' with type 'ros.ament_python' and name 'ps4'
[0.393s] Level 1:colcon.colcon_core.package_discovery:discover_packages(recursive) using defaults
[0.393s] Level 1:colcon.colcon_core.package_discovery:discover_packages(ignore) discover
[0.393s] Level 1:colcon.colcon_core.package_discovery:discover_packages(ignore) using defaults
[0.393s] Level 1:colcon.colcon_core.package_discovery:discover_packages(path) discover
[0.393s] Level 1:colcon.colcon_core.package_discovery:discover_packages(path) using defaults
[0.440s] Level 1:colcon.colcon_core.package_discovery:discover_packages(prefix_path) check parameters
[0.440s] Level 1:colcon.colcon_core.package_discovery:discover_packages(prefix_path) discover
[0.448s] DEBUG:colcon.colcon_installed_package_information.package_discovery:Found 427 installed packages in /opt/ros/jazzy
[0.449s] Level 1:colcon.colcon_core.package_discovery:discover_packages(prefix_path) using defaults
[0.535s] Level 5:colcon.colcon_core.verb:set package 'damiao' build argument 'cmake_args' from command line to 'None'
[0.535s] Level 5:colcon.colcon_core.verb:set package 'damiao' build argument 'cmake_target' from command line to 'None'
[0.535s] Level 5:colcon.colcon_core.verb:set package 'damiao' build argument 'cmake_target_skip_unavailable' from command line to 'False'
[0.535s] Level 5:colcon.colcon_core.verb:set package 'damiao' build argument 'cmake_clean_cache' from command line to 'False'
[0.535s] Level 5:colcon.colcon_core.verb:set package 'damiao' build argument 'cmake_clean_first' from command line to 'False'
[0.535s] Level 5:colcon.colcon_core.verb:set package 'damiao' build argument 'cmake_force_configure' from command line to 'False'
[0.535s] Level 5:colcon.colcon_core.verb:set package 'damiao' build argument 'ament_cmake_args' from command line to 'None'
[0.535s] Level 5:colcon.colcon_core.verb:set package 'damiao' build argument 'catkin_cmake_args' from command line to 'None'
[0.535s] Level 5:colcon.colcon_core.verb:set package 'damiao' build argument 'catkin_skip_building_tests' from command line to 'False'
[0.535s] DEBUG:colcon.colcon_core.verb:Building package 'damiao' with the following arguments: {'ament_cmake_args': None, 'build_base': '/home/eric/2025R2_ws/build/damiao', 'catkin_cmake_args': None, 'catkin_skip_building_tests': False, 'cmake_args': None, 'cmake_clean_cache': False, 'cmake_clean_first': False, 'cmake_force_configure': False, 'cmake_target': None, 'cmake_target_skip_unavailable': False, 'install_base': '/home/eric/2025R2_ws/install/damiao', 'merge_install': False, 'path': '/home/eric/2025R2_ws/src/damiao', 'symlink_install': True, 'test_result_base': None}
[0.535s] Level 5:colcon.colcon_core.verb:set package 'navigation' build argument 'cmake_args' from command line to 'None'
[0.536s] Level 5:colcon.colcon_core.verb:set package 'navigation' build argument 'cmake_target' from command line to 'None'
[0.536s] Level 5:colcon.colcon_core.verb:set package 'navigation' build argument 'cmake_target_skip_unavailable' from command line to 'False'
[0.536s] Level 5:colcon.colcon_core.verb:set package 'navigation' build argument 'cmake_clean_cache' from command line to 'False'
[0.536s] Level 5:colcon.colcon_core.verb:set package 'navigation' build argument 'cmake_clean_first' from command line to 'False'
[0.536s] Level 5:colcon.colcon_core.verb:set package 'navigation' build argument 'cmake_force_configure' from command line to 'False'
[0.536s] Level 5:colcon.colcon_core.verb:set package 'navigation' build argument 'ament_cmake_args' from command line to 'None'
[0.536s] Level 5:colcon.colcon_core.verb:set package 'navigation' build argument 'catkin_cmake_args' from command line to 'None'
[0.536s] Level 5:colcon.colcon_core.verb:set package 'navigation' build argument 'catkin_skip_building_tests' from command line to 'False'
[0.536s] DEBUG:colcon.colcon_core.verb:Building package 'navigation' with the following arguments: {'ament_cmake_args': None, 'build_base': '/home/eric/2025R2_ws/build/navigation', 'catkin_cmake_args': None, 'catkin_skip_building_tests': False, 'cmake_args': None, 'cmake_clean_cache': False, 'cmake_clean_first': False, 'cmake_force_configure': False, 'cmake_target': None, 'cmake_target_skip_unavailable': False, 'install_base': '/home/eric/2025R2_ws/install/navigation', 'merge_install': False, 'path': '/home/eric/2025R2_ws/src/navigation', 'symlink_install': True, 'test_result_base': None}
[0.536s] Level 5:colcon.colcon_core.verb:set package 'ps4' build argument 'cmake_args' from command line to 'None'
[0.536s] Level 5:colcon.colcon_core.verb:set package 'ps4' build argument 'cmake_target' from command line to 'None'
[0.536s] Level 5:colcon.colcon_core.verb:set package 'ps4' build argument 'cmake_target_skip_unavailable' from command line to 'False'
[0.536s] Level 5:colcon.colcon_core.verb:set package 'ps4' build argument 'cmake_clean_cache' from command line to 'False'
[0.536s] Level 5:colcon.colcon_core.verb:set package 'ps4' build argument 'cmake_clean_first' from command line to 'False'
[0.536s] Level 5:colcon.colcon_core.verb:set package 'ps4' build argument 'cmake_force_configure' from command line to 'False'
[0.536s] Level 5:colcon.colcon_core.verb:set package 'ps4' build argument 'ament_cmake_args' from command line to 'None'
[0.536s] Level 5:colcon.colcon_core.verb:set package 'ps4' build argument 'catkin_cmake_args' from command line to 'None'
[0.536s] Level 5:colcon.colcon_core.verb:set package 'ps4' build argument 'catkin_skip_building_tests' from command line to 'False'
[0.536s] DEBUG:colcon.colcon_core.verb:Building package 'ps4' with the following arguments: {'ament_cmake_args': None, 'build_base': '/home/eric/2025R2_ws/build/ps4', 'catkin_cmake_args': None, 'catkin_skip_building_tests': False, 'cmake_args': None, 'cmake_clean_cache': False, 'cmake_clean_first': False, 'cmake_force_configure': False, 'cmake_target': None, 'cmake_target_skip_unavailable': False, 'install_base': '/home/eric/2025R2_ws/install/ps4', 'merge_install': False, 'path': '/home/eric/2025R2_ws/src/ps4', 'symlink_install': True, 'test_result_base': None}
[0.536s] INFO:colcon.colcon_core.executor:Executing jobs using 'parallel' executor
[0.538s] DEBUG:colcon.colcon_parallel_executor.executor.parallel:run_until_complete
[0.538s] INFO:colcon.colcon_ros.task.ament_python.build:Building ROS package in '/home/eric/2025R2_ws/src/damiao' with build type 'ament_python'
[0.538s] Level 1:colcon.colcon_core.shell:create_environment_hook('damiao', 'ament_prefix_path')
[0.553s] INFO:colcon.colcon_core.plugin_system:Skipping extension 'colcon_core.shell.bat': Not used on non-Windows systems
[0.553s] INFO:colcon.colcon_core.shell:Creating environment hook '/home/eric/2025R2_ws/install/damiao/share/damiao/hook/ament_prefix_path.ps1'
[0.554s] INFO:colcon.colcon_core.shell:Creating environment descriptor '/home/eric/2025R2_ws/install/damiao/share/damiao/hook/ament_prefix_path.dsv'
[0.555s] INFO:colcon.colcon_core.shell:Creating environment hook '/home/eric/2025R2_ws/install/damiao/share/damiao/hook/ament_prefix_path.sh'
[0.556s] INFO:colcon.colcon_core.shell:Skip shell extension 'powershell' for command environment: Not usable outside of PowerShell
[0.556s] DEBUG:colcon.colcon_core.shell:Skip shell extension 'dsv' for command environment
[0.561s] INFO:colcon.colcon_ros.task.ament_python.build:Building ROS package in '/home/eric/2025R2_ws/src/navigation' with build type 'ament_python'
[0.562s] Level 1:colcon.colcon_core.shell:create_environment_hook('navigation', 'ament_prefix_path')
[0.562s] INFO:colcon.colcon_core.shell:Creating environment hook '/home/eric/2025R2_ws/install/navigation/share/navigation/hook/ament_prefix_path.ps1'
[0.563s] INFO:colcon.colcon_core.shell:Creating environment descriptor '/home/eric/2025R2_ws/install/navigation/share/navigation/hook/ament_prefix_path.dsv'
[0.564s] INFO:colcon.colcon_core.shell:Creating environment hook '/home/eric/2025R2_ws/install/navigation/share/navigation/hook/ament_prefix_path.sh'
[0.564s] INFO:colcon.colcon_core.shell:Skip shell extension 'powershell' for command environment: Not usable outside of PowerShell
[0.565s] DEBUG:colcon.colcon_core.shell:Skip shell extension 'dsv' for command environment
[0.569s] INFO:colcon.colcon_ros.task.ament_python.build:Building ROS package in '/home/eric/2025R2_ws/src/ps4' with build type 'ament_python'
[0.570s] Level 1:colcon.colcon_core.shell:create_environment_hook('ps4', 'ament_prefix_path')
[0.570s] INFO:colcon.colcon_core.shell:Creating environment hook '/home/eric/2025R2_ws/install/ps4/share/ps4/hook/ament_prefix_path.ps1'
[0.571s] INFO:colcon.colcon_core.shell:Creating environment descriptor '/home/eric/2025R2_ws/install/ps4/share/ps4/hook/ament_prefix_path.dsv'
[0.572s] INFO:colcon.colcon_core.shell:Creating environment hook '/home/eric/2025R2_ws/install/ps4/share/ps4/hook/ament_prefix_path.sh'
[0.573s] INFO:colcon.colcon_core.shell:Skip shell extension 'powershell' for command environment: Not usable outside of PowerShell
[0.573s] DEBUG:colcon.colcon_core.shell:Skip shell extension 'dsv' for command environment
[0.912s] INFO:colcon.colcon_core.task.python.build:Building Python package in '/home/eric/2025R2_ws/src/damiao'
[0.912s] INFO:colcon.colcon_core.shell:Skip shell extension 'powershell' for command environment: Not usable outside of PowerShell
[0.912s] DEBUG:colcon.colcon_core.shell:Skip shell extension 'dsv' for command environment
[1.266s] INFO:colcon.colcon_core.task.python.build:Building Python package in '/home/eric/2025R2_ws/src/navigation'
[1.267s] INFO:colcon.colcon_core.shell:Skip shell extension 'powershell' for command environment: Not usable outside of PowerShell
[1.267s] DEBUG:colcon.colcon_core.shell:Skip shell extension 'dsv' for command environment
[1.608s] INFO:colcon.colcon_core.task.python.build:Building Python package in '/home/eric/2025R2_ws/src/ps4'
[1.609s] INFO:colcon.colcon_core.shell:Skip shell extension 'powershell' for command environment: Not usable outside of PowerShell
[1.609s] DEBUG:colcon.colcon_core.shell:Skip shell extension 'dsv' for command environment
[2.924s] DEBUG:colcon.colcon_core.event_handler.log_command:Invoking command in '/home/eric/2025R2_ws/build/ps4': DEBUGINFOD_URLS=https://debuginfod.ubuntu.com PYTHONPATH=/home/eric/2025R2_ws/build/ps4/prefix_override:/usr/lib/python3/dist-packages/colcon_core/task/python/colcon_distutils_commands:/home/eric/2025R2_ws/install/ps4/lib/python3.12/site-packages:${PYTHONPATH} /usr/bin/python3 -W ignore:setup.py install is deprecated -W ignore:easy_install command is deprecated setup.py develop --editable --build-directory /home/eric/2025R2_ws/build/ps4/build --no-deps symlink_data
[2.931s] DEBUG:colcon.colcon_core.event_handler.log_command:Invoking command in '/home/eric/2025R2_ws/build/damiao': DEBUGINFOD_URLS=https://debuginfod.ubuntu.com PYTHONPATH=/home/eric/2025R2_ws/build/damiao/prefix_override:/usr/lib/python3/dist-packages/colcon_core/task/python/colcon_distutils_commands:/home/eric/2025R2_ws/install/damiao/lib/python3.12/site-packages:${PYTHONPATH} /usr/bin/python3 -W ignore:setup.py install is deprecated -W ignore:easy_install command is deprecated setup.py develop --editable --build-directory /home/eric/2025R2_ws/build/damiao/build --no-deps symlink_data
[2.938s] DEBUG:colcon.colcon_core.event_handler.log_command:Invoking command in '/home/eric/2025R2_ws/build/navigation': DEBUGINFOD_URLS=https://debuginfod.ubuntu.com PYTHONPATH=/home/eric/2025R2_ws/build/navigation/prefix_override:/usr/lib/python3/dist-packages/colcon_core/task/python/colcon_distutils_commands:/home/eric/2025R2_ws/install/navigation/lib/python3.12/site-packages:${PYTHONPATH} /usr/bin/python3 -W ignore:setup.py install is deprecated -W ignore:easy_install command is deprecated setup.py develop --editable --build-directory /home/eric/2025R2_ws/build/navigation/build --no-deps symlink_data
[4.017s] Level 1:colcon.colcon_core.shell:create_environment_hook('ps4', 'pythonpath_develop')
[4.017s] INFO:colcon.colcon_core.shell:Creating environment hook '/home/eric/2025R2_ws/build/ps4/share/ps4/hook/pythonpath_develop.ps1'
[4.018s] DEBUG:colcon.colcon_core.event_handler.log_command:Invoked command in '/home/eric/2025R2_ws/build/ps4' returned '0': DEBUGINFOD_URLS=https://debuginfod.ubuntu.com PYTHONPATH=/home/eric/2025R2_ws/build/ps4/prefix_override:/usr/lib/python3/dist-packages/colcon_core/task/python/colcon_distutils_commands:/home/eric/2025R2_ws/install/ps4/lib/python3.12/site-packages:${PYTHONPATH} /usr/bin/python3 -W ignore:setup.py install is deprecated -W ignore:easy_install command is deprecated setup.py develop --editable --build-directory /home/eric/2025R2_ws/build/ps4/build --no-deps symlink_data
[4.019s] INFO:colcon.colcon_core.shell:Creating environment descriptor '/home/eric/2025R2_ws/build/ps4/share/ps4/hook/pythonpath_develop.dsv'
[4.020s] INFO:colcon.colcon_core.shell:Creating environment hook '/home/eric/2025R2_ws/build/ps4/share/ps4/hook/pythonpath_develop.sh'
[4.033s] Level 1:colcon.colcon_core.environment:checking '/home/eric/2025R2_ws/install/ps4' for CMake module files
[4.034s] Level 1:colcon.colcon_core.environment:checking '/home/eric/2025R2_ws/install/ps4' for CMake config files
[4.038s] Level 1:colcon.colcon_core.environment:checking '/home/eric/2025R2_ws/install/ps4/lib'
[4.038s] Level 1:colcon.colcon_core.environment:checking '/home/eric/2025R2_ws/install/ps4/bin'
[4.038s] Level 1:colcon.colcon_core.environment:checking '/home/eric/2025R2_ws/install/ps4/lib/pkgconfig/ps4.pc'
[4.039s] Level 1:colcon.colcon_core.environment:checking '/home/eric/2025R2_ws/install/ps4/lib/python3.12/site-packages'
[4.039s] Level 1:colcon.colcon_core.shell:create_environment_hook('ps4', 'pythonpath')
[4.039s] INFO:colcon.colcon_core.shell:Creating environment hook '/home/eric/2025R2_ws/install/ps4/share/ps4/hook/pythonpath.ps1'
[4.040s] INFO:colcon.colcon_core.shell:Creating environment descriptor '/home/eric/2025R2_ws/install/ps4/share/ps4/hook/pythonpath.dsv'
[4.041s] INFO:colcon.colcon_core.shell:Creating environment hook '/home/eric/2025R2_ws/install/ps4/share/ps4/hook/pythonpath.sh'
[4.042s] Level 1:colcon.colcon_core.environment:checking '/home/eric/2025R2_ws/install/ps4/bin'
[4.042s] Level 1:colcon.colcon_core.environment:create_environment_scripts_only(ps4)
[4.042s] INFO:colcon.colcon_core.shell:Creating package script '/home/eric/2025R2_ws/install/ps4/share/ps4/package.ps1'
[4.044s] INFO:colcon.colcon_core.shell:Creating package descriptor '/home/eric/2025R2_ws/install/ps4/share/ps4/package.dsv'
[4.046s] INFO:colcon.colcon_core.shell:Creating package script '/home/eric/2025R2_ws/install/ps4/share/ps4/package.sh'
[4.048s] INFO:colcon.colcon_core.shell:Creating package script '/home/eric/2025R2_ws/install/ps4/share/ps4/package.bash'
[4.050s] INFO:colcon.colcon_core.shell:Creating package script '/home/eric/2025R2_ws/install/ps4/share/ps4/package.zsh'
[4.052s] Level 1:colcon.colcon_core.environment:create_file_with_runtime_dependencies(/home/eric/2025R2_ws/install/ps4/share/colcon-core/packages/ps4)
[4.057s] Level 1:colcon.colcon_core.shell:create_environment_hook('navigation', 'pythonpath_develop')
[4.059s] INFO:colcon.colcon_core.shell:Creating environment hook '/home/eric/2025R2_ws/build/navigation/share/navigation/hook/pythonpath_develop.ps1'
[4.061s] DEBUG:colcon.colcon_core.event_handler.log_command:Invoked command in '/home/eric/2025R2_ws/build/navigation' returned '0': DEBUGINFOD_URLS=https://debuginfod.ubuntu.com PYTHONPATH=/home/eric/2025R2_ws/build/navigation/prefix_override:/usr/lib/python3/dist-packages/colcon_core/task/python/colcon_distutils_commands:/home/eric/2025R2_ws/install/navigation/lib/python3.12/site-packages:${PYTHONPATH} /usr/bin/python3 -W ignore:setup.py install is deprecated -W ignore:easy_install command is deprecated setup.py develop --editable --build-directory /home/eric/2025R2_ws/build/navigation/build --no-deps symlink_data
[4.062s] INFO:colcon.colcon_core.shell:Creating environment descriptor '/home/eric/2025R2_ws/build/navigation/share/navigation/hook/pythonpath_develop.dsv'
[4.063s] INFO:colcon.colcon_core.shell:Creating environment hook '/home/eric/2025R2_ws/build/navigation/share/navigation/hook/pythonpath_develop.sh'
[4.065s] Level 1:colcon.colcon_core.environment:checking '/home/eric/2025R2_ws/install/navigation' for CMake module files
[4.066s] Level 1:colcon.colcon_core.environment:checking '/home/eric/2025R2_ws/install/navigation' for CMake config files
[4.071s] Level 1:colcon.colcon_core.environment:checking '/home/eric/2025R2_ws/install/navigation/lib'
[4.071s] Level 1:colcon.colcon_core.environment:checking '/home/eric/2025R2_ws/install/navigation/bin'
[4.072s] Level 1:colcon.colcon_core.environment:checking '/home/eric/2025R2_ws/install/navigation/lib/pkgconfig/navigation.pc'
[4.072s] Level 1:colcon.colcon_core.environment:checking '/home/eric/2025R2_ws/install/navigation/lib/python3.12/site-packages'
[4.072s] Level 1:colcon.colcon_core.shell:create_environment_hook('navigation', 'pythonpath')
[4.073s] INFO:colcon.colcon_core.shell:Creating environment hook '/home/eric/2025R2_ws/install/navigation/share/navigation/hook/pythonpath.ps1'
[4.074s] INFO:colcon.colcon_core.shell:Creating environment descriptor '/home/eric/2025R2_ws/install/navigation/share/navigation/hook/pythonpath.dsv'
[4.074s] INFO:colcon.colcon_core.shell:Creating environment hook '/home/eric/2025R2_ws/install/navigation/share/navigation/hook/pythonpath.sh'
[4.075s] Level 1:colcon.colcon_core.environment:checking '/home/eric/2025R2_ws/install/navigation/bin'
[4.076s] Level 1:colcon.colcon_core.environment:create_environment_scripts_only(navigation)
[4.076s] INFO:colcon.colcon_core.shell:Creating package script '/home/eric/2025R2_ws/install/navigation/share/navigation/package.ps1'
[4.078s] INFO:colcon.colcon_core.shell:Creating package descriptor '/home/eric/2025R2_ws/install/navigation/share/navigation/package.dsv'
[4.079s] INFO:colcon.colcon_core.shell:Creating package script '/home/eric/2025R2_ws/install/navigation/share/navigation/package.sh'
[4.080s] INFO:colcon.colcon_core.shell:Creating package script '/home/eric/2025R2_ws/install/navigation/share/navigation/package.bash'
[4.080s] INFO:colcon.colcon_core.shell:Creating package script '/home/eric/2025R2_ws/install/navigation/share/navigation/package.zsh'
[4.081s] Level 1:colcon.colcon_core.environment:create_file_with_runtime_dependencies(/home/eric/2025R2_ws/install/navigation/share/colcon-core/packages/navigation)
[4.094s] Level 1:colcon.colcon_core.shell:create_environment_hook('damiao', 'pythonpath_develop')
[4.095s] INFO:colcon.colcon_core.shell:Creating environment hook '/home/eric/2025R2_ws/build/damiao/share/damiao/hook/pythonpath_develop.ps1'
[4.095s] DEBUG:colcon.colcon_core.event_handler.log_command:Invoked command in '/home/eric/2025R2_ws/build/damiao' returned '0': DEBUGINFOD_URLS=https://debuginfod.ubuntu.com PYTHONPATH=/home/eric/2025R2_ws/build/damiao/prefix_override:/usr/lib/python3/dist-packages/colcon_core/task/python/colcon_distutils_commands:/home/eric/2025R2_ws/install/damiao/lib/python3.12/site-packages:${PYTHONPATH} /usr/bin/python3 -W ignore:setup.py install is deprecated -W ignore:easy_install command is deprecated setup.py develop --editable --build-directory /home/eric/2025R2_ws/build/damiao/build --no-deps symlink_data
[4.097s] INFO:colcon.colcon_core.shell:Creating environment descriptor '/home/eric/2025R2_ws/build/damiao/share/damiao/hook/pythonpath_develop.dsv'
[4.097s] INFO:colcon.colcon_core.shell:Creating environment hook '/home/eric/2025R2_ws/build/damiao/share/damiao/hook/pythonpath_develop.sh'
[4.100s] Level 1:colcon.colcon_core.environment:checking '/home/eric/2025R2_ws/install/damiao' for CMake module files
[4.100s] Level 1:colcon.colcon_core.environment:checking '/home/eric/2025R2_ws/install/damiao' for CMake config files
[4.103s] Level 1:colcon.colcon_core.environment:checking '/home/eric/2025R2_ws/install/damiao/lib'
[4.104s] Level 1:colcon.colcon_core.environment:checking '/home/eric/2025R2_ws/install/damiao/bin'
[4.104s] Level 1:colcon.colcon_core.environment:checking '/home/eric/2025R2_ws/install/damiao/lib/pkgconfig/damiao.pc'
[4.104s] Level 1:colcon.colcon_core.environment:checking '/home/eric/2025R2_ws/install/damiao/lib/python3.12/site-packages'
[4.104s] Level 1:colcon.colcon_core.shell:create_environment_hook('damiao', 'pythonpath')
[4.105s] INFO:colcon.colcon_core.shell:Creating environment hook '/home/eric/2025R2_ws/install/damiao/share/damiao/hook/pythonpath.ps1'
[4.105s] INFO:colcon.colcon_core.shell:Creating environment descriptor '/home/eric/2025R2_ws/install/damiao/share/damiao/hook/pythonpath.dsv'
[4.106s] INFO:colcon.colcon_core.shell:Creating environment hook '/home/eric/2025R2_ws/install/damiao/share/damiao/hook/pythonpath.sh'
[4.107s] Level 1:colcon.colcon_core.environment:checking '/home/eric/2025R2_ws/install/damiao/bin'
[4.107s] Level 1:colcon.colcon_core.environment:create_environment_scripts_only(damiao)
[4.107s] INFO:colcon.colcon_core.shell:Creating package script '/home/eric/2025R2_ws/install/damiao/share/damiao/package.ps1'
[4.108s] INFO:colcon.colcon_core.shell:Creating package descriptor '/home/eric/2025R2_ws/install/damiao/share/damiao/package.dsv'
[4.109s] INFO:colcon.colcon_core.shell:Creating package script '/home/eric/2025R2_ws/install/damiao/share/damiao/package.sh'
[4.109s] INFO:colcon.colcon_core.shell:Creating package script '/home/eric/2025R2_ws/install/damiao/share/damiao/package.bash'
[4.110s] INFO:colcon.colcon_core.shell:Creating package script '/home/eric/2025R2_ws/install/damiao/share/damiao/package.zsh'
[4.111s] Level 1:colcon.colcon_core.environment:create_file_with_runtime_dependencies(/home/eric/2025R2_ws/install/damiao/share/colcon-core/packages/damiao)
[4.112s] DEBUG:colcon.colcon_parallel_executor.executor.parallel:closing loop
[4.113s] DEBUG:colcon.colcon_parallel_executor.executor.parallel:loop closed
[4.113s] DEBUG:colcon.colcon_parallel_executor.executor.parallel:run_until_complete finished with '0'
[4.113s] DEBUG:colcon.colcon_core.event_reactor:joining thread
[4.128s] INFO:colcon.colcon_core.plugin_system:Skipping extension 'colcon_notification.desktop_notification.terminal_notifier': Not used on non-Darwin systems
[4.128s] INFO:colcon.colcon_core.plugin_system:Skipping extension 'colcon_notification.desktop_notification.win32': Not used on non-Windows systems
[4.129s] INFO:colcon.colcon_notification.desktop_notification:Sending desktop notification using 'notify2'
[4.159s] DEBUG:colcon.colcon_core.event_reactor:joined thread
[4.159s] INFO:colcon.colcon_core.shell:Creating prefix script '/home/eric/2025R2_ws/install/local_setup.ps1'
[4.161s] INFO:colcon.colcon_core.shell:Creating prefix util module '/home/eric/2025R2_ws/install/_local_setup_util_ps1.py'
[4.164s] INFO:colcon.colcon_core.shell:Creating prefix chain script '/home/eric/2025R2_ws/install/setup.ps1'
[4.167s] INFO:colcon.colcon_core.shell:Creating prefix script '/home/eric/2025R2_ws/install/local_setup.sh'
[4.170s] INFO:colcon.colcon_core.shell:Creating prefix util module '/home/eric/2025R2_ws/install/_local_setup_util_sh.py'
[4.171s] INFO:colcon.colcon_core.shell:Creating prefix chain script '/home/eric/2025R2_ws/install/setup.sh'
[4.172s] INFO:colcon.colcon_core.shell:Creating prefix script '/home/eric/2025R2_ws/install/local_setup.bash'
[4.174s] INFO:colcon.colcon_core.shell:Creating prefix chain script '/home/eric/2025R2_ws/install/setup.bash'
[4.176s] INFO:colcon.colcon_core.shell:Creating prefix script '/home/eric/2025R2_ws/install/local_setup.zsh'
[4.177s] INFO:colcon.colcon_core.shell:Creating prefix chain script '/home/eric/2025R2_ws/install/setup.zsh'
