[0.172s] DEBUG:colcon:Command line arguments: ['/usr/bin/colcon', 'build', '--symlink-install']
[0.172s] DEBUG:colcon:Parsed command line arguments: Namespace(log_base=None, log_level=None, verb_name='build', build_base='build', install_base='install', merge_install=False, symlink_install=True, test_result_base=None, continue_on_error=False, executor='parallel', parallel_workers=4, event_handlers=None, ignore_user_meta=False, metas=['./colcon.meta'], base_paths=['.'], packages_ignore=None, packages_ignore_regex=None, paths=None, packages_up_to=None, packages_up_to_regex=None, packages_above=None, packages_above_and_dependencies=None, packages_above_depth=None, packages_select_by_dep=None, packages_skip_by_dep=None, packages_skip_up_to=None, packages_select_build_failed=False, packages_skip_build_finished=False, packages_select_test_failures=False, packages_skip_test_passed=False, packages_select=None, packages_skip=None, packages_select_regex=None, packages_skip_regex=None, packages_start=None, packages_end=None, allow_overriding=[], cmake_args=None, cmake_target=None, cmake_target_skip_unavailable=False, cmake_clean_cache=False, cmake_clean_first=False, cmake_force_configure=False, ament_cmake_args=None, catkin_cmake_args=None, catkin_skip_building_tests=False, mixin_files=None, mixin=None, verb_parser=<colcon_mixin.mixin.mixin_argument.MixinArgumentDecorator object at 0xffffa18092b0>, verb_extension=<colcon_core.verb.build.BuildVerb object at 0xffffa227bdd0>, main=<bound method BuildVerb.main of <colcon_core.verb.build.BuildVerb object at 0xffffa227bdd0>>, mixin_verb=('build',))
[0.241s] Level 1:colcon.colcon_core.package_discovery:discover_packages(colcon_meta) check parameters
[0.241s] Level 1:colcon.colcon_core.package_discovery:discover_packages(recursive) check parameters
[0.241s] Level 1:colcon.colcon_core.package_discovery:discover_packages(ignore) check parameters
[0.241s] Level 1:colcon.colcon_core.package_discovery:discover_packages(path) check parameters
[0.241s] Level 1:colcon.colcon_core.package_discovery:discover_packages(colcon_meta) discover
[0.241s] Level 1:colcon.colcon_core.package_discovery:discover_packages(recursive) discover
[0.241s] INFO:colcon.colcon_core.package_discovery:Crawling recursively for packages in '/home/robotics/Robocon2025_R2/2025R2_ws'
[0.241s] Level 1:colcon.colcon_core.package_identification:_identify(.) by extensions ['ignore', 'ignore_ament_install']
[0.241s] Level 1:colcon.colcon_core.package_identification:_identify(.) by extension 'ignore'
[0.241s] Level 1:colcon.colcon_core.package_identification:_identify(.) by extension 'ignore_ament_install'
[0.241s] Level 1:colcon.colcon_core.package_identification:_identify(.) by extensions ['colcon_pkg']
[0.241s] Level 1:colcon.colcon_core.package_identification:_identify(.) by extension 'colcon_pkg'
[0.242s] Level 1:colcon.colcon_core.package_identification:_identify(.) by extensions ['colcon_meta']
[0.242s] Level 1:colcon.colcon_core.package_identification:_identify(.) by extension 'colcon_meta'
[0.242s] Level 1:colcon.colcon_core.package_identification:_identify(.) by extensions ['ros']
[0.242s] Level 1:colcon.colcon_core.package_identification:_identify(.) by extension 'ros'
[0.280s] Level 1:colcon.colcon_core.package_identification:_identify(.) by extensions ['cmake', 'python']
[0.281s] Level 1:colcon.colcon_core.package_identification:_identify(.) by extension 'cmake'
[0.281s] Level 1:colcon.colcon_core.package_identification:_identify(.) by extension 'python'
[0.281s] Level 1:colcon.colcon_core.package_identification:_identify(.) by extensions ['python_setup_py']
[0.281s] Level 1:colcon.colcon_core.package_identification:_identify(.) by extension 'python_setup_py'
[0.281s] Level 1:colcon.colcon_core.package_identification:_identify(build) by extensions ['ignore', 'ignore_ament_install']
[0.281s] Level 1:colcon.colcon_core.package_identification:_identify(build) by extension 'ignore'
[0.281s] Level 1:colcon.colcon_core.package_identification:_identify(build) ignored
[0.281s] Level 1:colcon.colcon_core.package_identification:_identify(install) by extensions ['ignore', 'ignore_ament_install']
[0.281s] Level 1:colcon.colcon_core.package_identification:_identify(install) by extension 'ignore'
[0.281s] Level 1:colcon.colcon_core.package_identification:_identify(install) ignored
[0.282s] Level 1:colcon.colcon_core.package_identification:_identify(log) by extensions ['ignore', 'ignore_ament_install']
[0.282s] Level 1:colcon.colcon_core.package_identification:_identify(log) by extension 'ignore'
[0.282s] Level 1:colcon.colcon_core.package_identification:_identify(log) ignored
[0.282s] Level 1:colcon.colcon_core.package_identification:_identify(src) by extensions ['ignore', 'ignore_ament_install']
[0.282s] Level 1:colcon.colcon_core.package_identification:_identify(src) by extension 'ignore'
[0.282s] Level 1:colcon.colcon_core.package_identification:_identify(src) by extension 'ignore_ament_install'
[0.282s] Level 1:colcon.colcon_core.package_identification:_identify(src) by extensions ['colcon_pkg']
[0.282s] Level 1:colcon.colcon_core.package_identification:_identify(src) by extension 'colcon_pkg'
[0.282s] Level 1:colcon.colcon_core.package_identification:_identify(src) by extensions ['colcon_meta']
[0.282s] Level 1:colcon.colcon_core.package_identification:_identify(src) by extension 'colcon_meta'
[0.282s] Level 1:colcon.colcon_core.package_identification:_identify(src) by extensions ['ros']
[0.282s] Level 1:colcon.colcon_core.package_identification:_identify(src) by extension 'ros'
[0.282s] Level 1:colcon.colcon_core.package_identification:_identify(src) by extensions ['cmake', 'python']
[0.282s] Level 1:colcon.colcon_core.package_identification:_identify(src) by extension 'cmake'
[0.282s] Level 1:colcon.colcon_core.package_identification:_identify(src) by extension 'python'
[0.282s] Level 1:colcon.colcon_core.package_identification:_identify(src) by extensions ['python_setup_py']
[0.282s] Level 1:colcon.colcon_core.package_identification:_identify(src) by extension 'python_setup_py'
[0.283s] Level 1:colcon.colcon_core.package_identification:_identify(src/damiao) by extensions ['ignore', 'ignore_ament_install']
[0.283s] Level 1:colcon.colcon_core.package_identification:_identify(src/damiao) by extension 'ignore'
[0.283s] Level 1:colcon.colcon_core.package_identification:_identify(src/damiao) by extension 'ignore_ament_install'
[0.283s] Level 1:colcon.colcon_core.package_identification:_identify(src/damiao) by extensions ['colcon_pkg']
[0.283s] Level 1:colcon.colcon_core.package_identification:_identify(src/damiao) by extension 'colcon_pkg'
[0.283s] Level 1:colcon.colcon_core.package_identification:_identify(src/damiao) by extensions ['colcon_meta']
[0.283s] Level 1:colcon.colcon_core.package_identification:_identify(src/damiao) by extension 'colcon_meta'
[0.283s] Level 1:colcon.colcon_core.package_identification:_identify(src/damiao) by extensions ['ros']
[0.283s] Level 1:colcon.colcon_core.package_identification:_identify(src/damiao) by extension 'ros'
[0.286s] DEBUG:colcon.colcon_core.package_identification:Package 'src/damiao' with type 'ros.ament_python' and name 'damiao'
[0.286s] Level 1:colcon.colcon_core.package_identification:_identify(src/navigation) by extensions ['ignore', 'ignore_ament_install']
[0.286s] Level 1:colcon.colcon_core.package_identification:_identify(src/navigation) by extension 'ignore'
[0.286s] Level 1:colcon.colcon_core.package_identification:_identify(src/navigation) by extension 'ignore_ament_install'
[0.286s] Level 1:colcon.colcon_core.package_identification:_identify(src/navigation) by extensions ['colcon_pkg']
[0.287s] Level 1:colcon.colcon_core.package_identification:_identify(src/navigation) by extension 'colcon_pkg'
[0.287s] Level 1:colcon.colcon_core.package_identification:_identify(src/navigation) by extensions ['colcon_meta']
[0.287s] Level 1:colcon.colcon_core.package_identification:_identify(src/navigation) by extension 'colcon_meta'
[0.287s] Level 1:colcon.colcon_core.package_identification:_identify(src/navigation) by extensions ['ros']
[0.287s] Level 1:colcon.colcon_core.package_identification:_identify(src/navigation) by extension 'ros'
[0.287s] DEBUG:colcon.colcon_core.package_identification:Package 'src/navigation' with type 'ros.ament_python' and name 'navigation'
[0.287s] Level 1:colcon.colcon_core.package_identification:_identify(src/ps4) by extensions ['ignore', 'ignore_ament_install']
[0.288s] Level 1:colcon.colcon_core.package_identification:_identify(src/ps4) by extension 'ignore'
[0.288s] Level 1:colcon.colcon_core.package_identification:_identify(src/ps4) by extension 'ignore_ament_install'
[0.288s] Level 1:colcon.colcon_core.package_identification:_identify(src/ps4) by extensions ['colcon_pkg']
[0.288s] Level 1:colcon.colcon_core.package_identification:_identify(src/ps4) by extension 'colcon_pkg'
[0.288s] Level 1:colcon.colcon_core.package_identification:_identify(src/ps4) by extensions ['colcon_meta']
[0.288s] Level 1:colcon.colcon_core.package_identification:_identify(src/ps4) by extension 'colcon_meta'
[0.288s] Level 1:colcon.colcon_core.package_identification:_identify(src/ps4) by extensions ['ros']
[0.288s] Level 1:colcon.colcon_core.package_identification:_identify(src/ps4) by extension 'ros'
[0.288s] DEBUG:colcon.colcon_core.package_identification:Package 'src/ps4' with type 'ros.ament_python' and name 'ps4'
[0.288s] Level 1:colcon.colcon_core.package_discovery:discover_packages(recursive) using defaults
[0.289s] Level 1:colcon.colcon_core.package_discovery:discover_packages(ignore) discover
[0.289s] Level 1:colcon.colcon_core.package_discovery:discover_packages(ignore) using defaults
[0.289s] Level 1:colcon.colcon_core.package_discovery:discover_packages(path) discover
[0.289s] Level 1:colcon.colcon_core.package_discovery:discover_packages(path) using defaults
[0.319s] Level 1:colcon.colcon_core.package_discovery:discover_packages(prefix_path) check parameters
[0.319s] Level 1:colcon.colcon_core.package_discovery:discover_packages(prefix_path) discover
[0.323s] DEBUG:colcon.colcon_installed_package_information.package_discovery:Found 285 installed packages in /opt/ros/jazzy
[0.324s] Level 1:colcon.colcon_core.package_discovery:discover_packages(prefix_path) using defaults
[0.384s] Level 5:colcon.colcon_core.verb:set package 'damiao' build argument 'cmake_args' from command line to 'None'
[0.384s] Level 5:colcon.colcon_core.verb:set package 'damiao' build argument 'cmake_target' from command line to 'None'
[0.384s] Level 5:colcon.colcon_core.verb:set package 'damiao' build argument 'cmake_target_skip_unavailable' from command line to 'False'
[0.384s] Level 5:colcon.colcon_core.verb:set package 'damiao' build argument 'cmake_clean_cache' from command line to 'False'
[0.384s] Level 5:colcon.colcon_core.verb:set package 'damiao' build argument 'cmake_clean_first' from command line to 'False'
[0.384s] Level 5:colcon.colcon_core.verb:set package 'damiao' build argument 'cmake_force_configure' from command line to 'False'
[0.384s] Level 5:colcon.colcon_core.verb:set package 'damiao' build argument 'ament_cmake_args' from command line to 'None'
[0.384s] Level 5:colcon.colcon_core.verb:set package 'damiao' build argument 'catkin_cmake_args' from command line to 'None'
[0.384s] Level 5:colcon.colcon_core.verb:set package 'damiao' build argument 'catkin_skip_building_tests' from command line to 'False'
[0.384s] DEBUG:colcon.colcon_core.verb:Building package 'damiao' with the following arguments: {'ament_cmake_args': None, 'build_base': '/home/robotics/Robocon2025_R2/2025R2_ws/build/damiao', 'catkin_cmake_args': None, 'catkin_skip_building_tests': False, 'cmake_args': None, 'cmake_clean_cache': False, 'cmake_clean_first': False, 'cmake_force_configure': False, 'cmake_target': None, 'cmake_target_skip_unavailable': False, 'install_base': '/home/robotics/Robocon2025_R2/2025R2_ws/install/damiao', 'merge_install': False, 'path': '/home/robotics/Robocon2025_R2/2025R2_ws/src/damiao', 'symlink_install': True, 'test_result_base': None}
[0.385s] Level 5:colcon.colcon_core.verb:set package 'navigation' build argument 'cmake_args' from command line to 'None'
[0.385s] Level 5:colcon.colcon_core.verb:set package 'navigation' build argument 'cmake_target' from command line to 'None'
[0.385s] Level 5:colcon.colcon_core.verb:set package 'navigation' build argument 'cmake_target_skip_unavailable' from command line to 'False'
[0.385s] Level 5:colcon.colcon_core.verb:set package 'navigation' build argument 'cmake_clean_cache' from command line to 'False'
[0.385s] Level 5:colcon.colcon_core.verb:set package 'navigation' build argument 'cmake_clean_first' from command line to 'False'
[0.385s] Level 5:colcon.colcon_core.verb:set package 'navigation' build argument 'cmake_force_configure' from command line to 'False'
[0.385s] Level 5:colcon.colcon_core.verb:set package 'navigation' build argument 'ament_cmake_args' from command line to 'None'
[0.385s] Level 5:colcon.colcon_core.verb:set package 'navigation' build argument 'catkin_cmake_args' from command line to 'None'
[0.385s] Level 5:colcon.colcon_core.verb:set package 'navigation' build argument 'catkin_skip_building_tests' from command line to 'False'
[0.385s] DEBUG:colcon.colcon_core.verb:Building package 'navigation' with the following arguments: {'ament_cmake_args': None, 'build_base': '/home/robotics/Robocon2025_R2/2025R2_ws/build/navigation', 'catkin_cmake_args': None, 'catkin_skip_building_tests': False, 'cmake_args': None, 'cmake_clean_cache': False, 'cmake_clean_first': False, 'cmake_force_configure': False, 'cmake_target': None, 'cmake_target_skip_unavailable': False, 'install_base': '/home/robotics/Robocon2025_R2/2025R2_ws/install/navigation', 'merge_install': False, 'path': '/home/robotics/Robocon2025_R2/2025R2_ws/src/navigation', 'symlink_install': True, 'test_result_base': None}
[0.385s] Level 5:colcon.colcon_core.verb:set package 'ps4' build argument 'cmake_args' from command line to 'None'
[0.385s] Level 5:colcon.colcon_core.verb:set package 'ps4' build argument 'cmake_target' from command line to 'None'
[0.385s] Level 5:colcon.colcon_core.verb:set package 'ps4' build argument 'cmake_target_skip_unavailable' from command line to 'False'
[0.385s] Level 5:colcon.colcon_core.verb:set package 'ps4' build argument 'cmake_clean_cache' from command line to 'False'
[0.385s] Level 5:colcon.colcon_core.verb:set package 'ps4' build argument 'cmake_clean_first' from command line to 'False'
[0.385s] Level 5:colcon.colcon_core.verb:set package 'ps4' build argument 'cmake_force_configure' from command line to 'False'
[0.385s] Level 5:colcon.colcon_core.verb:set package 'ps4' build argument 'ament_cmake_args' from command line to 'None'
[0.385s] Level 5:colcon.colcon_core.verb:set package 'ps4' build argument 'catkin_cmake_args' from command line to 'None'
[0.385s] Level 5:colcon.colcon_core.verb:set package 'ps4' build argument 'catkin_skip_building_tests' from command line to 'False'
[0.385s] DEBUG:colcon.colcon_core.verb:Building package 'ps4' with the following arguments: {'ament_cmake_args': None, 'build_base': '/home/robotics/Robocon2025_R2/2025R2_ws/build/ps4', 'catkin_cmake_args': None, 'catkin_skip_building_tests': False, 'cmake_args': None, 'cmake_clean_cache': False, 'cmake_clean_first': False, 'cmake_force_configure': False, 'cmake_target': None, 'cmake_target_skip_unavailable': False, 'install_base': '/home/robotics/Robocon2025_R2/2025R2_ws/install/ps4', 'merge_install': False, 'path': '/home/robotics/Robocon2025_R2/2025R2_ws/src/ps4', 'symlink_install': True, 'test_result_base': None}
[0.385s] INFO:colcon.colcon_core.executor:Executing jobs using 'parallel' executor
[0.387s] DEBUG:colcon.colcon_parallel_executor.executor.parallel:run_until_complete
[0.387s] INFO:colcon.colcon_ros.task.ament_python.build:Building ROS package in '/home/robotics/Robocon2025_R2/2025R2_ws/src/damiao' with build type 'ament_python'
[0.388s] Level 1:colcon.colcon_core.shell:create_environment_hook('damiao', 'ament_prefix_path')
[0.402s] INFO:colcon.colcon_core.plugin_system:Skipping extension 'colcon_core.shell.bat': Not used on non-Windows systems
[0.403s] INFO:colcon.colcon_core.shell:Creating environment hook '/home/robotics/Robocon2025_R2/2025R2_ws/install/damiao/share/damiao/hook/ament_prefix_path.ps1'
[0.407s] INFO:colcon.colcon_core.shell:Creating environment descriptor '/home/robotics/Robocon2025_R2/2025R2_ws/install/damiao/share/damiao/hook/ament_prefix_path.dsv'
[0.410s] INFO:colcon.colcon_core.shell:Creating environment hook '/home/robotics/Robocon2025_R2/2025R2_ws/install/damiao/share/damiao/hook/ament_prefix_path.sh'
[0.412s] INFO:colcon.colcon_core.shell:Skip shell extension 'powershell' for command environment: Not usable outside of PowerShell
[0.412s] DEBUG:colcon.colcon_core.shell:Skip shell extension 'dsv' for command environment
[0.427s] INFO:colcon.colcon_ros.task.ament_python.build:Building ROS package in '/home/robotics/Robocon2025_R2/2025R2_ws/src/navigation' with build type 'ament_python'
[0.429s] Level 1:colcon.colcon_core.shell:create_environment_hook('navigation', 'ament_prefix_path')
[0.431s] INFO:colcon.colcon_core.shell:Creating environment hook '/home/robotics/Robocon2025_R2/2025R2_ws/install/navigation/share/navigation/hook/ament_prefix_path.ps1'
[0.433s] INFO:colcon.colcon_core.shell:Creating environment descriptor '/home/robotics/Robocon2025_R2/2025R2_ws/install/navigation/share/navigation/hook/ament_prefix_path.dsv'
[0.433s] INFO:colcon.colcon_core.shell:Creating environment hook '/home/robotics/Robocon2025_R2/2025R2_ws/install/navigation/share/navigation/hook/ament_prefix_path.sh'
[0.436s] INFO:colcon.colcon_core.shell:Skip shell extension 'powershell' for command environment: Not usable outside of PowerShell
[0.436s] DEBUG:colcon.colcon_core.shell:Skip shell extension 'dsv' for command environment
[0.443s] INFO:colcon.colcon_ros.task.ament_python.build:Building ROS package in '/home/robotics/Robocon2025_R2/2025R2_ws/src/ps4' with build type 'ament_python'
[0.443s] Level 1:colcon.colcon_core.shell:create_environment_hook('ps4', 'ament_prefix_path')
[0.444s] INFO:colcon.colcon_core.shell:Creating environment hook '/home/robotics/Robocon2025_R2/2025R2_ws/install/ps4/share/ps4/hook/ament_prefix_path.ps1'
[0.445s] INFO:colcon.colcon_core.shell:Creating environment descriptor '/home/robotics/Robocon2025_R2/2025R2_ws/install/ps4/share/ps4/hook/ament_prefix_path.dsv'
[0.446s] INFO:colcon.colcon_core.shell:Creating environment hook '/home/robotics/Robocon2025_R2/2025R2_ws/install/ps4/share/ps4/hook/ament_prefix_path.sh'
[0.447s] INFO:colcon.colcon_core.shell:Skip shell extension 'powershell' for command environment: Not usable outside of PowerShell
[0.447s] DEBUG:colcon.colcon_core.shell:Skip shell extension 'dsv' for command environment
[0.882s] INFO:colcon.colcon_core.task.python.build:Building Python package in '/home/robotics/Robocon2025_R2/2025R2_ws/src/damiao'
[0.882s] INFO:colcon.colcon_core.shell:Skip shell extension 'powershell' for command environment: Not usable outside of PowerShell
[0.883s] DEBUG:colcon.colcon_core.shell:Skip shell extension 'dsv' for command environment
[1.273s] INFO:colcon.colcon_core.task.python.build:Building Python package in '/home/robotics/Robocon2025_R2/2025R2_ws/src/navigation'
[1.273s] INFO:colcon.colcon_core.shell:Skip shell extension 'powershell' for command environment: Not usable outside of PowerShell
[1.273s] DEBUG:colcon.colcon_core.shell:Skip shell extension 'dsv' for command environment
[1.676s] INFO:colcon.colcon_core.task.python.build:Building Python package in '/home/robotics/Robocon2025_R2/2025R2_ws/src/ps4'
[1.677s] INFO:colcon.colcon_core.shell:Skip shell extension 'powershell' for command environment: Not usable outside of PowerShell
[1.677s] DEBUG:colcon.colcon_core.shell:Skip shell extension 'dsv' for command environment
[2.957s] DEBUG:colcon.colcon_core.event_handler.log_command:Invoking command in '/home/robotics/Robocon2025_R2/2025R2_ws/build/ps4': DEBUGINFOD_URLS=https://debuginfod.ubuntu.com PS1=(venv) PYTHONPATH=/home/robotics/Robocon2025_R2/2025R2_ws/build/ps4/prefix_override:/usr/lib/python3/dist-packages/colcon_core/task/python/colcon_distutils_commands:/home/robotics/Robocon2025_R2/2025R2_ws/install/ps4/lib/python3.12/site-packages:${PYTHONPATH} /usr/bin/python3 -W ignore:setup.py install is deprecated -W ignore:easy_install command is deprecated setup.py develop --editable --build-directory /home/robotics/Robocon2025_R2/2025R2_ws/build/ps4/build --no-deps symlink_data
[2.972s] DEBUG:colcon.colcon_core.event_handler.log_command:Invoking command in '/home/robotics/Robocon2025_R2/2025R2_ws/build/navigation': DEBUGINFOD_URLS=https://debuginfod.ubuntu.com PS1=(venv) PYTHONPATH=/home/robotics/Robocon2025_R2/2025R2_ws/build/navigation/prefix_override:/usr/lib/python3/dist-packages/colcon_core/task/python/colcon_distutils_commands:/home/robotics/Robocon2025_R2/2025R2_ws/install/navigation/lib/python3.12/site-packages:${PYTHONPATH} /usr/bin/python3 -W ignore:setup.py install is deprecated -W ignore:easy_install command is deprecated setup.py develop --editable --build-directory /home/robotics/Robocon2025_R2/2025R2_ws/build/navigation/build --no-deps symlink_data
[2.978s] DEBUG:colcon.colcon_core.event_handler.log_command:Invoking command in '/home/robotics/Robocon2025_R2/2025R2_ws/build/damiao': DEBUGINFOD_URLS=https://debuginfod.ubuntu.com PS1=(venv) PYTHONPATH=/home/robotics/Robocon2025_R2/2025R2_ws/build/damiao/prefix_override:/usr/lib/python3/dist-packages/colcon_core/task/python/colcon_distutils_commands:/home/robotics/Robocon2025_R2/2025R2_ws/install/damiao/lib/python3.12/site-packages:${PYTHONPATH} /usr/bin/python3 -W ignore:setup.py install is deprecated -W ignore:easy_install command is deprecated setup.py develop --editable --build-directory /home/robotics/Robocon2025_R2/2025R2_ws/build/damiao/build --no-deps symlink_data
[4.255s] Level 1:colcon.colcon_core.shell:create_environment_hook('ps4', 'pythonpath_develop')
[4.255s] INFO:colcon.colcon_core.shell:Creating environment hook '/home/robotics/Robocon2025_R2/2025R2_ws/build/ps4/share/ps4/hook/pythonpath_develop.ps1'
[4.256s] INFO:colcon.colcon_core.shell:Creating environment descriptor '/home/robotics/Robocon2025_R2/2025R2_ws/build/ps4/share/ps4/hook/pythonpath_develop.dsv'
[4.257s] DEBUG:colcon.colcon_core.event_handler.log_command:Invoked command in '/home/robotics/Robocon2025_R2/2025R2_ws/build/ps4' returned '0': DEBUGINFOD_URLS=https://debuginfod.ubuntu.com PS1=(venv) PYTHONPATH=/home/robotics/Robocon2025_R2/2025R2_ws/build/ps4/prefix_override:/usr/lib/python3/dist-packages/colcon_core/task/python/colcon_distutils_commands:/home/robotics/Robocon2025_R2/2025R2_ws/install/ps4/lib/python3.12/site-packages:${PYTHONPATH} /usr/bin/python3 -W ignore:setup.py install is deprecated -W ignore:easy_install command is deprecated setup.py develop --editable --build-directory /home/robotics/Robocon2025_R2/2025R2_ws/build/ps4/build --no-deps symlink_data
[4.258s] INFO:colcon.colcon_core.shell:Creating environment hook '/home/robotics/Robocon2025_R2/2025R2_ws/build/ps4/share/ps4/hook/pythonpath_develop.sh'
[4.266s] Level 1:colcon.colcon_core.environment:checking '/home/robotics/Robocon2025_R2/2025R2_ws/install/ps4' for CMake module files
[4.267s] Level 1:colcon.colcon_core.environment:checking '/home/robotics/Robocon2025_R2/2025R2_ws/install/ps4' for CMake config files
[4.268s] Level 1:colcon.colcon_core.environment:checking '/home/robotics/Robocon2025_R2/2025R2_ws/install/ps4/lib'
[4.269s] Level 1:colcon.colcon_core.environment:checking '/home/robotics/Robocon2025_R2/2025R2_ws/install/ps4/bin'
[4.269s] Level 1:colcon.colcon_core.environment:checking '/home/robotics/Robocon2025_R2/2025R2_ws/install/ps4/lib/pkgconfig/ps4.pc'
[4.269s] Level 1:colcon.colcon_core.environment:checking '/home/robotics/Robocon2025_R2/2025R2_ws/install/ps4/lib/python3.12/site-packages'
[4.270s] Level 1:colcon.colcon_core.shell:create_environment_hook('ps4', 'pythonpath')
[4.270s] INFO:colcon.colcon_core.shell:Creating environment hook '/home/robotics/Robocon2025_R2/2025R2_ws/install/ps4/share/ps4/hook/pythonpath.ps1'
[4.271s] INFO:colcon.colcon_core.shell:Creating environment descriptor '/home/robotics/Robocon2025_R2/2025R2_ws/install/ps4/share/ps4/hook/pythonpath.dsv'
[4.273s] INFO:colcon.colcon_core.shell:Creating environment hook '/home/robotics/Robocon2025_R2/2025R2_ws/install/ps4/share/ps4/hook/pythonpath.sh'
[4.275s] Level 1:colcon.colcon_core.environment:checking '/home/robotics/Robocon2025_R2/2025R2_ws/install/ps4/bin'
[4.275s] Level 1:colcon.colcon_core.environment:create_environment_scripts_only(ps4)
[4.276s] INFO:colcon.colcon_core.shell:Creating package script '/home/robotics/Robocon2025_R2/2025R2_ws/install/ps4/share/ps4/package.ps1'
[4.278s] INFO:colcon.colcon_core.shell:Creating package descriptor '/home/robotics/Robocon2025_R2/2025R2_ws/install/ps4/share/ps4/package.dsv'
[4.279s] INFO:colcon.colcon_core.shell:Creating package script '/home/robotics/Robocon2025_R2/2025R2_ws/install/ps4/share/ps4/package.sh'
[4.281s] INFO:colcon.colcon_core.shell:Creating package script '/home/robotics/Robocon2025_R2/2025R2_ws/install/ps4/share/ps4/package.bash'
[4.282s] INFO:colcon.colcon_core.shell:Creating package script '/home/robotics/Robocon2025_R2/2025R2_ws/install/ps4/share/ps4/package.zsh'
[4.284s] Level 1:colcon.colcon_core.environment:create_file_with_runtime_dependencies(/home/robotics/Robocon2025_R2/2025R2_ws/install/ps4/share/colcon-core/packages/ps4)
[4.289s] Level 1:colcon.colcon_core.shell:create_environment_hook('damiao', 'pythonpath_develop')
[4.292s] INFO:colcon.colcon_core.shell:Creating environment hook '/home/robotics/Robocon2025_R2/2025R2_ws/build/damiao/share/damiao/hook/pythonpath_develop.ps1'
[4.295s] DEBUG:colcon.colcon_core.event_handler.log_command:Invoked command in '/home/robotics/Robocon2025_R2/2025R2_ws/build/damiao' returned '0': DEBUGINFOD_URLS=https://debuginfod.ubuntu.com PS1=(venv) PYTHONPATH=/home/robotics/Robocon2025_R2/2025R2_ws/build/damiao/prefix_override:/usr/lib/python3/dist-packages/colcon_core/task/python/colcon_distutils_commands:/home/robotics/Robocon2025_R2/2025R2_ws/install/damiao/lib/python3.12/site-packages:${PYTHONPATH} /usr/bin/python3 -W ignore:setup.py install is deprecated -W ignore:easy_install command is deprecated setup.py develop --editable --build-directory /home/robotics/Robocon2025_R2/2025R2_ws/build/damiao/build --no-deps symlink_data
[4.301s] INFO:colcon.colcon_core.shell:Creating environment descriptor '/home/robotics/Robocon2025_R2/2025R2_ws/build/damiao/share/damiao/hook/pythonpath_develop.dsv'
[4.302s] INFO:colcon.colcon_core.shell:Creating environment hook '/home/robotics/Robocon2025_R2/2025R2_ws/build/damiao/share/damiao/hook/pythonpath_develop.sh'
[4.304s] Level 1:colcon.colcon_core.environment:checking '/home/robotics/Robocon2025_R2/2025R2_ws/install/damiao' for CMake module files
[4.306s] Level 1:colcon.colcon_core.environment:checking '/home/robotics/Robocon2025_R2/2025R2_ws/install/damiao' for CMake config files
[4.310s] Level 1:colcon.colcon_core.environment:checking '/home/robotics/Robocon2025_R2/2025R2_ws/install/damiao/lib'
[4.311s] Level 1:colcon.colcon_core.environment:checking '/home/robotics/Robocon2025_R2/2025R2_ws/install/damiao/bin'
[4.311s] Level 1:colcon.colcon_core.environment:checking '/home/robotics/Robocon2025_R2/2025R2_ws/install/damiao/lib/pkgconfig/damiao.pc'
[4.312s] Level 1:colcon.colcon_core.environment:checking '/home/robotics/Robocon2025_R2/2025R2_ws/install/damiao/lib/python3.12/site-packages'
[4.312s] Level 1:colcon.colcon_core.shell:create_environment_hook('damiao', 'pythonpath')
[4.313s] INFO:colcon.colcon_core.shell:Creating environment hook '/home/robotics/Robocon2025_R2/2025R2_ws/install/damiao/share/damiao/hook/pythonpath.ps1'
[4.314s] INFO:colcon.colcon_core.shell:Creating environment descriptor '/home/robotics/Robocon2025_R2/2025R2_ws/install/damiao/share/damiao/hook/pythonpath.dsv'
[4.316s] INFO:colcon.colcon_core.shell:Creating environment hook '/home/robotics/Robocon2025_R2/2025R2_ws/install/damiao/share/damiao/hook/pythonpath.sh'
[4.319s] Level 1:colcon.colcon_core.environment:checking '/home/robotics/Robocon2025_R2/2025R2_ws/install/damiao/bin'
[4.321s] Level 1:colcon.colcon_core.environment:create_environment_scripts_only(damiao)
[4.323s] INFO:colcon.colcon_core.shell:Creating package script '/home/robotics/Robocon2025_R2/2025R2_ws/install/damiao/share/damiao/package.ps1'
[4.325s] INFO:colcon.colcon_core.shell:Creating package descriptor '/home/robotics/Robocon2025_R2/2025R2_ws/install/damiao/share/damiao/package.dsv'
[4.329s] INFO:colcon.colcon_core.shell:Creating package script '/home/robotics/Robocon2025_R2/2025R2_ws/install/damiao/share/damiao/package.sh'
[4.336s] INFO:colcon.colcon_core.shell:Creating package script '/home/robotics/Robocon2025_R2/2025R2_ws/install/damiao/share/damiao/package.bash'
[4.338s] INFO:colcon.colcon_core.shell:Creating package script '/home/robotics/Robocon2025_R2/2025R2_ws/install/damiao/share/damiao/package.zsh'
[4.339s] Level 1:colcon.colcon_core.environment:create_file_with_runtime_dependencies(/home/robotics/Robocon2025_R2/2025R2_ws/install/damiao/share/colcon-core/packages/damiao)
[4.367s] Level 1:colcon.colcon_core.shell:create_environment_hook('navigation', 'pythonpath_develop')
[4.372s] INFO:colcon.colcon_core.shell:Creating environment hook '/home/robotics/Robocon2025_R2/2025R2_ws/build/navigation/share/navigation/hook/pythonpath_develop.ps1'
[4.373s] DEBUG:colcon.colcon_core.event_handler.log_command:Invoked command in '/home/robotics/Robocon2025_R2/2025R2_ws/build/navigation' returned '0': DEBUGINFOD_URLS=https://debuginfod.ubuntu.com PS1=(venv) PYTHONPATH=/home/robotics/Robocon2025_R2/2025R2_ws/build/navigation/prefix_override:/usr/lib/python3/dist-packages/colcon_core/task/python/colcon_distutils_commands:/home/robotics/Robocon2025_R2/2025R2_ws/install/navigation/lib/python3.12/site-packages:${PYTHONPATH} /usr/bin/python3 -W ignore:setup.py install is deprecated -W ignore:easy_install command is deprecated setup.py develop --editable --build-directory /home/robotics/Robocon2025_R2/2025R2_ws/build/navigation/build --no-deps symlink_data
[4.378s] INFO:colcon.colcon_core.shell:Creating environment descriptor '/home/robotics/Robocon2025_R2/2025R2_ws/build/navigation/share/navigation/hook/pythonpath_develop.dsv'
[4.380s] INFO:colcon.colcon_core.shell:Creating environment hook '/home/robotics/Robocon2025_R2/2025R2_ws/build/navigation/share/navigation/hook/pythonpath_develop.sh'
[4.381s] Level 1:colcon.colcon_core.environment:checking '/home/robotics/Robocon2025_R2/2025R2_ws/install/navigation' for CMake module files
[4.383s] Level 1:colcon.colcon_core.environment:checking '/home/robotics/Robocon2025_R2/2025R2_ws/install/navigation' for CMake config files
[4.387s] Level 1:colcon.colcon_core.environment:checking '/home/robotics/Robocon2025_R2/2025R2_ws/install/navigation/lib'
[4.388s] Level 1:colcon.colcon_core.environment:checking '/home/robotics/Robocon2025_R2/2025R2_ws/install/navigation/bin'
[4.388s] Level 1:colcon.colcon_core.environment:checking '/home/robotics/Robocon2025_R2/2025R2_ws/install/navigation/lib/pkgconfig/navigation.pc'
[4.388s] Level 1:colcon.colcon_core.environment:checking '/home/robotics/Robocon2025_R2/2025R2_ws/install/navigation/lib/python3.12/site-packages'
[4.388s] Level 1:colcon.colcon_core.shell:create_environment_hook('navigation', 'pythonpath')
[4.389s] INFO:colcon.colcon_core.shell:Creating environment hook '/home/robotics/Robocon2025_R2/2025R2_ws/install/navigation/share/navigation/hook/pythonpath.ps1'
[4.390s] INFO:colcon.colcon_core.shell:Creating environment descriptor '/home/robotics/Robocon2025_R2/2025R2_ws/install/navigation/share/navigation/hook/pythonpath.dsv'
[4.392s] INFO:colcon.colcon_core.shell:Creating environment hook '/home/robotics/Robocon2025_R2/2025R2_ws/install/navigation/share/navigation/hook/pythonpath.sh'
[4.393s] Level 1:colcon.colcon_core.environment:checking '/home/robotics/Robocon2025_R2/2025R2_ws/install/navigation/bin'
[4.393s] Level 1:colcon.colcon_core.environment:create_environment_scripts_only(navigation)
[4.394s] INFO:colcon.colcon_core.shell:Creating package script '/home/robotics/Robocon2025_R2/2025R2_ws/install/navigation/share/navigation/package.ps1'
[4.395s] INFO:colcon.colcon_core.shell:Creating package descriptor '/home/robotics/Robocon2025_R2/2025R2_ws/install/navigation/share/navigation/package.dsv'
[4.396s] INFO:colcon.colcon_core.shell:Creating package script '/home/robotics/Robocon2025_R2/2025R2_ws/install/navigation/share/navigation/package.sh'
[4.397s] INFO:colcon.colcon_core.shell:Creating package script '/home/robotics/Robocon2025_R2/2025R2_ws/install/navigation/share/navigation/package.bash'
[4.399s] INFO:colcon.colcon_core.shell:Creating package script '/home/robotics/Robocon2025_R2/2025R2_ws/install/navigation/share/navigation/package.zsh'
[4.400s] Level 1:colcon.colcon_core.environment:create_file_with_runtime_dependencies(/home/robotics/Robocon2025_R2/2025R2_ws/install/navigation/share/colcon-core/packages/navigation)
[4.402s] DEBUG:colcon.colcon_parallel_executor.executor.parallel:closing loop
[4.402s] DEBUG:colcon.colcon_parallel_executor.executor.parallel:loop closed
[4.403s] DEBUG:colcon.colcon_parallel_executor.executor.parallel:run_until_complete finished with '0'
[4.403s] DEBUG:colcon.colcon_core.event_reactor:joining thread
[4.411s] INFO:colcon.colcon_core.plugin_system:Skipping extension 'colcon_notification.desktop_notification.terminal_notifier': Not used on non-Darwin systems
[4.412s] INFO:colcon.colcon_core.plugin_system:Skipping extension 'colcon_notification.desktop_notification.win32': Not used on non-Windows systems
[4.412s] INFO:colcon.colcon_notification.desktop_notification:Sending desktop notification using 'notify2'
[4.450s] DEBUG:colcon.colcon_core.event_reactor:joined thread
[4.452s] INFO:colcon.colcon_core.shell:Creating prefix script '/home/robotics/Robocon2025_R2/2025R2_ws/install/local_setup.ps1'
[4.456s] INFO:colcon.colcon_core.shell:Creating prefix util module '/home/robotics/Robocon2025_R2/2025R2_ws/install/_local_setup_util_ps1.py'
[4.458s] INFO:colcon.colcon_core.shell:Creating prefix chain script '/home/robotics/Robocon2025_R2/2025R2_ws/install/setup.ps1'
[4.460s] INFO:colcon.colcon_core.shell:Creating prefix script '/home/robotics/Robocon2025_R2/2025R2_ws/install/local_setup.sh'
[4.461s] INFO:colcon.colcon_core.shell:Creating prefix util module '/home/robotics/Robocon2025_R2/2025R2_ws/install/_local_setup_util_sh.py'
[4.462s] INFO:colcon.colcon_core.shell:Creating prefix chain script '/home/robotics/Robocon2025_R2/2025R2_ws/install/setup.sh'
[4.463s] INFO:colcon.colcon_core.shell:Creating prefix script '/home/robotics/Robocon2025_R2/2025R2_ws/install/local_setup.bash'
[4.464s] INFO:colcon.colcon_core.shell:Creating prefix chain script '/home/robotics/Robocon2025_R2/2025R2_ws/install/setup.bash'
[4.466s] INFO:colcon.colcon_core.shell:Creating prefix script '/home/robotics/Robocon2025_R2/2025R2_ws/install/local_setup.zsh'
[4.466s] INFO:colcon.colcon_core.shell:Creating prefix chain script '/home/robotics/Robocon2025_R2/2025R2_ws/install/setup.zsh'
