[4.292s] Invoking command in '/home/eric/Robocon2025_R2/2025R2_ws/build/navigation': DEBUGINFOD_URLS=https://debuginfod.ubuntu.com PYTHONPATH=/home/eric/Robocon2025_R2/2025R2_ws/build/navigation/prefix_override:/usr/lib/python3/dist-packages/colcon_core/task/python/colcon_distutils_commands:/home/eric/Robocon2025_R2/2025R2_ws/install/navigation/lib/python3.12/site-packages:${PYTHONPATH} /usr/bin/python3 -W ignore:setup.py install is deprecated -W ignore:easy_install command is deprecated setup.py develop --editable --build-directory /home/eric/Robocon2025_R2/2025R2_ws/build/navigation/build --no-deps symlink_data
[5.393s] running develop
[6.060s] running egg_info
[6.125s] writing navigation.egg-info/PKG-INFO
[6.125s] writing dependency_links to navigation.egg-info/dependency_links.txt
[6.128s] writing entry points to navigation.egg-info/entry_points.txt
[6.131s] writing requirements to navigation.egg-info/requires.txt
[6.131s] writing top-level names to navigation.egg-info/top_level.txt
[6.260s] reading manifest file 'navigation.egg-info/SOURCES.txt'
[6.262s] writing manifest file 'navigation.egg-info/SOURCES.txt'
[6.336s] running build_ext
[6.336s] Creating /home/eric/Robocon2025_R2/2025R2_ws/install/navigation/lib/python3.12/site-packages/navigation.egg-link (link to .)
[6.341s] Installing navigation_node script to /home/eric/Robocon2025_R2/2025R2_ws/install/navigation/lib/navigation
[6.343s] Installing omni_wheel_speed_node script to /home/eric/Robocon2025_R2/2025R2_ws/install/navigation/lib/navigation
[6.345s] 
[6.346s] Installed /home/eric/Robocon2025_R2/2025R2_ws/build/navigation
[6.348s] running symlink_data
[6.348s] creating /home/eric/Robocon2025_R2/2025R2_ws/install/navigation/share/ament_index
[6.349s] creating /home/eric/Robocon2025_R2/2025R2_ws/install/navigation/share/ament_index/resource_index
[6.351s] creating /home/eric/Robocon2025_R2/2025R2_ws/install/navigation/share/ament_index/resource_index/packages
[6.352s] symbolically linking /home/eric/Robocon2025_R2/2025R2_ws/build/navigation/resource/navigation -> /home/eric/Robocon2025_R2/2025R2_ws/install/navigation/share/ament_index/resource_index/packages
[6.352s] symbolically linking /home/eric/Robocon2025_R2/2025R2_ws/build/navigation/package.xml -> /home/eric/Robocon2025_R2/2025R2_ws/install/navigation/share/navigation
[6.598s] Invoked command in '/home/eric/Robocon2025_R2/2025R2_ws/build/navigation' returned '0': DEBUGINFOD_URLS=https://debuginfod.ubuntu.com PYTHONPATH=/home/eric/Robocon2025_R2/2025R2_ws/build/navigation/prefix_override:/usr/lib/python3/dist-packages/colcon_core/task/python/colcon_distutils_commands:/home/eric/Robocon2025_R2/2025R2_ws/install/navigation/lib/python3.12/site-packages:${PYTHONPATH} /usr/bin/python3 -W ignore:setup.py install is deprecated -W ignore:easy_install command is deprecated setup.py develop --editable --build-directory /home/eric/Robocon2025_R2/2025R2_ws/build/navigation/build --no-deps symlink_data
