[3.302s] Invoking command in '/home/robotics/Robocon2025_R2/2025R2_ws/build/navigation': DEBUGINFOD_URLS=https://debuginfod.ubuntu.com PS1=(venv) PYTHONPATH=/home/robotics/Robocon2025_R2/2025R2_ws/build/navigation/prefix_override:/usr/lib/python3/dist-packages/colcon_core/task/python/colcon_distutils_commands:/home/robotics/Robocon2025_R2/2025R2_ws/install/navigation/lib/python3.12/site-packages:${PYTHONPATH} /usr/bin/python3 -W ignore:setup.py install is deprecated -W ignore:easy_install command is deprecated setup.py develop --editable --build-directory /home/robotics/Robocon2025_R2/2025R2_ws/build/navigation/build --no-deps symlink_data
[3.857s] running develop
[4.109s] /usr/lib/python3/dist-packages/setuptools/command/easy_install.py:363: UserWarning: Unbuilt egg for pytest-repeat [unknown version] (/usr/lib/python3/dist-packages)
[4.109s]   self.local_index = Environment(self.shadow_path + sys.path)
[4.159s] running egg_info
[4.191s] writing navigation.egg-info/PKG-INFO
[4.192s] writing dependency_links to navigation.egg-info/dependency_links.txt
[4.193s] writing entry points to navigation.egg-info/entry_points.txt
[4.194s] writing requirements to navigation.egg-info/requires.txt
[4.195s] writing top-level names to navigation.egg-info/top_level.txt
[4.253s] reading manifest file 'navigation.egg-info/SOURCES.txt'
[4.257s] writing manifest file 'navigation.egg-info/SOURCES.txt'
[4.290s] running build_ext
[4.290s] Creating /home/robotics/Robocon2025_R2/2025R2_ws/install/navigation/lib/python3.12/site-packages/navigation.egg-link (link to .)
[4.291s] Installing navigation_node script to /home/robotics/Robocon2025_R2/2025R2_ws/install/navigation/lib/navigation
[4.292s] Installing omni_wheel_speed_node script to /home/robotics/Robocon2025_R2/2025R2_ws/install/navigation/lib/navigation
[4.292s] 
[4.292s] Installed /home/robotics/Robocon2025_R2/2025R2_ws/build/navigation
[4.292s] running symlink_data
[4.545s] Invoked command in '/home/robotics/Robocon2025_R2/2025R2_ws/build/navigation' returned '0': DEBUGINFOD_URLS=https://debuginfod.ubuntu.com PS1=(venv) PYTHONPATH=/home/robotics/Robocon2025_R2/2025R2_ws/build/navigation/prefix_override:/usr/lib/python3/dist-packages/colcon_core/task/python/colcon_distutils_commands:/home/robotics/Robocon2025_R2/2025R2_ws/install/navigation/lib/python3.12/site-packages:${PYTHONPATH} /usr/bin/python3 -W ignore:setup.py install is deprecated -W ignore:easy_install command is deprecated setup.py develop --editable --build-directory /home/robotics/Robocon2025_R2/2025R2_ws/build/navigation/build --no-deps symlink_data
