[0.142s] DEBUG:colcon:Command line arguments: ['/usr/bin/colcon', 'build']
[0.142s] DEBUG:colcon:Parsed command line arguments: Namespace(log_base=None, log_level=None, verb_name='build', build_base='build', install_base='install', merge_install=False, symlink_install=False, test_result_base=None, continue_on_error=False, executor='parallel', parallel_workers=4, event_handlers=None, ignore_user_meta=False, metas=['./colcon.meta'], base_paths=['.'], packages_ignore=None, packages_ignore_regex=None, paths=None, packages_up_to=None, packages_up_to_regex=None, packages_above=None, packages_above_and_dependencies=None, packages_above_depth=None, packages_select_by_dep=None, packages_skip_by_dep=None, packages_skip_up_to=None, packages_select_build_failed=False, packages_skip_build_finished=False, packages_select_test_failures=False, packages_skip_test_passed=False, packages_select=None, packages_skip=None, packages_select_regex=None, packages_skip_regex=None, packages_start=None, packages_end=None, allow_overriding=[], cmake_args=None, cmake_target=None, cmake_target_skip_unavailable=False, cmake_clean_cache=False, cmake_clean_first=False, cmake_force_configure=False, ament_cmake_args=None, catkin_cmake_args=None, catkin_skip_building_tests=False, verb_parser=<colcon_defaults.argument_parser.defaults.DefaultArgumentsDecorator object at 0xffffae602db0>, verb_extension=<colcon_core.verb.build.BuildVerb object at 0xffffae602c00>, main=<bound method BuildVerb.main of <colcon_core.verb.build.BuildVerb object at 0xffffae602c00>>)
[0.197s] Level 1:colcon.colcon_core.package_discovery:discover_packages(colcon_meta) check parameters
[0.197s] Level 1:colcon.colcon_core.package_discovery:discover_packages(recursive) check parameters
[0.197s] Level 1:colcon.colcon_core.package_discovery:discover_packages(ignore) check parameters
[0.197s] Level 1:colcon.colcon_core.package_discovery:discover_packages(path) check parameters
[0.197s] Level 1:colcon.colcon_core.package_discovery:discover_packages(colcon_meta) discover
[0.197s] Level 1:colcon.colcon_core.package_discovery:discover_packages(recursive) discover
[0.197s] INFO:colcon.colcon_core.package_discovery:Crawling recursively for packages in '/home/eric/2025R2_ws'
[0.197s] Level 1:colcon.colcon_core.package_identification:_identify(.) by extensions ['ignore', 'ignore_ament_install']
[0.198s] Level 1:colcon.colcon_core.package_identification:_identify(.) by extension 'ignore'
[0.198s] Level 1:colcon.colcon_core.package_identification:_identify(.) by extension 'ignore_ament_install'
[0.198s] Level 1:colcon.colcon_core.package_identification:_identify(.) by extensions ['colcon_pkg']
[0.198s] Level 1:colcon.colcon_core.package_identification:_identify(.) by extension 'colcon_pkg'
[0.198s] Level 1:colcon.colcon_core.package_identification:_identify(.) by extensions ['colcon_meta']
[0.198s] Level 1:colcon.colcon_core.package_identification:_identify(.) by extension 'colcon_meta'
[0.198s] Level 1:colcon.colcon_core.package_identification:_identify(.) by extensions ['ros']
[0.198s] Level 1:colcon.colcon_core.package_identification:_identify(.) by extension 'ros'
[0.234s] Level 1:colcon.colcon_core.package_identification:_identify(.) by extensions ['cmake', 'python']
[0.234s] Level 1:colcon.colcon_core.package_identification:_identify(.) by extension 'cmake'
[0.234s] Level 1:colcon.colcon_core.package_identification:_identify(.) by extension 'python'
[0.234s] Level 1:colcon.colcon_core.package_identification:_identify(.) by extensions ['python_setup_py']
[0.234s] Level 1:colcon.colcon_core.package_identification:_identify(.) by extension 'python_setup_py'
[0.234s] Level 1:colcon.colcon_core.package_identification:_identify(build) by extensions ['ignore', 'ignore_ament_install']
[0.234s] Level 1:colcon.colcon_core.package_identification:_identify(build) by extension 'ignore'
[0.234s] Level 1:colcon.colcon_core.package_identification:_identify(build) ignored
[0.234s] Level 1:colcon.colcon_core.package_identification:_identify(install) by extensions ['ignore', 'ignore_ament_install']
[0.234s] Level 1:colcon.colcon_core.package_identification:_identify(install) by extension 'ignore'
[0.235s] Level 1:colcon.colcon_core.package_identification:_identify(install) ignored
[0.235s] Level 1:colcon.colcon_core.package_identification:_identify(log) by extensions ['ignore', 'ignore_ament_install']
[0.235s] Level 1:colcon.colcon_core.package_identification:_identify(log) by extension 'ignore'
[0.235s] Level 1:colcon.colcon_core.package_identification:_identify(log) ignored
[0.235s] Level 1:colcon.colcon_core.package_identification:_identify(src) by extensions ['ignore', 'ignore_ament_install']
[0.235s] Level 1:colcon.colcon_core.package_identification:_identify(src) by extension 'ignore'
[0.235s] Level 1:colcon.colcon_core.package_identification:_identify(src) by extension 'ignore_ament_install'
[0.235s] Level 1:colcon.colcon_core.package_identification:_identify(src) by extensions ['colcon_pkg']
[0.235s] Level 1:colcon.colcon_core.package_identification:_identify(src) by extension 'colcon_pkg'
[0.235s] Level 1:colcon.colcon_core.package_identification:_identify(src) by extensions ['colcon_meta']
[0.235s] Level 1:colcon.colcon_core.package_identification:_identify(src) by extension 'colcon_meta'
[0.235s] Level 1:colcon.colcon_core.package_identification:_identify(src) by extensions ['ros']
[0.235s] Level 1:colcon.colcon_core.package_identification:_identify(src) by extension 'ros'
[0.235s] Level 1:colcon.colcon_core.package_identification:_identify(src) by extensions ['cmake', 'python']
[0.235s] Level 1:colcon.colcon_core.package_identification:_identify(src) by extension 'cmake'
[0.235s] Level 1:colcon.colcon_core.package_identification:_identify(src) by extension 'python'
[0.235s] Level 1:colcon.colcon_core.package_identification:_identify(src) by extensions ['python_setup_py']
[0.235s] Level 1:colcon.colcon_core.package_identification:_identify(src) by extension 'python_setup_py'
[0.236s] Level 1:colcon.colcon_core.package_identification:_identify(src/damiao) by extensions ['ignore', 'ignore_ament_install']
[0.236s] Level 1:colcon.colcon_core.package_identification:_identify(src/damiao) by extension 'ignore'
[0.236s] Level 1:colcon.colcon_core.package_identification:_identify(src/damiao) by extension 'ignore_ament_install'
[0.236s] Level 1:colcon.colcon_core.package_identification:_identify(src/damiao) by extensions ['colcon_pkg']
[0.236s] Level 1:colcon.colcon_core.package_identification:_identify(src/damiao) by extension 'colcon_pkg'
[0.236s] Level 1:colcon.colcon_core.package_identification:_identify(src/damiao) by extensions ['colcon_meta']
[0.236s] Level 1:colcon.colcon_core.package_identification:_identify(src/damiao) by extension 'colcon_meta'
[0.236s] Level 1:colcon.colcon_core.package_identification:_identify(src/damiao) by extensions ['ros']
[0.236s] Level 1:colcon.colcon_core.package_identification:_identify(src/damiao) by extension 'ros'
[0.241s] DEBUG:colcon.colcon_core.package_identification:Package 'src/damiao' with type 'ros.ament_python' and name 'damiao'
[0.241s] Level 1:colcon.colcon_core.package_identification:_identify(src/navigation) by extensions ['ignore', 'ignore_ament_install']
[0.241s] Level 1:colcon.colcon_core.package_identification:_identify(src/navigation) by extension 'ignore'
[0.241s] Level 1:colcon.colcon_core.package_identification:_identify(src/navigation) by extension 'ignore_ament_install'
[0.241s] Level 1:colcon.colcon_core.package_identification:_identify(src/navigation) by extensions ['colcon_pkg']
[0.241s] Level 1:colcon.colcon_core.package_identification:_identify(src/navigation) by extension 'colcon_pkg'
[0.241s] Level 1:colcon.colcon_core.package_identification:_identify(src/navigation) by extensions ['colcon_meta']
[0.241s] Level 1:colcon.colcon_core.package_identification:_identify(src/navigation) by extension 'colcon_meta'
[0.241s] Level 1:colcon.colcon_core.package_identification:_identify(src/navigation) by extensions ['ros']
[0.241s] Level 1:colcon.colcon_core.package_identification:_identify(src/navigation) by extension 'ros'
[0.242s] DEBUG:colcon.colcon_core.package_identification:Package 'src/navigation' with type 'ros.ament_python' and name 'navigation'
[0.242s] Level 1:colcon.colcon_core.package_identification:_identify(src/ps4) by extensions ['ignore', 'ignore_ament_install']
[0.242s] Level 1:colcon.colcon_core.package_identification:_identify(src/ps4) by extension 'ignore'
[0.242s] Level 1:colcon.colcon_core.package_identification:_identify(src/ps4) by extension 'ignore_ament_install'
[0.243s] Level 1:colcon.colcon_core.package_identification:_identify(src/ps4) by extensions ['colcon_pkg']
[0.243s] Level 1:colcon.colcon_core.package_identification:_identify(src/ps4) by extension 'colcon_pkg'
[0.243s] Level 1:colcon.colcon_core.package_identification:_identify(src/ps4) by extensions ['colcon_meta']
[0.243s] Level 1:colcon.colcon_core.package_identification:_identify(src/ps4) by extension 'colcon_meta'
[0.243s] Level 1:colcon.colcon_core.package_identification:_identify(src/ps4) by extensions ['ros']
[0.243s] Level 1:colcon.colcon_core.package_identification:_identify(src/ps4) by extension 'ros'
[0.243s] DEBUG:colcon.colcon_core.package_identification:Package 'src/ps4' with type 'ros.ament_python' and name 'ps4'
[0.243s] Level 1:colcon.colcon_core.package_discovery:discover_packages(recursive) using defaults
[0.243s] Level 1:colcon.colcon_core.package_discovery:discover_packages(ignore) discover
[0.243s] Level 1:colcon.colcon_core.package_discovery:discover_packages(ignore) using defaults
[0.244s] Level 1:colcon.colcon_core.package_discovery:discover_packages(path) discover
[0.244s] Level 1:colcon.colcon_core.package_discovery:discover_packages(path) using defaults
[0.267s] Level 1:colcon.colcon_core.package_discovery:discover_packages(prefix_path) check parameters
[0.267s] Level 1:colcon.colcon_core.package_discovery:discover_packages(prefix_path) discover
[0.269s] DEBUG:colcon.colcon_installed_package_information.package_discovery:Found 1 installed packages in /home/eric/ps4_ws/install
[0.272s] DEBUG:colcon.colcon_installed_package_information.package_discovery:Found 427 installed packages in /opt/ros/jazzy
[0.273s] Level 1:colcon.colcon_core.package_discovery:discover_packages(prefix_path) using defaults
[0.355s] Level 5:colcon.colcon_core.verb:set package 'damiao' build argument 'cmake_args' from command line to 'None'
[0.355s] Level 5:colcon.colcon_core.verb:set package 'damiao' build argument 'cmake_target' from command line to 'None'
[0.355s] Level 5:colcon.colcon_core.verb:set package 'damiao' build argument 'cmake_target_skip_unavailable' from command line to 'False'
[0.355s] Level 5:colcon.colcon_core.verb:set package 'damiao' build argument 'cmake_clean_cache' from command line to 'False'
[0.355s] Level 5:colcon.colcon_core.verb:set package 'damiao' build argument 'cmake_clean_first' from command line to 'False'
[0.355s] Level 5:colcon.colcon_core.verb:set package 'damiao' build argument 'cmake_force_configure' from command line to 'False'
[0.356s] Level 5:colcon.colcon_core.verb:set package 'damiao' build argument 'ament_cmake_args' from command line to 'None'
[0.356s] Level 5:colcon.colcon_core.verb:set package 'damiao' build argument 'catkin_cmake_args' from command line to 'None'
[0.356s] Level 5:colcon.colcon_core.verb:set package 'damiao' build argument 'catkin_skip_building_tests' from command line to 'False'
[0.356s] DEBUG:colcon.colcon_core.verb:Building package 'damiao' with the following arguments: {'ament_cmake_args': None, 'build_base': '/home/eric/2025R2_ws/build/damiao', 'catkin_cmake_args': None, 'catkin_skip_building_tests': False, 'cmake_args': None, 'cmake_clean_cache': False, 'cmake_clean_first': False, 'cmake_force_configure': False, 'cmake_target': None, 'cmake_target_skip_unavailable': False, 'install_base': '/home/eric/2025R2_ws/install/damiao', 'merge_install': False, 'path': '/home/eric/2025R2_ws/src/damiao', 'symlink_install': False, 'test_result_base': None}
[0.356s] Level 5:colcon.colcon_core.verb:set package 'navigation' build argument 'cmake_args' from command line to 'None'
[0.356s] Level 5:colcon.colcon_core.verb:set package 'navigation' build argument 'cmake_target' from command line to 'None'
[0.356s] Level 5:colcon.colcon_core.verb:set package 'navigation' build argument 'cmake_target_skip_unavailable' from command line to 'False'
[0.356s] Level 5:colcon.colcon_core.verb:set package 'navigation' build argument 'cmake_clean_cache' from command line to 'False'
[0.356s] Level 5:colcon.colcon_core.verb:set package 'navigation' build argument 'cmake_clean_first' from command line to 'False'
[0.356s] Level 5:colcon.colcon_core.verb:set package 'navigation' build argument 'cmake_force_configure' from command line to 'False'
[0.356s] Level 5:colcon.colcon_core.verb:set package 'navigation' build argument 'ament_cmake_args' from command line to 'None'
[0.356s] Level 5:colcon.colcon_core.verb:set package 'navigation' build argument 'catkin_cmake_args' from command line to 'None'
[0.356s] Level 5:colcon.colcon_core.verb:set package 'navigation' build argument 'catkin_skip_building_tests' from command line to 'False'
[0.356s] DEBUG:colcon.colcon_core.verb:Building package 'navigation' with the following arguments: {'ament_cmake_args': None, 'build_base': '/home/eric/2025R2_ws/build/navigation', 'catkin_cmake_args': None, 'catkin_skip_building_tests': False, 'cmake_args': None, 'cmake_clean_cache': False, 'cmake_clean_first': False, 'cmake_force_configure': False, 'cmake_target': None, 'cmake_target_skip_unavailable': False, 'install_base': '/home/eric/2025R2_ws/install/navigation', 'merge_install': False, 'path': '/home/eric/2025R2_ws/src/navigation', 'symlink_install': False, 'test_result_base': None}
[0.357s] Level 5:colcon.colcon_core.verb:set package 'ps4' build argument 'cmake_args' from command line to 'None'
[0.357s] Level 5:colcon.colcon_core.verb:set package 'ps4' build argument 'cmake_target' from command line to 'None'
[0.357s] Level 5:colcon.colcon_core.verb:set package 'ps4' build argument 'cmake_target_skip_unavailable' from command line to 'False'
[0.357s] Level 5:colcon.colcon_core.verb:set package 'ps4' build argument 'cmake_clean_cache' from command line to 'False'
[0.357s] Level 5:colcon.colcon_core.verb:set package 'ps4' build argument 'cmake_clean_first' from command line to 'False'
[0.357s] Level 5:colcon.colcon_core.verb:set package 'ps4' build argument 'cmake_force_configure' from command line to 'False'
[0.357s] Level 5:colcon.colcon_core.verb:set package 'ps4' build argument 'ament_cmake_args' from command line to 'None'
[0.357s] Level 5:colcon.colcon_core.verb:set package 'ps4' build argument 'catkin_cmake_args' from command line to 'None'
[0.357s] Level 5:colcon.colcon_core.verb:set package 'ps4' build argument 'catkin_skip_building_tests' from command line to 'False'
[0.357s] DEBUG:colcon.colcon_core.verb:Building package 'ps4' with the following arguments: {'ament_cmake_args': None, 'build_base': '/home/eric/2025R2_ws/build/ps4', 'catkin_cmake_args': None, 'catkin_skip_building_tests': False, 'cmake_args': None, 'cmake_clean_cache': False, 'cmake_clean_first': False, 'cmake_force_configure': False, 'cmake_target': None, 'cmake_target_skip_unavailable': False, 'install_base': '/home/eric/2025R2_ws/install/ps4', 'merge_install': False, 'path': '/home/eric/2025R2_ws/src/ps4', 'symlink_install': False, 'test_result_base': None}
[0.357s] INFO:colcon.colcon_core.executor:Executing jobs using 'parallel' executor
[0.358s] DEBUG:colcon.colcon_parallel_executor.executor.parallel:run_until_complete
[0.359s] INFO:colcon.colcon_ros.task.ament_python.build:Building ROS package in '/home/eric/2025R2_ws/src/damiao' with build type 'ament_python'
[0.359s] Level 1:colcon.colcon_core.shell:create_environment_hook('damiao', 'ament_prefix_path')
[0.365s] INFO:colcon.colcon_core.plugin_system:Skipping extension 'colcon_core.shell.bat': Not used on non-Windows systems
[0.365s] INFO:colcon.colcon_core.shell:Creating environment hook '/home/eric/2025R2_ws/install/damiao/share/damiao/hook/ament_prefix_path.ps1'
[0.367s] INFO:colcon.colcon_core.shell:Creating environment descriptor '/home/eric/2025R2_ws/install/damiao/share/damiao/hook/ament_prefix_path.dsv'
[0.368s] INFO:colcon.colcon_core.shell:Creating environment hook '/home/eric/2025R2_ws/install/damiao/share/damiao/hook/ament_prefix_path.sh'
[0.370s] INFO:colcon.colcon_core.shell:Skip shell extension 'powershell' for command environment: Not usable outside of PowerShell
[0.370s] DEBUG:colcon.colcon_core.shell:Skip shell extension 'dsv' for command environment
[0.380s] INFO:colcon.colcon_ros.task.ament_python.build:Building ROS package in '/home/eric/2025R2_ws/src/navigation' with build type 'ament_python'
[0.380s] Level 1:colcon.colcon_core.shell:create_environment_hook('navigation', 'ament_prefix_path')
[0.380s] INFO:colcon.colcon_core.shell:Creating environment hook '/home/eric/2025R2_ws/install/navigation/share/navigation/hook/ament_prefix_path.ps1'
[0.381s] INFO:colcon.colcon_core.shell:Creating environment descriptor '/home/eric/2025R2_ws/install/navigation/share/navigation/hook/ament_prefix_path.dsv'
[0.382s] INFO:colcon.colcon_core.shell:Creating environment hook '/home/eric/2025R2_ws/install/navigation/share/navigation/hook/ament_prefix_path.sh'
[0.383s] INFO:colcon.colcon_core.shell:Skip shell extension 'powershell' for command environment: Not usable outside of PowerShell
[0.383s] DEBUG:colcon.colcon_core.shell:Skip shell extension 'dsv' for command environment
[0.388s] INFO:colcon.colcon_ros.task.ament_python.build:Building ROS package in '/home/eric/2025R2_ws/src/ps4' with build type 'ament_python'
[0.388s] Level 1:colcon.colcon_core.shell:create_environment_hook('ps4', 'ament_prefix_path')
[0.388s] INFO:colcon.colcon_core.shell:Creating environment hook '/home/eric/2025R2_ws/install/ps4/share/ps4/hook/ament_prefix_path.ps1'
[0.389s] INFO:colcon.colcon_core.shell:Creating environment descriptor '/home/eric/2025R2_ws/install/ps4/share/ps4/hook/ament_prefix_path.dsv'
[0.390s] INFO:colcon.colcon_core.shell:Creating environment hook '/home/eric/2025R2_ws/install/ps4/share/ps4/hook/ament_prefix_path.sh'
[0.390s] INFO:colcon.colcon_core.shell:Skip shell extension 'powershell' for command environment: Not usable outside of PowerShell
[0.390s] DEBUG:colcon.colcon_core.shell:Skip shell extension 'dsv' for command environment
[0.743s] INFO:colcon.colcon_core.task.python.build:Building Python package in '/home/eric/2025R2_ws/src/damiao'
[0.744s] INFO:colcon.colcon_core.shell:Skip shell extension 'powershell' for command environment: Not usable outside of PowerShell
[0.744s] DEBUG:colcon.colcon_core.shell:Skip shell extension 'dsv' for command environment
[1.089s] INFO:colcon.colcon_core.task.python.build:Building Python package in '/home/eric/2025R2_ws/src/navigation'
[1.089s] INFO:colcon.colcon_core.shell:Skip shell extension 'powershell' for command environment: Not usable outside of PowerShell
[1.089s] DEBUG:colcon.colcon_core.shell:Skip shell extension 'dsv' for command environment
[1.426s] INFO:colcon.colcon_core.task.python.build:Building Python package in '/home/eric/2025R2_ws/src/ps4'
[1.427s] INFO:colcon.colcon_core.shell:Skip shell extension 'powershell' for command environment: Not usable outside of PowerShell
[1.427s] DEBUG:colcon.colcon_core.shell:Skip shell extension 'dsv' for command environment
[2.649s] DEBUG:colcon.colcon_core.event_handler.log_command:Invoking command in '/home/eric/2025R2_ws/src/damiao': DEBUGINFOD_URLS=https://debuginfod.ubuntu.com PYTHONPATH=/home/eric/2025R2_ws/build/damiao/prefix_override:/usr/lib/python3/dist-packages/colcon_core/task/python/colcon_distutils_commands:/home/eric/2025R2_ws/install/damiao/lib/python3.12/site-packages:${PYTHONPATH} /usr/bin/python3 -W ignore:setup.py install is deprecated -W ignore:easy_install command is deprecated setup.py egg_info --egg-base ../../build/damiao build --build-base /home/eric/2025R2_ws/build/damiao/build install --record /home/eric/2025R2_ws/build/damiao/install.log --single-version-externally-managed install_data
[2.688s] DEBUG:colcon.colcon_core.event_handler.log_command:Invoking command in '/home/eric/2025R2_ws/src/ps4': DEBUGINFOD_URLS=https://debuginfod.ubuntu.com PYTHONPATH=/home/eric/2025R2_ws/build/ps4/prefix_override:/usr/lib/python3/dist-packages/colcon_core/task/python/colcon_distutils_commands:/home/eric/2025R2_ws/install/ps4/lib/python3.12/site-packages:${PYTHONPATH} /usr/bin/python3 -W ignore:setup.py install is deprecated -W ignore:easy_install command is deprecated setup.py egg_info --egg-base ../../build/ps4 build --build-base /home/eric/2025R2_ws/build/ps4/build install --record /home/eric/2025R2_ws/build/ps4/install.log --single-version-externally-managed install_data
[2.709s] DEBUG:colcon.colcon_core.event_handler.log_command:Invoking command in '/home/eric/2025R2_ws/src/navigation': DEBUGINFOD_URLS=https://debuginfod.ubuntu.com PYTHONPATH=/home/eric/2025R2_ws/build/navigation/prefix_override:/usr/lib/python3/dist-packages/colcon_core/task/python/colcon_distutils_commands:/home/eric/2025R2_ws/install/navigation/lib/python3.12/site-packages:${PYTHONPATH} /usr/bin/python3 -W ignore:setup.py install is deprecated -W ignore:easy_install command is deprecated setup.py egg_info --egg-base ../../build/navigation build --build-base /home/eric/2025R2_ws/build/navigation/build install --record /home/eric/2025R2_ws/build/navigation/install.log --single-version-externally-managed install_data
[3.628s] DEBUG:colcon.colcon_core.event_handler.log_command:Invoked command in '/home/eric/2025R2_ws/src/damiao' returned '0': DEBUGINFOD_URLS=https://debuginfod.ubuntu.com PYTHONPATH=/home/eric/2025R2_ws/build/damiao/prefix_override:/usr/lib/python3/dist-packages/colcon_core/task/python/colcon_distutils_commands:/home/eric/2025R2_ws/install/damiao/lib/python3.12/site-packages:${PYTHONPATH} /usr/bin/python3 -W ignore:setup.py install is deprecated -W ignore:easy_install command is deprecated setup.py egg_info --egg-base ../../build/damiao build --build-base /home/eric/2025R2_ws/build/damiao/build install --record /home/eric/2025R2_ws/build/damiao/install.log --single-version-externally-managed install_data
[3.631s] Level 1:colcon.colcon_core.environment:checking '/home/eric/2025R2_ws/install/damiao' for CMake module files
[3.632s] Level 1:colcon.colcon_core.environment:checking '/home/eric/2025R2_ws/install/damiao' for CMake config files
[3.633s] Level 1:colcon.colcon_core.environment:checking '/home/eric/2025R2_ws/install/damiao/lib'
[3.634s] Level 1:colcon.colcon_core.environment:checking '/home/eric/2025R2_ws/install/damiao/bin'
[3.634s] Level 1:colcon.colcon_core.environment:checking '/home/eric/2025R2_ws/install/damiao/lib/pkgconfig/damiao.pc'
[3.634s] Level 1:colcon.colcon_core.environment:checking '/home/eric/2025R2_ws/install/damiao/lib/python3.12/site-packages'
[3.635s] Level 1:colcon.colcon_core.shell:create_environment_hook('damiao', 'pythonpath')
[3.635s] INFO:colcon.colcon_core.shell:Creating environment hook '/home/eric/2025R2_ws/install/damiao/share/damiao/hook/pythonpath.ps1'
[3.636s] INFO:colcon.colcon_core.shell:Creating environment descriptor '/home/eric/2025R2_ws/install/damiao/share/damiao/hook/pythonpath.dsv'
[3.637s] INFO:colcon.colcon_core.shell:Creating environment hook '/home/eric/2025R2_ws/install/damiao/share/damiao/hook/pythonpath.sh'
[3.638s] Level 1:colcon.colcon_core.environment:checking '/home/eric/2025R2_ws/install/damiao/bin'
[3.639s] Level 1:colcon.colcon_core.environment:create_environment_scripts_only(damiao)
[3.639s] INFO:colcon.colcon_core.shell:Creating package script '/home/eric/2025R2_ws/install/damiao/share/damiao/package.ps1'
[3.641s] INFO:colcon.colcon_core.shell:Creating package descriptor '/home/eric/2025R2_ws/install/damiao/share/damiao/package.dsv'
[3.642s] INFO:colcon.colcon_core.shell:Creating package script '/home/eric/2025R2_ws/install/damiao/share/damiao/package.sh'
[3.643s] INFO:colcon.colcon_core.shell:Creating package script '/home/eric/2025R2_ws/install/damiao/share/damiao/package.bash'
[3.644s] INFO:colcon.colcon_core.shell:Creating package script '/home/eric/2025R2_ws/install/damiao/share/damiao/package.zsh'
[3.645s] Level 1:colcon.colcon_core.environment:create_file_with_runtime_dependencies(/home/eric/2025R2_ws/install/damiao/share/colcon-core/packages/damiao)
[3.652s] Level 1:colcon.colcon_core.environment:checking '/home/eric/2025R2_ws/install/ps4' for CMake module files
[3.654s] DEBUG:colcon.colcon_core.event_handler.log_command:Invoked command in '/home/eric/2025R2_ws/src/ps4' returned '0': DEBUGINFOD_URLS=https://debuginfod.ubuntu.com PYTHONPATH=/home/eric/2025R2_ws/build/ps4/prefix_override:/usr/lib/python3/dist-packages/colcon_core/task/python/colcon_distutils_commands:/home/eric/2025R2_ws/install/ps4/lib/python3.12/site-packages:${PYTHONPATH} /usr/bin/python3 -W ignore:setup.py install is deprecated -W ignore:easy_install command is deprecated setup.py egg_info --egg-base ../../build/ps4 build --build-base /home/eric/2025R2_ws/build/ps4/build install --record /home/eric/2025R2_ws/build/ps4/install.log --single-version-externally-managed install_data
[3.656s] Level 1:colcon.colcon_core.environment:checking '/home/eric/2025R2_ws/install/ps4' for CMake config files
[3.658s] Level 1:colcon.colcon_core.environment:checking '/home/eric/2025R2_ws/install/ps4/lib'
[3.658s] Level 1:colcon.colcon_core.environment:checking '/home/eric/2025R2_ws/install/ps4/bin'
[3.658s] Level 1:colcon.colcon_core.environment:checking '/home/eric/2025R2_ws/install/ps4/lib/pkgconfig/ps4.pc'
[3.659s] Level 1:colcon.colcon_core.environment:checking '/home/eric/2025R2_ws/install/ps4/lib/python3.12/site-packages'
[3.659s] Level 1:colcon.colcon_core.shell:create_environment_hook('ps4', 'pythonpath')
[3.660s] INFO:colcon.colcon_core.shell:Creating environment hook '/home/eric/2025R2_ws/install/ps4/share/ps4/hook/pythonpath.ps1'
[3.663s] INFO:colcon.colcon_core.shell:Creating environment descriptor '/home/eric/2025R2_ws/install/ps4/share/ps4/hook/pythonpath.dsv'
[3.664s] INFO:colcon.colcon_core.shell:Creating environment hook '/home/eric/2025R2_ws/install/ps4/share/ps4/hook/pythonpath.sh'
[3.665s] Level 1:colcon.colcon_core.environment:checking '/home/eric/2025R2_ws/install/ps4/bin'
[3.665s] Level 1:colcon.colcon_core.environment:create_environment_scripts_only(ps4)
[3.666s] INFO:colcon.colcon_core.shell:Creating package script '/home/eric/2025R2_ws/install/ps4/share/ps4/package.ps1'
[3.667s] INFO:colcon.colcon_core.shell:Creating package descriptor '/home/eric/2025R2_ws/install/ps4/share/ps4/package.dsv'
[3.669s] INFO:colcon.colcon_core.shell:Creating package script '/home/eric/2025R2_ws/install/ps4/share/ps4/package.sh'
[3.671s] INFO:colcon.colcon_core.shell:Creating package script '/home/eric/2025R2_ws/install/ps4/share/ps4/package.bash'
[3.672s] INFO:colcon.colcon_core.shell:Creating package script '/home/eric/2025R2_ws/install/ps4/share/ps4/package.zsh'
[3.672s] Level 1:colcon.colcon_core.environment:create_file_with_runtime_dependencies(/home/eric/2025R2_ws/install/ps4/share/colcon-core/packages/ps4)
[3.726s] Level 1:colcon.colcon_core.environment:checking '/home/eric/2025R2_ws/install/navigation' for CMake module files
[3.727s] DEBUG:colcon.colcon_core.event_handler.log_command:Invoked command in '/home/eric/2025R2_ws/src/navigation' returned '0': DEBUGINFOD_URLS=https://debuginfod.ubuntu.com PYTHONPATH=/home/eric/2025R2_ws/build/navigation/prefix_override:/usr/lib/python3/dist-packages/colcon_core/task/python/colcon_distutils_commands:/home/eric/2025R2_ws/install/navigation/lib/python3.12/site-packages:${PYTHONPATH} /usr/bin/python3 -W ignore:setup.py install is deprecated -W ignore:easy_install command is deprecated setup.py egg_info --egg-base ../../build/navigation build --build-base /home/eric/2025R2_ws/build/navigation/build install --record /home/eric/2025R2_ws/build/navigation/install.log --single-version-externally-managed install_data
[3.727s] Level 1:colcon.colcon_core.environment:checking '/home/eric/2025R2_ws/install/navigation' for CMake config files
[3.728s] Level 1:colcon.colcon_core.environment:checking '/home/eric/2025R2_ws/install/navigation/lib'
[3.728s] Level 1:colcon.colcon_core.environment:checking '/home/eric/2025R2_ws/install/navigation/bin'
[3.728s] Level 1:colcon.colcon_core.environment:checking '/home/eric/2025R2_ws/install/navigation/lib/pkgconfig/navigation.pc'
[3.728s] Level 1:colcon.colcon_core.environment:checking '/home/eric/2025R2_ws/install/navigation/lib/python3.12/site-packages'
[3.728s] Level 1:colcon.colcon_core.shell:create_environment_hook('navigation', 'pythonpath')
[3.729s] INFO:colcon.colcon_core.shell:Creating environment hook '/home/eric/2025R2_ws/install/navigation/share/navigation/hook/pythonpath.ps1'
[3.729s] INFO:colcon.colcon_core.shell:Creating environment descriptor '/home/eric/2025R2_ws/install/navigation/share/navigation/hook/pythonpath.dsv'
[3.730s] INFO:colcon.colcon_core.shell:Creating environment hook '/home/eric/2025R2_ws/install/navigation/share/navigation/hook/pythonpath.sh'
[3.731s] Level 1:colcon.colcon_core.environment:checking '/home/eric/2025R2_ws/install/navigation/bin'
[3.731s] Level 1:colcon.colcon_core.environment:create_environment_scripts_only(navigation)
[3.731s] INFO:colcon.colcon_core.shell:Creating package script '/home/eric/2025R2_ws/install/navigation/share/navigation/package.ps1'
[3.732s] INFO:colcon.colcon_core.shell:Creating package descriptor '/home/eric/2025R2_ws/install/navigation/share/navigation/package.dsv'
[3.733s] INFO:colcon.colcon_core.shell:Creating package script '/home/eric/2025R2_ws/install/navigation/share/navigation/package.sh'
[3.733s] INFO:colcon.colcon_core.shell:Creating package script '/home/eric/2025R2_ws/install/navigation/share/navigation/package.bash'
[3.734s] INFO:colcon.colcon_core.shell:Creating package script '/home/eric/2025R2_ws/install/navigation/share/navigation/package.zsh'
[3.734s] Level 1:colcon.colcon_core.environment:create_file_with_runtime_dependencies(/home/eric/2025R2_ws/install/navigation/share/colcon-core/packages/navigation)
[3.735s] DEBUG:colcon.colcon_parallel_executor.executor.parallel:closing loop
[3.735s] DEBUG:colcon.colcon_parallel_executor.executor.parallel:loop closed
[3.735s] DEBUG:colcon.colcon_parallel_executor.executor.parallel:run_until_complete finished with '0'
[3.735s] DEBUG:colcon.colcon_core.event_reactor:joining thread
[3.752s] INFO:colcon.colcon_core.plugin_system:Skipping extension 'colcon_notification.desktop_notification.terminal_notifier': Not used on non-Darwin systems
[3.752s] INFO:colcon.colcon_core.plugin_system:Skipping extension 'colcon_notification.desktop_notification.win32': Not used on non-Windows systems
[3.753s] INFO:colcon.colcon_notification.desktop_notification:Sending desktop notification using 'notify2'
[3.780s] DEBUG:colcon.colcon_core.event_reactor:joined thread
[3.781s] INFO:colcon.colcon_core.shell:Creating prefix script '/home/eric/2025R2_ws/install/local_setup.ps1'
[3.782s] INFO:colcon.colcon_core.shell:Creating prefix util module '/home/eric/2025R2_ws/install/_local_setup_util_ps1.py'
[3.783s] INFO:colcon.colcon_core.shell:Creating prefix chain script '/home/eric/2025R2_ws/install/setup.ps1'
[3.785s] INFO:colcon.colcon_core.shell:Creating prefix script '/home/eric/2025R2_ws/install/local_setup.sh'
[3.786s] INFO:colcon.colcon_core.shell:Creating prefix util module '/home/eric/2025R2_ws/install/_local_setup_util_sh.py'
[3.787s] INFO:colcon.colcon_core.shell:Creating prefix chain script '/home/eric/2025R2_ws/install/setup.sh'
[3.789s] INFO:colcon.colcon_core.shell:Creating prefix script '/home/eric/2025R2_ws/install/local_setup.bash'
[3.789s] INFO:colcon.colcon_core.shell:Creating prefix chain script '/home/eric/2025R2_ws/install/setup.bash'
[3.791s] INFO:colcon.colcon_core.shell:Creating prefix script '/home/eric/2025R2_ws/install/local_setup.zsh'
[3.791s] INFO:colcon.colcon_core.shell:Creating prefix chain script '/home/eric/2025R2_ws/install/setup.zsh'
