[2.762s] Invoking command in '/home/robotics/Robocon2025_R2/2025R2_ws/build/damiao': DEBUGINFOD_URLS=https://debuginfod.ubuntu.com PYTHONPATH=/home/robotics/Robocon2025_R2/2025R2_ws/build/damiao/prefix_override:/usr/lib/python3/dist-packages/colcon_core/task/python/colcon_distutils_commands:/home/robotics/Robocon2025_R2/2025R2_ws/install/damiao/lib/python3.12/site-packages:${PYTHONPATH} /usr/bin/python3 -W ignore:setup.py install is deprecated -W ignore:easy_install command is deprecated setup.py develop --editable --build-directory /home/robotics/Robocon2025_R2/2025R2_ws/build/damiao/build --no-deps symlink_data
[3.269s] running develop
[3.506s] /usr/lib/python3/dist-packages/setuptools/command/easy_install.py:363: UserWarning: Unbuilt egg for pytest-repeat [unknown version] (/usr/lib/python3/dist-packages)
[3.506s]   self.local_index = Environment(self.shadow_path + sys.path)
[3.557s] running egg_info
[3.583s] writing damiao.egg-info/PKG-INFO
[3.584s] writing dependency_links to damiao.egg-info/dependency_links.txt
[3.585s] writing entry points to damiao.egg-info/entry_points.txt
[3.585s] writing requirements to damiao.egg-info/requires.txt
[3.586s] writing top-level names to damiao.egg-info/top_level.txt
[3.646s] reading manifest file 'damiao.egg-info/SOURCES.txt'
[3.648s] writing manifest file 'damiao.egg-info/SOURCES.txt'
[3.676s] running build_ext
[3.677s] Creating /home/robotics/Robocon2025_R2/2025R2_ws/install/damiao/lib/python3.12/site-packages/damiao.egg-link (link to .)
[3.678s] Installing damiao_node script to /home/robotics/Robocon2025_R2/2025R2_ws/install/damiao/lib/damiao
[3.678s] 
[3.679s] Installed /home/robotics/Robocon2025_R2/2025R2_ws/build/damiao
[3.679s] running symlink_data
[3.681s] symbolically linking /home/robotics/Robocon2025_R2/2025R2_ws/build/damiao/resource/damiao -> /home/robotics/Robocon2025_R2/2025R2_ws/install/damiao/share/ament_index/resource_index/packages
[3.681s] error: [Errno 17] File exists: '/home/robotics/Robocon2025_R2/2025R2_ws/build/damiao/resource/damiao' -> '/home/robotics/Robocon2025_R2/2025R2_ws/install/damiao/share/ament_index/resource_index/packages/damiao'
