[0.147s] DEBUG:colcon:Command line arguments: ['/usr/bin/colcon', 'build', '--symlink-install']
[0.147s] DEBUG:colcon:Parsed command line arguments: Namespace(log_base=None, log_level=None, verb_name='build', build_base='build', install_base='install', merge_install=False, symlink_install=True, test_result_base=None, continue_on_error=False, executor='parallel', parallel_workers=4, event_handlers=None, ignore_user_meta=False, metas=['./colcon.meta'], base_paths=['.'], packages_ignore=None, packages_ignore_regex=None, paths=None, packages_up_to=None, packages_up_to_regex=None, packages_above=None, packages_above_and_dependencies=None, packages_above_depth=None, packages_select_by_dep=None, packages_skip_by_dep=None, packages_skip_up_to=None, packages_select_build_failed=False, packages_skip_build_finished=False, packages_select_test_failures=False, packages_skip_test_passed=False, packages_select=None, packages_skip=None, packages_select_regex=None, packages_skip_regex=None, packages_start=None, packages_end=None, allow_overriding=[], cmake_args=None, cmake_target=None, cmake_target_skip_unavailable=False, cmake_clean_cache=False, cmake_clean_first=False, cmake_force_configure=False, ament_cmake_args=None, catkin_cmake_args=None, catkin_skip_building_tests=False, mixin_files=None, mixin=None, verb_parser=<colcon_mixin.mixin.mixin_argument.MixinArgumentDecorator object at 0xffffb78c1a60>, verb_extension=<colcon_core.verb.build.BuildVerb object at 0xffffb78c0fe0>, main=<bound method BuildVerb.main of <colcon_core.verb.build.BuildVerb object at 0xffffb78c0fe0>>, mixin_verb=('build',))
[0.202s] Level 1:colcon.colcon_core.package_discovery:discover_packages(colcon_meta) check parameters
[0.203s] Level 1:colcon.colcon_core.package_discovery:discover_packages(recursive) check parameters
[0.203s] Level 1:colcon.colcon_core.package_discovery:discover_packages(ignore) check parameters
[0.203s] Level 1:colcon.colcon_core.package_discovery:discover_packages(path) check parameters
[0.203s] Level 1:colcon.colcon_core.package_discovery:discover_packages(colcon_meta) discover
[0.203s] Level 1:colcon.colcon_core.package_discovery:discover_packages(recursive) discover
[0.203s] INFO:colcon.colcon_core.package_discovery:Crawling recursively for packages in '/home/robotics/Robocon2025_R2/2025R2_ws'
[0.203s] Level 1:colcon.colcon_core.package_identification:_identify(.) by extensions ['ignore', 'ignore_ament_install']
[0.203s] Level 1:colcon.colcon_core.package_identification:_identify(.) by extension 'ignore'
[0.203s] Level 1:colcon.colcon_core.package_identification:_identify(.) by extension 'ignore_ament_install'
[0.203s] Level 1:colcon.colcon_core.package_identification:_identify(.) by extensions ['colcon_pkg']
[0.203s] Level 1:colcon.colcon_core.package_identification:_identify(.) by extension 'colcon_pkg'
[0.203s] Level 1:colcon.colcon_core.package_identification:_identify(.) by extensions ['colcon_meta']
[0.203s] Level 1:colcon.colcon_core.package_identification:_identify(.) by extension 'colcon_meta'
[0.203s] Level 1:colcon.colcon_core.package_identification:_identify(.) by extensions ['ros']
[0.204s] Level 1:colcon.colcon_core.package_identification:_identify(.) by extension 'ros'
[0.242s] Level 1:colcon.colcon_core.package_identification:_identify(.) by extensions ['cmake', 'python']
[0.243s] Level 1:colcon.colcon_core.package_identification:_identify(.) by extension 'cmake'
[0.243s] Level 1:colcon.colcon_core.package_identification:_identify(.) by extension 'python'
[0.243s] Level 1:colcon.colcon_core.package_identification:_identify(.) by extensions ['python_setup_py']
[0.243s] Level 1:colcon.colcon_core.package_identification:_identify(.) by extension 'python_setup_py'
[0.243s] Level 1:colcon.colcon_core.package_identification:_identify(build) by extensions ['ignore', 'ignore_ament_install']
[0.243s] Level 1:colcon.colcon_core.package_identification:_identify(build) by extension 'ignore'
[0.243s] Level 1:colcon.colcon_core.package_identification:_identify(build) ignored
[0.243s] Level 1:colcon.colcon_core.package_identification:_identify(install) by extensions ['ignore', 'ignore_ament_install']
[0.243s] Level 1:colcon.colcon_core.package_identification:_identify(install) by extension 'ignore'
[0.243s] Level 1:colcon.colcon_core.package_identification:_identify(install) ignored
[0.244s] Level 1:colcon.colcon_core.package_identification:_identify(log) by extensions ['ignore', 'ignore_ament_install']
[0.244s] Level 1:colcon.colcon_core.package_identification:_identify(log) by extension 'ignore'
[0.244s] Level 1:colcon.colcon_core.package_identification:_identify(log) ignored
[0.244s] Level 1:colcon.colcon_core.package_identification:_identify(src) by extensions ['ignore', 'ignore_ament_install']
[0.244s] Level 1:colcon.colcon_core.package_identification:_identify(src) by extension 'ignore'
[0.244s] Level 1:colcon.colcon_core.package_identification:_identify(src) by extension 'ignore_ament_install'
[0.244s] Level 1:colcon.colcon_core.package_identification:_identify(src) by extensions ['colcon_pkg']
[0.244s] Level 1:colcon.colcon_core.package_identification:_identify(src) by extension 'colcon_pkg'
[0.244s] Level 1:colcon.colcon_core.package_identification:_identify(src) by extensions ['colcon_meta']
[0.244s] Level 1:colcon.colcon_core.package_identification:_identify(src) by extension 'colcon_meta'
[0.244s] Level 1:colcon.colcon_core.package_identification:_identify(src) by extensions ['ros']
[0.244s] Level 1:colcon.colcon_core.package_identification:_identify(src) by extension 'ros'
[0.244s] Level 1:colcon.colcon_core.package_identification:_identify(src) by extensions ['cmake', 'python']
[0.244s] Level 1:colcon.colcon_core.package_identification:_identify(src) by extension 'cmake'
[0.244s] Level 1:colcon.colcon_core.package_identification:_identify(src) by extension 'python'
[0.244s] Level 1:colcon.colcon_core.package_identification:_identify(src) by extensions ['python_setup_py']
[0.244s] Level 1:colcon.colcon_core.package_identification:_identify(src) by extension 'python_setup_py'
[0.245s] Level 1:colcon.colcon_core.package_identification:_identify(src/damiao) by extensions ['ignore', 'ignore_ament_install']
[0.245s] Level 1:colcon.colcon_core.package_identification:_identify(src/damiao) by extension 'ignore'
[0.245s] Level 1:colcon.colcon_core.package_identification:_identify(src/damiao) by extension 'ignore_ament_install'
[0.245s] Level 1:colcon.colcon_core.package_identification:_identify(src/damiao) by extensions ['colcon_pkg']
[0.245s] Level 1:colcon.colcon_core.package_identification:_identify(src/damiao) by extension 'colcon_pkg'
[0.245s] Level 1:colcon.colcon_core.package_identification:_identify(src/damiao) by extensions ['colcon_meta']
[0.245s] Level 1:colcon.colcon_core.package_identification:_identify(src/damiao) by extension 'colcon_meta'
[0.245s] Level 1:colcon.colcon_core.package_identification:_identify(src/damiao) by extensions ['ros']
[0.245s] Level 1:colcon.colcon_core.package_identification:_identify(src/damiao) by extension 'ros'
[0.248s] DEBUG:colcon.colcon_core.package_identification:Package 'src/damiao' with type 'ros.ament_python' and name 'damiao'
[0.248s] Level 1:colcon.colcon_core.package_identification:_identify(src/navigation) by extensions ['ignore', 'ignore_ament_install']
[0.249s] Level 1:colcon.colcon_core.package_identification:_identify(src/navigation) by extension 'ignore'
[0.249s] Level 1:colcon.colcon_core.package_identification:_identify(src/navigation) by extension 'ignore_ament_install'
[0.249s] Level 1:colcon.colcon_core.package_identification:_identify(src/navigation) by extensions ['colcon_pkg']
[0.249s] Level 1:colcon.colcon_core.package_identification:_identify(src/navigation) by extension 'colcon_pkg'
[0.249s] Level 1:colcon.colcon_core.package_identification:_identify(src/navigation) by extensions ['colcon_meta']
[0.249s] Level 1:colcon.colcon_core.package_identification:_identify(src/navigation) by extension 'colcon_meta'
[0.249s] Level 1:colcon.colcon_core.package_identification:_identify(src/navigation) by extensions ['ros']
[0.249s] Level 1:colcon.colcon_core.package_identification:_identify(src/navigation) by extension 'ros'
[0.250s] DEBUG:colcon.colcon_core.package_identification:Package 'src/navigation' with type 'ros.ament_python' and name 'navigation'
[0.250s] Level 1:colcon.colcon_core.package_identification:_identify(src/ps4) by extensions ['ignore', 'ignore_ament_install']
[0.250s] Level 1:colcon.colcon_core.package_identification:_identify(src/ps4) by extension 'ignore'
[0.250s] Level 1:colcon.colcon_core.package_identification:_identify(src/ps4) by extension 'ignore_ament_install'
[0.250s] Level 1:colcon.colcon_core.package_identification:_identify(src/ps4) by extensions ['colcon_pkg']
[0.250s] Level 1:colcon.colcon_core.package_identification:_identify(src/ps4) by extension 'colcon_pkg'
[0.250s] Level 1:colcon.colcon_core.package_identification:_identify(src/ps4) by extensions ['colcon_meta']
[0.250s] Level 1:colcon.colcon_core.package_identification:_identify(src/ps4) by extension 'colcon_meta'
[0.250s] Level 1:colcon.colcon_core.package_identification:_identify(src/ps4) by extensions ['ros']
[0.250s] Level 1:colcon.colcon_core.package_identification:_identify(src/ps4) by extension 'ros'
[0.251s] DEBUG:colcon.colcon_core.package_identification:Package 'src/ps4' with type 'ros.ament_python' and name 'ps4'
[0.251s] Level 1:colcon.colcon_core.package_discovery:discover_packages(recursive) using defaults
[0.251s] Level 1:colcon.colcon_core.package_discovery:discover_packages(ignore) discover
[0.251s] Level 1:colcon.colcon_core.package_discovery:discover_packages(ignore) using defaults
[0.251s] Level 1:colcon.colcon_core.package_discovery:discover_packages(path) discover
[0.251s] Level 1:colcon.colcon_core.package_discovery:discover_packages(path) using defaults
[0.275s] Level 1:colcon.colcon_core.package_discovery:discover_packages(prefix_path) check parameters
[0.275s] Level 1:colcon.colcon_core.package_discovery:discover_packages(prefix_path) discover
[0.278s] DEBUG:colcon.colcon_installed_package_information.package_discovery:Found 285 installed packages in /opt/ros/jazzy
[0.279s] Level 1:colcon.colcon_core.package_discovery:discover_packages(prefix_path) using defaults
[0.338s] Level 5:colcon.colcon_core.verb:set package 'damiao' build argument 'cmake_args' from command line to 'None'
[0.339s] Level 5:colcon.colcon_core.verb:set package 'damiao' build argument 'cmake_target' from command line to 'None'
[0.339s] Level 5:colcon.colcon_core.verb:set package 'damiao' build argument 'cmake_target_skip_unavailable' from command line to 'False'
[0.339s] Level 5:colcon.colcon_core.verb:set package 'damiao' build argument 'cmake_clean_cache' from command line to 'False'
[0.339s] Level 5:colcon.colcon_core.verb:set package 'damiao' build argument 'cmake_clean_first' from command line to 'False'
[0.339s] Level 5:colcon.colcon_core.verb:set package 'damiao' build argument 'cmake_force_configure' from command line to 'False'
[0.339s] Level 5:colcon.colcon_core.verb:set package 'damiao' build argument 'ament_cmake_args' from command line to 'None'
[0.339s] Level 5:colcon.colcon_core.verb:set package 'damiao' build argument 'catkin_cmake_args' from command line to 'None'
[0.339s] Level 5:colcon.colcon_core.verb:set package 'damiao' build argument 'catkin_skip_building_tests' from command line to 'False'
[0.339s] DEBUG:colcon.colcon_core.verb:Building package 'damiao' with the following arguments: {'ament_cmake_args': None, 'build_base': '/home/robotics/Robocon2025_R2/2025R2_ws/build/damiao', 'catkin_cmake_args': None, 'catkin_skip_building_tests': False, 'cmake_args': None, 'cmake_clean_cache': False, 'cmake_clean_first': False, 'cmake_force_configure': False, 'cmake_target': None, 'cmake_target_skip_unavailable': False, 'install_base': '/home/robotics/Robocon2025_R2/2025R2_ws/install/damiao', 'merge_install': False, 'path': '/home/robotics/Robocon2025_R2/2025R2_ws/src/damiao', 'symlink_install': True, 'test_result_base': None}
[0.339s] Level 5:colcon.colcon_core.verb:set package 'navigation' build argument 'cmake_args' from command line to 'None'
[0.339s] Level 5:colcon.colcon_core.verb:set package 'navigation' build argument 'cmake_target' from command line to 'None'
[0.339s] Level 5:colcon.colcon_core.verb:set package 'navigation' build argument 'cmake_target_skip_unavailable' from command line to 'False'
[0.339s] Level 5:colcon.colcon_core.verb:set package 'navigation' build argument 'cmake_clean_cache' from command line to 'False'
[0.339s] Level 5:colcon.colcon_core.verb:set package 'navigation' build argument 'cmake_clean_first' from command line to 'False'
[0.339s] Level 5:colcon.colcon_core.verb:set package 'navigation' build argument 'cmake_force_configure' from command line to 'False'
[0.339s] Level 5:colcon.colcon_core.verb:set package 'navigation' build argument 'ament_cmake_args' from command line to 'None'
[0.339s] Level 5:colcon.colcon_core.verb:set package 'navigation' build argument 'catkin_cmake_args' from command line to 'None'
[0.339s] Level 5:colcon.colcon_core.verb:set package 'navigation' build argument 'catkin_skip_building_tests' from command line to 'False'
[0.339s] DEBUG:colcon.colcon_core.verb:Building package 'navigation' with the following arguments: {'ament_cmake_args': None, 'build_base': '/home/robotics/Robocon2025_R2/2025R2_ws/build/navigation', 'catkin_cmake_args': None, 'catkin_skip_building_tests': False, 'cmake_args': None, 'cmake_clean_cache': False, 'cmake_clean_first': False, 'cmake_force_configure': False, 'cmake_target': None, 'cmake_target_skip_unavailable': False, 'install_base': '/home/robotics/Robocon2025_R2/2025R2_ws/install/navigation', 'merge_install': False, 'path': '/home/robotics/Robocon2025_R2/2025R2_ws/src/navigation', 'symlink_install': True, 'test_result_base': None}
[0.340s] Level 5:colcon.colcon_core.verb:set package 'ps4' build argument 'cmake_args' from command line to 'None'
[0.340s] Level 5:colcon.colcon_core.verb:set package 'ps4' build argument 'cmake_target' from command line to 'None'
[0.340s] Level 5:colcon.colcon_core.verb:set package 'ps4' build argument 'cmake_target_skip_unavailable' from command line to 'False'
[0.340s] Level 5:colcon.colcon_core.verb:set package 'ps4' build argument 'cmake_clean_cache' from command line to 'False'
[0.340s] Level 5:colcon.colcon_core.verb:set package 'ps4' build argument 'cmake_clean_first' from command line to 'False'
[0.340s] Level 5:colcon.colcon_core.verb:set package 'ps4' build argument 'cmake_force_configure' from command line to 'False'
[0.340s] Level 5:colcon.colcon_core.verb:set package 'ps4' build argument 'ament_cmake_args' from command line to 'None'
[0.340s] Level 5:colcon.colcon_core.verb:set package 'ps4' build argument 'catkin_cmake_args' from command line to 'None'
[0.340s] Level 5:colcon.colcon_core.verb:set package 'ps4' build argument 'catkin_skip_building_tests' from command line to 'False'
[0.340s] DEBUG:colcon.colcon_core.verb:Building package 'ps4' with the following arguments: {'ament_cmake_args': None, 'build_base': '/home/robotics/Robocon2025_R2/2025R2_ws/build/ps4', 'catkin_cmake_args': None, 'catkin_skip_building_tests': False, 'cmake_args': None, 'cmake_clean_cache': False, 'cmake_clean_first': False, 'cmake_force_configure': False, 'cmake_target': None, 'cmake_target_skip_unavailable': False, 'install_base': '/home/robotics/Robocon2025_R2/2025R2_ws/install/ps4', 'merge_install': False, 'path': '/home/robotics/Robocon2025_R2/2025R2_ws/src/ps4', 'symlink_install': True, 'test_result_base': None}
[0.340s] INFO:colcon.colcon_core.executor:Executing jobs using 'parallel' executor
[0.342s] DEBUG:colcon.colcon_parallel_executor.executor.parallel:run_until_complete
[0.353s] INFO:colcon.colcon_ros.task.ament_python.build:Building ROS package in '/home/robotics/Robocon2025_R2/2025R2_ws/src/damiao' with build type 'ament_python'
[0.357s] Level 1:colcon.colcon_core.shell:create_environment_hook('damiao', 'ament_prefix_path')
[0.362s] INFO:colcon.colcon_core.plugin_system:Skipping extension 'colcon_core.shell.bat': Not used on non-Windows systems
[0.366s] INFO:colcon.colcon_core.shell:Creating environment hook '/home/robotics/Robocon2025_R2/2025R2_ws/install/damiao/share/damiao/hook/ament_prefix_path.ps1'
[0.379s] INFO:colcon.colcon_core.shell:Creating environment descriptor '/home/robotics/Robocon2025_R2/2025R2_ws/install/damiao/share/damiao/hook/ament_prefix_path.dsv'
[0.385s] INFO:colcon.colcon_core.shell:Creating environment hook '/home/robotics/Robocon2025_R2/2025R2_ws/install/damiao/share/damiao/hook/ament_prefix_path.sh'
[0.389s] INFO:colcon.colcon_core.shell:Skip shell extension 'powershell' for command environment: Not usable outside of PowerShell
[0.389s] DEBUG:colcon.colcon_core.shell:Skip shell extension 'dsv' for command environment
[0.399s] INFO:colcon.colcon_ros.task.ament_python.build:Building ROS package in '/home/robotics/Robocon2025_R2/2025R2_ws/src/navigation' with build type 'ament_python'
[0.400s] Level 1:colcon.colcon_core.shell:create_environment_hook('navigation', 'ament_prefix_path')
[0.401s] INFO:colcon.colcon_core.shell:Creating environment hook '/home/robotics/Robocon2025_R2/2025R2_ws/install/navigation/share/navigation/hook/ament_prefix_path.ps1'
[0.402s] INFO:colcon.colcon_core.shell:Creating environment descriptor '/home/robotics/Robocon2025_R2/2025R2_ws/install/navigation/share/navigation/hook/ament_prefix_path.dsv'
[0.403s] INFO:colcon.colcon_core.shell:Creating environment hook '/home/robotics/Robocon2025_R2/2025R2_ws/install/navigation/share/navigation/hook/ament_prefix_path.sh'
[0.407s] INFO:colcon.colcon_core.shell:Skip shell extension 'powershell' for command environment: Not usable outside of PowerShell
[0.408s] DEBUG:colcon.colcon_core.shell:Skip shell extension 'dsv' for command environment
[0.421s] INFO:colcon.colcon_ros.task.ament_python.build:Building ROS package in '/home/robotics/Robocon2025_R2/2025R2_ws/src/ps4' with build type 'ament_python'
[0.422s] Level 1:colcon.colcon_core.shell:create_environment_hook('ps4', 'ament_prefix_path')
[0.423s] INFO:colcon.colcon_core.shell:Creating environment hook '/home/robotics/Robocon2025_R2/2025R2_ws/install/ps4/share/ps4/hook/ament_prefix_path.ps1'
[0.424s] INFO:colcon.colcon_core.shell:Creating environment descriptor '/home/robotics/Robocon2025_R2/2025R2_ws/install/ps4/share/ps4/hook/ament_prefix_path.dsv'
[0.426s] INFO:colcon.colcon_core.shell:Creating environment hook '/home/robotics/Robocon2025_R2/2025R2_ws/install/ps4/share/ps4/hook/ament_prefix_path.sh'
[0.427s] INFO:colcon.colcon_core.shell:Skip shell extension 'powershell' for command environment: Not usable outside of PowerShell
[0.427s] DEBUG:colcon.colcon_core.shell:Skip shell extension 'dsv' for command environment
[0.865s] INFO:colcon.colcon_core.task.python.build:Building Python package in '/home/robotics/Robocon2025_R2/2025R2_ws/src/damiao'
[0.868s] INFO:colcon.colcon_core.shell:Skip shell extension 'powershell' for command environment: Not usable outside of PowerShell
[0.868s] DEBUG:colcon.colcon_core.shell:Skip shell extension 'dsv' for command environment
[1.350s] INFO:colcon.colcon_core.task.python.build:Building Python package in '/home/robotics/Robocon2025_R2/2025R2_ws/src/navigation'
[1.352s] INFO:colcon.colcon_core.shell:Skip shell extension 'powershell' for command environment: Not usable outside of PowerShell
[1.352s] DEBUG:colcon.colcon_core.shell:Skip shell extension 'dsv' for command environment
[1.744s] INFO:colcon.colcon_core.task.python.build:Building Python package in '/home/robotics/Robocon2025_R2/2025R2_ws/src/ps4'
[1.744s] INFO:colcon.colcon_core.shell:Skip shell extension 'powershell' for command environment: Not usable outside of PowerShell
[1.745s] DEBUG:colcon.colcon_core.shell:Skip shell extension 'dsv' for command environment
[3.020s] DEBUG:colcon.colcon_core.event_handler.log_command:Invoking command in '/home/robotics/Robocon2025_R2/2025R2_ws/build/navigation': DEBUGINFOD_URLS=https://debuginfod.ubuntu.com PS1=(venv) PYTHONPATH=/home/robotics/Robocon2025_R2/2025R2_ws/build/navigation/prefix_override:/usr/lib/python3/dist-packages/colcon_core/task/python/colcon_distutils_commands:/home/robotics/Robocon2025_R2/2025R2_ws/install/navigation/lib/python3.12/site-packages:${PYTHONPATH} /usr/bin/python3 -W ignore:setup.py install is deprecated -W ignore:easy_install command is deprecated setup.py develop --editable --build-directory /home/robotics/Robocon2025_R2/2025R2_ws/build/navigation/build --no-deps symlink_data
[3.030s] DEBUG:colcon.colcon_core.event_handler.log_command:Invoking command in '/home/robotics/Robocon2025_R2/2025R2_ws/build/damiao': DEBUGINFOD_URLS=https://debuginfod.ubuntu.com PS1=(venv) PYTHONPATH=/home/robotics/Robocon2025_R2/2025R2_ws/build/damiao/prefix_override:/usr/lib/python3/dist-packages/colcon_core/task/python/colcon_distutils_commands:/home/robotics/Robocon2025_R2/2025R2_ws/install/damiao/lib/python3.12/site-packages:${PYTHONPATH} /usr/bin/python3 -W ignore:setup.py install is deprecated -W ignore:easy_install command is deprecated setup.py develop --editable --build-directory /home/robotics/Robocon2025_R2/2025R2_ws/build/damiao/build --no-deps symlink_data
[3.115s] DEBUG:colcon.colcon_core.event_handler.log_command:Invoking command in '/home/robotics/Robocon2025_R2/2025R2_ws/build/ps4': DEBUGINFOD_URLS=https://debuginfod.ubuntu.com PS1=(venv) PYTHONPATH=/home/robotics/Robocon2025_R2/2025R2_ws/build/ps4/prefix_override:/usr/lib/python3/dist-packages/colcon_core/task/python/colcon_distutils_commands:/home/robotics/Robocon2025_R2/2025R2_ws/install/ps4/lib/python3.12/site-packages:${PYTHONPATH} /usr/bin/python3 -W ignore:setup.py install is deprecated -W ignore:easy_install command is deprecated setup.py develop --editable --build-directory /home/robotics/Robocon2025_R2/2025R2_ws/build/ps4/build --no-deps symlink_data
[4.347s] Level 1:colcon.colcon_core.shell:create_environment_hook('navigation', 'pythonpath_develop')
[4.348s] INFO:colcon.colcon_core.shell:Creating environment hook '/home/robotics/Robocon2025_R2/2025R2_ws/build/navigation/share/navigation/hook/pythonpath_develop.ps1'
[4.349s] DEBUG:colcon.colcon_core.event_handler.log_command:Invoked command in '/home/robotics/Robocon2025_R2/2025R2_ws/build/navigation' returned '0': DEBUGINFOD_URLS=https://debuginfod.ubuntu.com PS1=(venv) PYTHONPATH=/home/robotics/Robocon2025_R2/2025R2_ws/build/navigation/prefix_override:/usr/lib/python3/dist-packages/colcon_core/task/python/colcon_distutils_commands:/home/robotics/Robocon2025_R2/2025R2_ws/install/navigation/lib/python3.12/site-packages:${PYTHONPATH} /usr/bin/python3 -W ignore:setup.py install is deprecated -W ignore:easy_install command is deprecated setup.py develop --editable --build-directory /home/robotics/Robocon2025_R2/2025R2_ws/build/navigation/build --no-deps symlink_data
[4.351s] INFO:colcon.colcon_core.shell:Creating environment descriptor '/home/robotics/Robocon2025_R2/2025R2_ws/build/navigation/share/navigation/hook/pythonpath_develop.dsv'
[4.352s] INFO:colcon.colcon_core.shell:Creating environment hook '/home/robotics/Robocon2025_R2/2025R2_ws/build/navigation/share/navigation/hook/pythonpath_develop.sh'
[4.356s] Level 1:colcon.colcon_core.environment:checking '/home/robotics/Robocon2025_R2/2025R2_ws/install/navigation' for CMake module files
[4.357s] Level 1:colcon.colcon_core.environment:checking '/home/robotics/Robocon2025_R2/2025R2_ws/install/navigation' for CMake config files
[4.358s] Level 1:colcon.colcon_core.environment:checking '/home/robotics/Robocon2025_R2/2025R2_ws/install/navigation/lib'
[4.359s] Level 1:colcon.colcon_core.environment:checking '/home/robotics/Robocon2025_R2/2025R2_ws/install/navigation/bin'
[4.359s] Level 1:colcon.colcon_core.environment:checking '/home/robotics/Robocon2025_R2/2025R2_ws/install/navigation/lib/pkgconfig/navigation.pc'
[4.359s] Level 1:colcon.colcon_core.environment:checking '/home/robotics/Robocon2025_R2/2025R2_ws/install/navigation/lib/python3.12/site-packages'
[4.359s] Level 1:colcon.colcon_core.shell:create_environment_hook('navigation', 'pythonpath')
[4.360s] INFO:colcon.colcon_core.shell:Creating environment hook '/home/robotics/Robocon2025_R2/2025R2_ws/install/navigation/share/navigation/hook/pythonpath.ps1'
[4.367s] INFO:colcon.colcon_core.shell:Creating environment descriptor '/home/robotics/Robocon2025_R2/2025R2_ws/install/navigation/share/navigation/hook/pythonpath.dsv'
[4.375s] INFO:colcon.colcon_core.shell:Creating environment hook '/home/robotics/Robocon2025_R2/2025R2_ws/install/navigation/share/navigation/hook/pythonpath.sh'
[4.380s] Level 1:colcon.colcon_core.environment:checking '/home/robotics/Robocon2025_R2/2025R2_ws/install/navigation/bin'
[4.380s] Level 1:colcon.colcon_core.environment:create_environment_scripts_only(navigation)
[4.381s] INFO:colcon.colcon_core.shell:Creating package script '/home/robotics/Robocon2025_R2/2025R2_ws/install/navigation/share/navigation/package.ps1'
[4.386s] INFO:colcon.colcon_core.shell:Creating package descriptor '/home/robotics/Robocon2025_R2/2025R2_ws/install/navigation/share/navigation/package.dsv'
[4.390s] INFO:colcon.colcon_core.shell:Creating package script '/home/robotics/Robocon2025_R2/2025R2_ws/install/navigation/share/navigation/package.sh'
[4.393s] INFO:colcon.colcon_core.shell:Creating package script '/home/robotics/Robocon2025_R2/2025R2_ws/install/navigation/share/navigation/package.bash'
[4.395s] INFO:colcon.colcon_core.shell:Creating package script '/home/robotics/Robocon2025_R2/2025R2_ws/install/navigation/share/navigation/package.zsh'
[4.396s] Level 1:colcon.colcon_core.environment:create_file_with_runtime_dependencies(/home/robotics/Robocon2025_R2/2025R2_ws/install/navigation/share/colcon-core/packages/navigation)
[4.397s] Level 1:colcon.colcon_core.shell:create_environment_hook('damiao', 'pythonpath_develop')
[4.398s] INFO:colcon.colcon_core.shell:Creating environment hook '/home/robotics/Robocon2025_R2/2025R2_ws/build/damiao/share/damiao/hook/pythonpath_develop.ps1'
[4.399s] DEBUG:colcon.colcon_core.event_handler.log_command:Invoked command in '/home/robotics/Robocon2025_R2/2025R2_ws/build/damiao' returned '0': DEBUGINFOD_URLS=https://debuginfod.ubuntu.com PS1=(venv) PYTHONPATH=/home/robotics/Robocon2025_R2/2025R2_ws/build/damiao/prefix_override:/usr/lib/python3/dist-packages/colcon_core/task/python/colcon_distutils_commands:/home/robotics/Robocon2025_R2/2025R2_ws/install/damiao/lib/python3.12/site-packages:${PYTHONPATH} /usr/bin/python3 -W ignore:setup.py install is deprecated -W ignore:easy_install command is deprecated setup.py develop --editable --build-directory /home/robotics/Robocon2025_R2/2025R2_ws/build/damiao/build --no-deps symlink_data
[4.399s] INFO:colcon.colcon_core.shell:Creating environment descriptor '/home/robotics/Robocon2025_R2/2025R2_ws/build/damiao/share/damiao/hook/pythonpath_develop.dsv'
[4.400s] INFO:colcon.colcon_core.shell:Creating environment hook '/home/robotics/Robocon2025_R2/2025R2_ws/build/damiao/share/damiao/hook/pythonpath_develop.sh'
[4.401s] Level 1:colcon.colcon_core.environment:checking '/home/robotics/Robocon2025_R2/2025R2_ws/install/damiao' for CMake module files
[4.401s] Level 1:colcon.colcon_core.environment:checking '/home/robotics/Robocon2025_R2/2025R2_ws/install/damiao' for CMake config files
[4.402s] Level 1:colcon.colcon_core.environment:checking '/home/robotics/Robocon2025_R2/2025R2_ws/install/damiao/lib'
[4.402s] Level 1:colcon.colcon_core.environment:checking '/home/robotics/Robocon2025_R2/2025R2_ws/install/damiao/bin'
[4.402s] Level 1:colcon.colcon_core.environment:checking '/home/robotics/Robocon2025_R2/2025R2_ws/install/damiao/lib/pkgconfig/damiao.pc'
[4.403s] Level 1:colcon.colcon_core.environment:checking '/home/robotics/Robocon2025_R2/2025R2_ws/install/damiao/lib/python3.12/site-packages'
[4.403s] Level 1:colcon.colcon_core.shell:create_environment_hook('damiao', 'pythonpath')
[4.403s] INFO:colcon.colcon_core.shell:Creating environment hook '/home/robotics/Robocon2025_R2/2025R2_ws/install/damiao/share/damiao/hook/pythonpath.ps1'
[4.404s] INFO:colcon.colcon_core.shell:Creating environment descriptor '/home/robotics/Robocon2025_R2/2025R2_ws/install/damiao/share/damiao/hook/pythonpath.dsv'
[4.405s] INFO:colcon.colcon_core.shell:Creating environment hook '/home/robotics/Robocon2025_R2/2025R2_ws/install/damiao/share/damiao/hook/pythonpath.sh'
[4.406s] Level 1:colcon.colcon_core.environment:checking '/home/robotics/Robocon2025_R2/2025R2_ws/install/damiao/bin'
[4.406s] Level 1:colcon.colcon_core.environment:create_environment_scripts_only(damiao)
[4.407s] INFO:colcon.colcon_core.shell:Creating package script '/home/robotics/Robocon2025_R2/2025R2_ws/install/damiao/share/damiao/package.ps1'
[4.408s] INFO:colcon.colcon_core.shell:Creating package descriptor '/home/robotics/Robocon2025_R2/2025R2_ws/install/damiao/share/damiao/package.dsv'
[4.409s] INFO:colcon.colcon_core.shell:Creating package script '/home/robotics/Robocon2025_R2/2025R2_ws/install/damiao/share/damiao/package.sh'
[4.411s] INFO:colcon.colcon_core.shell:Creating package script '/home/robotics/Robocon2025_R2/2025R2_ws/install/damiao/share/damiao/package.bash'
[4.418s] INFO:colcon.colcon_core.shell:Creating package script '/home/robotics/Robocon2025_R2/2025R2_ws/install/damiao/share/damiao/package.zsh'
[4.423s] Level 1:colcon.colcon_core.environment:create_file_with_runtime_dependencies(/home/robotics/Robocon2025_R2/2025R2_ws/install/damiao/share/colcon-core/packages/damiao)
[4.531s] Level 1:colcon.colcon_core.shell:create_environment_hook('ps4', 'pythonpath_develop')
[4.532s] INFO:colcon.colcon_core.shell:Creating environment hook '/home/robotics/Robocon2025_R2/2025R2_ws/build/ps4/share/ps4/hook/pythonpath_develop.ps1'
[4.532s] DEBUG:colcon.colcon_core.event_handler.log_command:Invoked command in '/home/robotics/Robocon2025_R2/2025R2_ws/build/ps4' returned '0': DEBUGINFOD_URLS=https://debuginfod.ubuntu.com PS1=(venv) PYTHONPATH=/home/robotics/Robocon2025_R2/2025R2_ws/build/ps4/prefix_override:/usr/lib/python3/dist-packages/colcon_core/task/python/colcon_distutils_commands:/home/robotics/Robocon2025_R2/2025R2_ws/install/ps4/lib/python3.12/site-packages:${PYTHONPATH} /usr/bin/python3 -W ignore:setup.py install is deprecated -W ignore:easy_install command is deprecated setup.py develop --editable --build-directory /home/robotics/Robocon2025_R2/2025R2_ws/build/ps4/build --no-deps symlink_data
[4.533s] INFO:colcon.colcon_core.shell:Creating environment descriptor '/home/robotics/Robocon2025_R2/2025R2_ws/build/ps4/share/ps4/hook/pythonpath_develop.dsv'
[4.534s] INFO:colcon.colcon_core.shell:Creating environment hook '/home/robotics/Robocon2025_R2/2025R2_ws/build/ps4/share/ps4/hook/pythonpath_develop.sh'
[4.536s] Level 1:colcon.colcon_core.environment:checking '/home/robotics/Robocon2025_R2/2025R2_ws/install/ps4' for CMake module files
[4.537s] Level 1:colcon.colcon_core.environment:checking '/home/robotics/Robocon2025_R2/2025R2_ws/install/ps4' for CMake config files
[4.537s] Level 1:colcon.colcon_core.environment:checking '/home/robotics/Robocon2025_R2/2025R2_ws/install/ps4/lib'
[4.538s] Level 1:colcon.colcon_core.environment:checking '/home/robotics/Robocon2025_R2/2025R2_ws/install/ps4/bin'
[4.538s] Level 1:colcon.colcon_core.environment:checking '/home/robotics/Robocon2025_R2/2025R2_ws/install/ps4/lib/pkgconfig/ps4.pc'
[4.538s] Level 1:colcon.colcon_core.environment:checking '/home/robotics/Robocon2025_R2/2025R2_ws/install/ps4/lib/python3.12/site-packages'
[4.538s] Level 1:colcon.colcon_core.shell:create_environment_hook('ps4', 'pythonpath')
[4.538s] INFO:colcon.colcon_core.shell:Creating environment hook '/home/robotics/Robocon2025_R2/2025R2_ws/install/ps4/share/ps4/hook/pythonpath.ps1'
[4.539s] INFO:colcon.colcon_core.shell:Creating environment descriptor '/home/robotics/Robocon2025_R2/2025R2_ws/install/ps4/share/ps4/hook/pythonpath.dsv'
[4.541s] INFO:colcon.colcon_core.shell:Creating environment hook '/home/robotics/Robocon2025_R2/2025R2_ws/install/ps4/share/ps4/hook/pythonpath.sh'
[4.543s] Level 1:colcon.colcon_core.environment:checking '/home/robotics/Robocon2025_R2/2025R2_ws/install/ps4/bin'
[4.543s] Level 1:colcon.colcon_core.environment:create_environment_scripts_only(ps4)
[4.543s] INFO:colcon.colcon_core.shell:Creating package script '/home/robotics/Robocon2025_R2/2025R2_ws/install/ps4/share/ps4/package.ps1'
[4.544s] INFO:colcon.colcon_core.shell:Creating package descriptor '/home/robotics/Robocon2025_R2/2025R2_ws/install/ps4/share/ps4/package.dsv'
[4.546s] INFO:colcon.colcon_core.shell:Creating package script '/home/robotics/Robocon2025_R2/2025R2_ws/install/ps4/share/ps4/package.sh'
[4.548s] INFO:colcon.colcon_core.shell:Creating package script '/home/robotics/Robocon2025_R2/2025R2_ws/install/ps4/share/ps4/package.bash'
[4.549s] INFO:colcon.colcon_core.shell:Creating package script '/home/robotics/Robocon2025_R2/2025R2_ws/install/ps4/share/ps4/package.zsh'
[4.551s] Level 1:colcon.colcon_core.environment:create_file_with_runtime_dependencies(/home/robotics/Robocon2025_R2/2025R2_ws/install/ps4/share/colcon-core/packages/ps4)
[4.552s] DEBUG:colcon.colcon_parallel_executor.executor.parallel:closing loop
[4.553s] DEBUG:colcon.colcon_parallel_executor.executor.parallel:loop closed
[4.553s] DEBUG:colcon.colcon_parallel_executor.executor.parallel:run_until_complete finished with '0'
[4.553s] DEBUG:colcon.colcon_core.event_reactor:joining thread
[4.581s] INFO:colcon.colcon_core.plugin_system:Skipping extension 'colcon_notification.desktop_notification.terminal_notifier': Not used on non-Darwin systems
[4.581s] INFO:colcon.colcon_core.plugin_system:Skipping extension 'colcon_notification.desktop_notification.win32': Not used on non-Windows systems
[4.581s] INFO:colcon.colcon_notification.desktop_notification:Sending desktop notification using 'notify2'
[4.620s] DEBUG:colcon.colcon_core.event_reactor:joined thread
[4.623s] INFO:colcon.colcon_core.shell:Creating prefix script '/home/robotics/Robocon2025_R2/2025R2_ws/install/local_setup.ps1'
[4.627s] INFO:colcon.colcon_core.shell:Creating prefix util module '/home/robotics/Robocon2025_R2/2025R2_ws/install/_local_setup_util_ps1.py'
[4.629s] INFO:colcon.colcon_core.shell:Creating prefix chain script '/home/robotics/Robocon2025_R2/2025R2_ws/install/setup.ps1'
[4.630s] INFO:colcon.colcon_core.shell:Creating prefix script '/home/robotics/Robocon2025_R2/2025R2_ws/install/local_setup.sh'
[4.631s] INFO:colcon.colcon_core.shell:Creating prefix util module '/home/robotics/Robocon2025_R2/2025R2_ws/install/_local_setup_util_sh.py'
[4.632s] INFO:colcon.colcon_core.shell:Creating prefix chain script '/home/robotics/Robocon2025_R2/2025R2_ws/install/setup.sh'
[4.634s] INFO:colcon.colcon_core.shell:Creating prefix script '/home/robotics/Robocon2025_R2/2025R2_ws/install/local_setup.bash'
[4.636s] INFO:colcon.colcon_core.shell:Creating prefix chain script '/home/robotics/Robocon2025_R2/2025R2_ws/install/setup.bash'
[4.637s] INFO:colcon.colcon_core.shell:Creating prefix script '/home/robotics/Robocon2025_R2/2025R2_ws/install/local_setup.zsh'
[4.639s] INFO:colcon.colcon_core.shell:Creating prefix chain script '/home/robotics/Robocon2025_R2/2025R2_ws/install/setup.zsh'
