[2.778s] Invoking command in '/home/eric/2025R2_ws/build/navigation': DEBUGINFOD_URLS=https://debuginfod.ubuntu.com PYTHONPATH=/home/eric/2025R2_ws/build/navigation/prefix_override:/usr/lib/python3/dist-packages/colcon_core/task/python/colcon_distutils_commands:/home/eric/2025R2_ws/install/navigation/lib/python3.12/site-packages:${PYTHONPATH} /usr/bin/python3 -W ignore:setup.py install is deprecated -W ignore:easy_install command is deprecated setup.py develop --editable --build-directory /home/eric/2025R2_ws/build/navigation/build --no-deps symlink_data --force
[3.298s] running develop
[3.593s] running egg_info
[3.621s] writing navigation.egg-info/PKG-INFO
[3.622s] writing dependency_links to navigation.egg-info/dependency_links.txt
[3.622s] writing entry points to navigation.egg-info/entry_points.txt
[3.622s] writing requirements to navigation.egg-info/requires.txt
[3.622s] writing top-level names to navigation.egg-info/top_level.txt
[3.677s] reading manifest file 'navigation.egg-info/SOURCES.txt'
[3.679s] writing manifest file 'navigation.egg-info/SOURCES.txt'
[3.712s] running build_ext
[3.714s] Creating /home/eric/2025R2_ws/install/navigation/lib/python3.12/site-packages/navigation.egg-link (link to .)
[3.715s] Installing navigation_node script to /home/eric/2025R2_ws/install/navigation/lib/navigation
[3.716s] Installing omni_wheel_speed_node script to /home/eric/2025R2_ws/install/navigation/lib/navigation
[3.716s] 
[3.716s] Installed /home/eric/2025R2_ws/build/navigation
[3.716s] running symlink_data
[3.717s] symbolically linking /home/eric/2025R2_ws/build/navigation/resource/navigation -> /home/eric/2025R2_ws/install/navigation/share/ament_index/resource_index/packages
[3.718s] symbolically linking /home/eric/2025R2_ws/build/navigation/package.xml -> /home/eric/2025R2_ws/install/navigation/share/navigation
[3.866s] Invoked command in '/home/eric/2025R2_ws/build/navigation' returned '0': DEBUGINFOD_URLS=https://debuginfod.ubuntu.com PYTHONPATH=/home/eric/2025R2_ws/build/navigation/prefix_override:/usr/lib/python3/dist-packages/colcon_core/task/python/colcon_distutils_commands:/home/eric/2025R2_ws/install/navigation/lib/python3.12/site-packages:${PYTHONPATH} /usr/bin/python3 -W ignore:setup.py install is deprecated -W ignore:easy_install command is deprecated setup.py develop --editable --build-directory /home/eric/2025R2_ws/build/navigation/build --no-deps symlink_data --force
